########################
logging outputs to  /root/CS285_homework/hw4/cs285/scripts/../../data/obstacles-cs285-v0_obstacles_multi_l2_h250_mpcrandom_horizon10_actionseq1000_01-06-2024_22-04-56
########################
Using GPU id 0


********** Iteration 0 ************
Collecting data...
Training agent...
Evaluating 20 rollouts...
Average eval return: -35.51701354980469


********** Iteration 1 ************
Collecting data...
Training agent...
Evaluating 20 rollouts...
Average eval return: -47.205902635404


********** Iteration 2 ************
Collecting data...
Training agent...
Evaluating 20 rollouts...
Average eval return: -35.856005484546685


********** Iteration 3 ************
Collecting data...
Training agent...
Evaluating 20 rollouts...
Average eval return: -37.71192169189453


********** Iteration 4 ************
Collecting data...
Training agent...
Evaluating 20 rollouts...
Average eval return: -38.89079543209831


********** Iteration 5 ************
Collecting data...
Training agent...
Evaluating 20 rollouts...
Average eval return: -36.37723805463692


********** Iteration 6 ************
Collecting data...
Training agent...
Evaluating 20 rollouts...
Average eval return: -45.31261236150421


********** Iteration 7 ************
Collecting data...
Training agent...
Evaluating 20 rollouts...
Average eval return: -29.88271141052246


********** Iteration 8 ************
Collecting data...
Training agent...
Evaluating 20 rollouts...
Average eval return: -25.580259323120117


********** Iteration 9 ************
Collecting data...
Training agent...
Evaluating 20 rollouts...
Average eval return: -35.96954471354859


********** Iteration 10 ************
Collecting data...
Training agent...
Evaluating 20 rollouts...
Average eval return: -23.910058975219727


********** Iteration 11 ************
Collecting data...
Training agent...
Evaluating 20 rollouts...
Average eval return: -26.504409790039062

