########################
logging outputs to  /root/CS285_homework/hw4/cs285/scripts/../../data/cheetah-cs285-v0_cheetah_multi_l2_h250_mpcrandom_horizon15_actionseq1000_02-06-2024_08-16-53
########################
Using GPU id 0


********** Iteration 0 ************
Collecting data...
Training agent...
Evaluating 10 rollouts...
Average eval return: 157.88328385951183


********** Iteration 1 ************
Collecting data...
Training agent...
Evaluating 10 rollouts...
Average eval return: 279.4962824620851


********** Iteration 2 ************
Collecting data...
Training agent...
Evaluating 10 rollouts...
Average eval return: 328.44226374393213


********** Iteration 3 ************
Collecting data...
Training agent...
Evaluating 10 rollouts...
Average eval return: 343.535361897592


********** Iteration 4 ************
Collecting data...
Training agent...
Evaluating 10 rollouts...
Average eval return: 348.3175755966257


********** Iteration 5 ************
Collecting data...
Training agent...
Evaluating 10 rollouts...
Average eval return: 382.955512294959


********** Iteration 6 ************
Collecting data...
Training agent...
Evaluating 10 rollouts...
Average eval return: 358.56035806842476


********** Iteration 7 ************
Collecting data...
Training agent...
Evaluating 10 rollouts...
Average eval return: 369.96648041445934


********** Iteration 8 ************
Collecting data...
Training agent...
Evaluating 10 rollouts...
Average eval return: 381.71636887016973


********** Iteration 9 ************
Collecting data...
Training agent...
Evaluating 10 rollouts...
Average eval return: 384.1935462181391


********** Iteration 10 ************
Collecting data...
Training agent...
Evaluating 10 rollouts...
Average eval return: 417.5160768709146


********** Iteration 11 ************
Collecting data...
Training agent...
Evaluating 10 rollouts...
Average eval return: 392.2983369075745


********** Iteration 12 ************
Collecting data...
Training agent...
Evaluating 10 rollouts...
Average eval return: 397.21543895241325


********** Iteration 13 ************
Collecting data...
Training agent...
Evaluating 10 rollouts...
Average eval return: 415.164464040872


********** Iteration 14 ************
Collecting data...
Training agent...
Evaluating 10 rollouts...
Average eval return: 419.735689585232
