########################
logging outputs to  /root/CS285_homework/hw4/cs285/scripts/../../data/reacher-cs285-v0_reacher_ablation_l2_h250_mpcrandom_horizon10_actionseq1000_01-06-2024_22-03-31
########################
Using GPU id 0


********** Iteration 0 ************
Collecting data...
Training agent...
Evaluating 10 rollouts...
Average eval return: -425.4035995952192


********** Iteration 1 ************
Collecting data...
Training agent...
Evaluating 10 rollouts...
Average eval return: -284.2192833200192


********** Iteration 2 ************
Collecting data...
Training agent...
Evaluating 10 rollouts...
Average eval return: -267.2529769052974


********** Iteration 3 ************
Collecting data...
Training agent...
Evaluating 10 rollouts...
Average eval return: -284.7151299055547


********** Iteration 4 ************
Collecting data...
Training agent...
Evaluating 10 rollouts...
Average eval return: -306.23318939399906


********** Iteration 5 ************
Collecting data...
Training agent...
Evaluating 10 rollouts...
Average eval return: -278.7599885227304


********** Iteration 6 ************
Collecting data...
Training agent...
Evaluating 10 rollouts...
Average eval return: -270.90668040159585


********** Iteration 7 ************
Collecting data...
Training agent...
Evaluating 10 rollouts...
Average eval return: -278.16729932184097


********** Iteration 8 ************
Collecting data...
Training agent...
Evaluating 10 rollouts...
Average eval return: -269.2624646868399


********** Iteration 9 ************
Collecting data...
Training agent...
Evaluating 10 rollouts...
Average eval return: -275.8961695023565


********** Iteration 10 ************
Collecting data...
Training agent...
Evaluating 10 rollouts...
Average eval return: -273.9326620160231


********** Iteration 11 ************
Collecting data...
Training agent...
Evaluating 10 rollouts...
Average eval return: -270.8327275260372


********** Iteration 12 ************
Collecting data...
Training agent...
Evaluating 10 rollouts...
Average eval return: -266.64348094786203


********** Iteration 13 ************
Collecting data...
Training agent...
Evaluating 10 rollouts...
Average eval return: -273.8775978196896


********** Iteration 14 ************
Collecting data...
Training agent...
Evaluating 10 rollouts...
Average eval return: -284.14131556215654
