########################
logging outputs to  /root/CS285_homework/hw4/cs285/scripts/../../data/reacher-cs285-v0_reacher_ablation_l2_h250_mpcrandom_horizon10_actionseq1000_01-06-2024_22-03-27
########################
Using GPU id 0


********** Iteration 0 ************
Collecting data...
Training agent...
Evaluating 10 rollouts...
Average eval return: -399.0692643717281


********** Iteration 1 ************
Collecting data...
Training agent...
Evaluating 10 rollouts...
Average eval return: -277.47595198180323


********** Iteration 2 ************
Collecting data...
Training agent...
Evaluating 10 rollouts...
Average eval return: -271.7316838189503


********** Iteration 3 ************
Collecting data...
Training agent...
Evaluating 10 rollouts...
Average eval return: -260.13472958807074


********** Iteration 4 ************
Collecting data...
Training agent...
Evaluating 10 rollouts...
Average eval return: -272.8938092366524


********** Iteration 5 ************
Collecting data...
Training agent...
Evaluating 10 rollouts...
Average eval return: -265.2010740226282


********** Iteration 6 ************
Collecting data...
Training agent...
Evaluating 10 rollouts...
Average eval return: -259.36087847439944


********** Iteration 7 ************
Collecting data...
Training agent...
Evaluating 10 rollouts...
Average eval return: -273.7471576738586


********** Iteration 8 ************
Collecting data...
Training agent...
Evaluating 10 rollouts...
Average eval return: -263.05291144343727


********** Iteration 9 ************
Collecting data...
Training agent...
Evaluating 10 rollouts...
Average eval return: -267.27866237521414


********** Iteration 10 ************
Collecting data...
Training agent...
Evaluating 10 rollouts...
Average eval return: -269.7761900690891


********** Iteration 11 ************
Collecting data...
Training agent...
Evaluating 10 rollouts...
Average eval return: -263.2525073370457


********** Iteration 12 ************
Collecting data...
Training agent...
Evaluating 10 rollouts...
Average eval return: -264.9536509387833


********** Iteration 13 ************
Collecting data...
Training agent...
Evaluating 10 rollouts...
Average eval return: -258.7878880046345


********** Iteration 14 ************
Collecting data...
Training agent...
Evaluating 10 rollouts...
Average eval return: -266.1789291897971
