########################
logging outputs to  /root/CS285_homework/hw4/cs285/scripts/../../data/reacher-cs285-v0_reacher_ablation_l2_h250_mpcrandom_horizon10_actionseq1000_01-06-2024_22-02-00
########################
Using GPU id 0


********** Iteration 0 ************
Collecting data...
Training agent...
Evaluating 10 rollouts...
Average eval return: -383.81317911363385


********** Iteration 1 ************
Collecting data...
Training agent...
Evaluating 10 rollouts...
Average eval return: -283.34710210427335


********** Iteration 2 ************
Collecting data...
Training agent...
Evaluating 10 rollouts...
Average eval return: -281.29235482073324


********** Iteration 3 ************
Collecting data...
Training agent...
Evaluating 10 rollouts...
Average eval return: -288.57575268603057


********** Iteration 4 ************
Collecting data...
Training agent...
Evaluating 10 rollouts...
Average eval return: -276.0416702705194


********** Iteration 5 ************
Collecting data...
Training agent...
Evaluating 10 rollouts...
Average eval return: -273.4853713578698


********** Iteration 6 ************
Collecting data...
Training agent...
Evaluating 10 rollouts...
Average eval return: -269.76988808861734


********** Iteration 7 ************
Collecting data...
Training agent...
Evaluating 10 rollouts...
Average eval return: -268.0677494878736


********** Iteration 8 ************
Collecting data...
Training agent...
Evaluating 10 rollouts...
Average eval return: -273.9088611535779


********** Iteration 9 ************
Collecting data...
Training agent...
Evaluating 10 rollouts...
Average eval return: -268.7867492464044


********** Iteration 10 ************
Collecting data...
Training agent...
Evaluating 10 rollouts...
Average eval return: -278.0185933925815


********** Iteration 11 ************
Collecting data...
Training agent...
Evaluating 10 rollouts...
Average eval return: -274.4532419870262


********** Iteration 12 ************
Collecting data...
Training agent...
Evaluating 10 rollouts...
Average eval return: -269.7058782656282


********** Iteration 13 ************
Collecting data...
Training agent...
Evaluating 10 rollouts...
Average eval return: -268.06518460919773


********** Iteration 14 ************
Collecting data...
Training agent...
Evaluating 10 rollouts...
Average eval return: -282.4256227760743
