########################
logging outputs to  /root/CS285_homework/hw4/cs285/scripts/../../data/reacher-cs285-v0_reacher_multi_l2_h250_mpcrandom_horizon10_actionseq1000_01-06-2024_21-56-31
########################
Using GPU id 0


********** Iteration 0 ************
Collecting data...
Training agent...
Evaluating 10 rollouts...
Average eval return: -457.80915832094877


********** Iteration 1 ************
Collecting data...
Training agent...
Evaluating 10 rollouts...
Average eval return: -277.12387382032074


********** Iteration 2 ************
Collecting data...
Training agent...
Evaluating 10 rollouts...
Average eval return: -269.7199388302177


********** Iteration 3 ************
Collecting data...
Training agent...
Evaluating 10 rollouts...
Average eval return: -269.6542083998507


********** Iteration 4 ************
Collecting data...
Training agent...
Evaluating 10 rollouts...
Average eval return: -267.0174116583315


********** Iteration 5 ************
Collecting data...
Training agent...
Evaluating 10 rollouts...
Average eval return: -271.3568503564826


********** Iteration 6 ************
Collecting data...
Training agent...
Evaluating 10 rollouts...
Average eval return: -268.8236565708795


********** Iteration 7 ************
Collecting data...
Training agent...
Evaluating 10 rollouts...
Average eval return: -270.42118785096716


********** Iteration 8 ************
Collecting data...
Training agent...
Evaluating 10 rollouts...
Average eval return: -264.92555902829594


********** Iteration 9 ************
Collecting data...
Training agent...
Evaluating 10 rollouts...
Average eval return: -269.79324650049966


********** Iteration 10 ************
Collecting data...
Training agent...
Evaluating 10 rollouts...
Average eval return: -262.8820122533017


********** Iteration 11 ************
Collecting data...
Training agent...
Evaluating 10 rollouts...
Average eval return: -260.685247696365


********** Iteration 12 ************
Collecting data...
Training agent...
Evaluating 10 rollouts...
Average eval return: -264.6592489738288


********** Iteration 13 ************
Collecting data...
Training agent...
Evaluating 10 rollouts...
Average eval return: -266.4516295750425


********** Iteration 14 ************
Collecting data...
Training agent...
Evaluating 10 rollouts...
Average eval return: -261.0850418347702
