########################
logging outputs to  /root/CS285_homework/hw4/cs285/scripts/../../data/obstacles-cs285-v0_obstacles_multi_l2_h250_mpcrandom_horizon10_actionseq1000_02-06-2024_08-14-31
########################
Using GPU id 0


********** Iteration 0 ************
Collecting data...
Training agent...
Evaluating 20 rollouts...
Average eval return: -32.19218063354492


********** Iteration 1 ************
Collecting data...
Training agent...
Evaluating 20 rollouts...
Average eval return: -47.88132226370481


********** Iteration 2 ************
Collecting data...
Training agent...
Evaluating 20 rollouts...
Average eval return: -36.48342514038086


********** Iteration 3 ************
Collecting data...
Training agent...
Evaluating 20 rollouts...
Average eval return: -30.562183380126953


********** Iteration 4 ************
Collecting data...
Training agent...
Evaluating 20 rollouts...
Average eval return: -24.95010757446289


********** Iteration 5 ************
Collecting data...
Training agent...
Evaluating 20 rollouts...
Average eval return: -24.177562713623047


********** Iteration 6 ************
Collecting data...
Training agent...
Evaluating 20 rollouts...
Average eval return: -31.96547367595096


********** Iteration 7 ************
Collecting data...
Training agent...
Evaluating 20 rollouts...
Average eval return: -46.788190575776504


********** Iteration 8 ************
Collecting data...
Training agent...
Evaluating 20 rollouts...
Average eval return: -31.406463623046875


********** Iteration 9 ************
Collecting data...
Training agent...
Evaluating 20 rollouts...
Average eval return: -28.007923126220703


********** Iteration 10 ************
Collecting data...
Training agent...
Evaluating 20 rollouts...
Average eval return: -30.97280502319336


********** Iteration 11 ************
Collecting data...
Training agent...
Evaluating 20 rollouts...
Average eval return: -29.7681827545166
