--------------------
setting learning rate to 0.001
--------------------
########################
logging outputs to  /root/CS285_homework/hw3/cs285/scripts/../../data/hw3_dqn_dqn_LunarLander-v2_s64_l2_d0.99_doubleq_03-06-2024_11-14-42
########################
Using GPU id 0
Agent details:
{'training': True, '_parameters': OrderedDict(), '_buffers': OrderedDict(), '_non_persistent_buffers_set': set(), '_backward_pre_hooks': OrderedDict(), '_backward_hooks': OrderedDict(), '_is_full_backward_hook': None, '_forward_hooks': OrderedDict(), '_forward_hooks_with_kwargs': OrderedDict(), '_forward_hooks_always_called': OrderedDict(), '_forward_pre_hooks': OrderedDict(), '_forward_pre_hooks_with_kwargs': OrderedDict(), '_state_dict_hooks': OrderedDict(), '_state_dict_pre_hooks': OrderedDict(), '_load_state_dict_pre_hooks': OrderedDict(), '_load_state_dict_post_hooks': OrderedDict(), '_modules': OrderedDict([('critic', Sequential(
  (0): Linear(in_features=8, out_features=64, bias=True)
  (1): Tanh()
  (2): Linear(in_features=64, out_features=64, bias=True)
  (3): Tanh()
  (4): Linear(in_features=64, out_features=4, bias=True)
  (5): Identity()
)), ('target_critic', Sequential(
  (0): Linear(in_features=8, out_features=64, bias=True)
  (1): Tanh()
  (2): Linear(in_features=64, out_features=64, bias=True)
  (3): Tanh()
  (4): Linear(in_features=64, out_features=4, bias=True)
  (5): Identity()
)), ('critic_loss', MSELoss())]), 'critic_optimizer': Adam (
Parameter Group 0
    amsgrad: False
    betas: (0.9, 0.999)
    capturable: False
    differentiable: False
    eps: 1e-08
    foreach: None
    fused: None
    initial_lr: 0.001
    lr: 0.001
    maximize: False
    weight_decay: 0
), 'lr_scheduler': <torch.optim.lr_scheduler.ConstantLR object at 0x7faa62fb4cd0>, 'observation_shape': (8,), 'num_actions': 4, 'discount': 0.99, 'target_update_period': 1000, 'clip_grad_norm': None, 'use_double_q': True}

step : 0
eval_return : -458.44116
eval_ep_len : 73.1
eval return_std : 357.4192
eval return_max : 7.398056
eval return_min : -1263.4037
eval ep_len_std : 21.13977294107011
eval ep_len_max : 125
eval ep_len_min : 50

step : 10000
eval_return : -544.8638
eval_ep_len : 68.6
eval return_std : 178.73698
eval return_max : -81.687614
eval return_min : -744.78754
eval ep_len_std : 15.692036196746425
eval ep_len_max : 109
eval ep_len_min : 52

step : 20000
eval_return : -594.1301
eval_ep_len : 68.6
eval return_std : 198.10547
eval return_max : -350.498
eval return_min : -1043.7762
eval ep_len_std : 12.499599993599796
eval ep_len_max : 89
eval ep_len_min : 55

step : 30000
eval_return : -154.97177
eval_ep_len : 1000.0
eval return_std : 16.77307
eval return_max : -121.33311
eval return_min : -185.08842
eval ep_len_std : 0.0
eval ep_len_max : 1000
eval ep_len_min : 1000

step : 40000
eval_return : -147.50648
eval_ep_len : 1000.0
eval return_std : 24.874037
eval return_max : -121.29877
eval return_min : -194.91798
eval ep_len_std : 0.0
eval ep_len_max : 1000
eval ep_len_min : 1000

step : 50000
eval_return : -28.46756
eval_ep_len : 1000.0
eval return_std : 22.106005
eval return_max : 2.040907
eval return_min : -64.770836
eval ep_len_std : 0.0
eval ep_len_max : 1000
eval ep_len_min : 1000

step : 60000
eval_return : -201.92232
eval_ep_len : 625.4
eval return_std : 28.05928
eval return_max : -154.36453
eval return_min : -261.85944
eval ep_len_std : 78.21534376322845
eval ep_len_max : 736
eval ep_len_min : 464

step : 70000
eval_return : -142.30585
eval_ep_len : 864.4
eval return_std : 65.1858
eval return_max : -88.67516
eval return_min : -278.97528
eval ep_len_std : 208.66825345509557
eval ep_len_max : 1000
eval ep_len_min : 505

step : 80000
eval_return : -46.195244
eval_ep_len : 1000.0
eval return_std : 15.203522
eval return_max : -15.327115
eval return_min : -64.617226
eval ep_len_std : 0.0
eval ep_len_max : 1000
eval ep_len_min : 1000

step : 90000
eval_return : -57.025127
eval_ep_len : 948.6
eval return_std : 63.11943
eval return_max : -7.8989096
eval return_min : -235.16129
eval ep_len_std : 154.2
eval ep_len_max : 1000
eval ep_len_min : 486

step : 100000
eval_return : -21.03867
eval_ep_len : 1000.0
eval return_std : 12.046575
eval return_max : 1.0327188
eval return_min : -33.354286
eval ep_len_std : 0.0
eval ep_len_max : 1000
eval ep_len_min : 1000

step : 110000
eval_return : -161.49323
eval_ep_len : 872.6
eval return_std : 75.62427
eval return_max : -51.414425
eval return_min : -307.5158
eval ep_len_std : 129.02883398682636
eval ep_len_max : 1000
eval ep_len_min : 634

step : 120000
eval_return : -36.161385
eval_ep_len : 1000.0
eval return_std : 31.92572
eval return_max : -1.1383961
eval return_min : -109.1114
eval ep_len_std : 0.0
eval ep_len_max : 1000
eval ep_len_min : 1000

step : 130000
eval_return : -85.99361
eval_ep_len : 831.1
eval return_std : 34.934032
eval return_max : -7.407129
eval return_min : -130.44226
eval ep_len_std : 338.2615703859958
eval ep_len_max : 1000
eval ep_len_min : 116

step : 140000
eval_return : -35.50992
eval_ep_len : 1000.0
eval return_std : 22.050224
eval return_max : -11.043646
eval return_min : -72.1641
eval ep_len_std : 0.0
eval ep_len_max : 1000
eval ep_len_min : 1000

step : 150000
eval_return : -28.887014
eval_ep_len : 1000.0
eval return_std : 10.736733
eval return_max : -8.941168
eval return_min : -41.38311
eval ep_len_std : 0.0
eval ep_len_max : 1000
eval ep_len_min : 1000

step : 160000
