--------------------
setting learning rate to 0.001
--------------------
########################
logging outputs to  /root/CS285_homework/hw3/cs285/scripts/../../data/hw3_dqn_dqn_LunarLander-v2_s64_l2_d0.99_doubleq_03-06-2024_11-14-48
########################
Using GPU id 0
Agent details:
{'training': True, '_parameters': OrderedDict(), '_buffers': OrderedDict(), '_non_persistent_buffers_set': set(), '_backward_pre_hooks': OrderedDict(), '_backward_hooks': OrderedDict(), '_is_full_backward_hook': None, '_forward_hooks': OrderedDict(), '_forward_hooks_with_kwargs': OrderedDict(), '_forward_hooks_always_called': OrderedDict(), '_forward_pre_hooks': OrderedDict(), '_forward_pre_hooks_with_kwargs': OrderedDict(), '_state_dict_hooks': OrderedDict(), '_state_dict_pre_hooks': OrderedDict(), '_load_state_dict_pre_hooks': OrderedDict(), '_load_state_dict_post_hooks': OrderedDict(), '_modules': OrderedDict([('critic', Sequential(
  (0): Linear(in_features=8, out_features=64, bias=True)
  (1): Tanh()
  (2): Linear(in_features=64, out_features=64, bias=True)
  (3): Tanh()
  (4): Linear(in_features=64, out_features=4, bias=True)
  (5): Identity()
)), ('target_critic', Sequential(
  (0): Linear(in_features=8, out_features=64, bias=True)
  (1): Tanh()
  (2): Linear(in_features=64, out_features=64, bias=True)
  (3): Tanh()
  (4): Linear(in_features=64, out_features=4, bias=True)
  (5): Identity()
)), ('critic_loss', MSELoss())]), 'critic_optimizer': Adam (
Parameter Group 0
    amsgrad: False
    betas: (0.9, 0.999)
    capturable: False
    differentiable: False
    eps: 1e-08
    foreach: None
    fused: None
    initial_lr: 0.001
    lr: 0.001
    maximize: False
    weight_decay: 0
), 'lr_scheduler': <torch.optim.lr_scheduler.ConstantLR object at 0x7f57401b0cd0>, 'observation_shape': (8,), 'num_actions': 4, 'discount': 0.99, 'target_update_period': 1000, 'clip_grad_norm': None, 'use_double_q': True}

step : 0
eval_return : -435.51645
eval_ep_len : 68.2
eval return_std : 288.8004
eval return_max : -99.310936
eval return_min : -998.19806
eval ep_len_std : 19.38452991434149
eval ep_len_max : 116
eval ep_len_min : 51

step : 10000
eval_return : -477.43442
eval_ep_len : 65.2
eval return_std : 273.2965
eval return_max : -91.321815
eval return_min : -865.82715
eval ep_len_std : 12.408061895396878
eval ep_len_max : 86
eval ep_len_min : 49

step : 20000
eval_return : -463.76627
eval_ep_len : 67.1
eval return_std : 215.02516
eval return_max : -31.400803
eval return_min : -710.0724
eval ep_len_std : 9.544108130150246
eval ep_len_max : 80
eval ep_len_min : 48

step : 30000
eval_return : -213.4996
eval_ep_len : 890.8
eval return_std : 57.000114
eval return_max : -115.60937
eval return_min : -308.2547
eval ep_len_std : 144.48377071491456
eval ep_len_max : 1000
eval ep_len_min : 584

step : 40000
eval_return : -254.62285
eval_ep_len : 791.2
eval return_std : 67.6631
eval return_max : -135.80751
eval return_min : -335.3086
eval ep_len_std : 186.64822527953487
eval ep_len_max : 1000
eval ep_len_min : 452

step : 50000
eval_return : -158.09393
eval_ep_len : 1000.0
eval return_std : 17.05495
eval return_max : -130.05202
eval return_min : -182.2257
eval ep_len_std : 0.0
eval ep_len_max : 1000
eval ep_len_min : 1000

step : 60000
eval_return : -104.60726
eval_ep_len : 655.4
eval return_std : 16.968369
eval return_max : -66.86035
eval return_min : -134.31808
eval ep_len_std : 348.9140868466047
eval ep_len_max : 1000
eval ep_len_min : 238

step : 70000
eval_return : -136.89565
eval_ep_len : 617.9
eval return_std : 78.36329
eval return_max : -31.12761
eval return_min : -320.0627
eval ep_len_std : 327.9839782672318
eval ep_len_max : 1000
eval ep_len_min : 262

step : 80000
eval_return : -86.488144
eval_ep_len : 797.0
eval return_std : 54.67041
eval return_max : -4.1922827
eval return_min : -190.14008
eval ep_len_std : 257.4233866609637
eval ep_len_max : 1000
eval ep_len_min : 363

step : 90000
eval_return : -78.69621
eval_ep_len : 855.4
eval return_std : 53.24542
eval return_max : -32.765675
eval return_min : -179.63782
eval ep_len_std : 227.93911467758227
eval ep_len_max : 1000
eval ep_len_min : 387

step : 100000
eval_return : -29.835346
eval_ep_len : 1000.0
eval return_std : 16.399506
eval return_max : -9.203798
eval return_min : -61.78282
eval ep_len_std : 0.0
eval ep_len_max : 1000
eval ep_len_min : 1000

step : 110000
eval_return : -34.88407
eval_ep_len : 1000.0
eval return_std : 18.510525
eval return_max : -2.6989846
eval return_min : -60.456417
eval ep_len_std : 0.0
eval ep_len_max : 1000
eval ep_len_min : 1000

step : 120000
eval_return : -30.77889
eval_ep_len : 933.8
eval return_std : 20.647753
eval return_max : 8.5013
eval return_min : -73.748116
eval ep_len_std : 198.60000000000002
eval ep_len_max : 1000
eval ep_len_min : 338

step : 130000
eval_return : -89.90525
eval_ep_len : 981.0
eval return_std : 87.75015
eval return_max : -31.521927
eval return_min : -305.9051
eval ep_len_std : 57.0
eval ep_len_max : 1000
eval ep_len_min : 810

step : 140000
eval_return : -4.9915857
eval_ep_len : 927.5
eval return_std : 80.99663
eval return_max : 222.30356
eval return_min : -82.2772
eval ep_len_std : 217.5
eval ep_len_max : 1000
eval ep_len_min : 275

step : 150000
eval_return : -36.51556
eval_ep_len : 1000.0
eval return_std : 30.352139
eval return_max : 10.064678
eval return_min : -89.852936
eval ep_len_std : 0.0
eval ep_len_max : 1000
eval ep_len_min : 1000

step : 160000
eval_return : -30.86736
eval_ep_len : 1000.0
eval return_std : 22.467295
eval return_max : 3.1739452
eval return_min : -66.0846
eval ep_len_std : 0.0
eval ep_len_max : 1000
eval ep_len_min : 1000

step : 170000
