/opt/conda/envs/CS285/lib/python3.10/site-packages/gym/core.py:317: DeprecationWarning: [33mWARN: Initializing wrapper in old step API which returns one bool instead of two. It is recommended to set `new_step_api=True` to use new step API. This will be the default behaviour in future.[0m
deprecation(
/opt/conda/envs/CS285/lib/python3.10/site-packages/gym/wrappers/step_api_compatibility.py:39: DeprecationWarning: [33mWARN: Initializing environment in old step API which returns one bool instead of two. It is recommended to set `new_step_api=True` to use new step API. This will be the default behaviour in future.[0m
deprecation(
[INFO] setting additional args:
{'bird method': False}
########################
logging outputs to  /root/CS285_homework/hw3/cs285/scripts/../../data/hw3_sac_sac_humanoid_Humanoid-v4_reparametrize_s256_l3_alr0.0003_clr0.0003_b256_d0.99_t0.05_stu0.005_doubleq_04-06-2024_08-04-29
########################
Using GPU id 0
agent info:
{'training': True, '_parameters': OrderedDict(), '_buffers': OrderedDict(), '_non_persistent_buffers_set': set(), '_backward_pre_hooks': OrderedDict(), '_backward_hooks': OrderedDict(), '_is_full_backward_hook': None, '_forward_hooks': OrderedDict(), '_forward_hooks_with_kwargs': OrderedDict(), '_forward_hooks_always_called': OrderedDict(), '_forward_pre_hooks': OrderedDict(), '_forward_pre_hooks_with_kwargs': OrderedDict(), '_state_dict_hooks': OrderedDict(), '_state_dict_pre_hooks': OrderedDict(), '_load_state_dict_pre_hooks': OrderedDict(), '_load_state_dict_post_hooks': OrderedDict(), '_modules': OrderedDict([('actor', MLPPolicy(
(net): Sequential(
(0): Linear(in_features=376, out_features=256, bias=True)
(1): Tanh()
(2): Linear(in_features=256, out_features=256, bias=True)
(3): Tanh()
(4): Linear(in_features=256, out_features=256, bias=True)
(5): Tanh()
(6): Linear(in_features=256, out_features=34, bias=True)
(7): Identity()
)
)), ('critics', ModuleList(
(0-1): 2 x StateActionCritic(
(net): Sequential(
(0): Linear(in_features=393, out_features=256, bias=True)
(1): Tanh()
(2): Linear(in_features=256, out_features=256, bias=True)
(3): Tanh()
(4): Linear(in_features=256, out_features=256, bias=True)
(5): Tanh()
(6): Linear(in_features=256, out_features=1, bias=True)
(7): Identity()
)
)
)), ('target_critics', ModuleList(
(0-1): 2 x StateActionCritic(
(net): Sequential(
(0): Linear(in_features=393, out_features=256, bias=True)
(1): Tanh()
(2): Linear(in_features=256, out_features=256, bias=True)
(3): Tanh()
(4): Linear(in_features=256, out_features=256, bias=True)
(5): Tanh()
(6): Linear(in_features=256, out_features=1, bias=True)
(7): Identity()
)
)
)), ('critic_loss', MSELoss())]), 'actor_optimizer': Adam (
Parameter Group 0
amsgrad: False
betas: (0.9, 0.999)
capturable: False
differentiable: False
eps: 1e-08
foreach: None
fused: None
initial_lr: 0.0003
lr: 0.0003
maximize: False
weight_decay: 0
), 'actor_lr_scheduler': <torch.optim.lr_scheduler.ConstantLR object at 0x7fd358305600>, 'critic_optimizer': Adam (
Parameter Group 0
amsgrad: False
betas: (0.9, 0.999)
capturable: False
differentiable: False
eps: 1e-08
foreach: None
fused: None
initial_lr: 0.0003
lr: 0.0003
maximize: False
weight_decay: 0
), 'critic_lr_scheduler': <torch.optim.lr_scheduler.ConstantLR object at 0x7fd344660a00>, 'observation_shape': (376,), 'action_dim': 17, 'discount': 0.99, 'target_update_period': None, 'target_critic_backup_type': 'doubleq', 'num_critic_networks': 2, 'use_entropy_bonus': True, 'temperature': 0.05, 'actor_gradient_type': 'reparametrize', 'num_actor_samples': 1, 'num_critic_updates': 1, 'soft_target_update_rate': 0.005, 'backup_entropy': True}
/opt/conda/envs/CS285/lib/python3.10/site-packages/gym/utils/passive_env_checker.py:241: DeprecationWarning: `np.bool8` is a deprecated alias for `np.bool_`.  (Deprecated NumPy 1.24)
if not isinstance(terminated, (bool, np.bool8)):
step : 0
/opt/conda/envs/CS285/lib/python3.10/site-packages/tensorboardX/summary.py:153: DeprecationWarning: Conversion of an array with ndim > 0 to a scalar is deprecated, and will error in future. Ensure you extract a single element from your array before performing this operation. (Deprecated NumPy 1.25.)
scalar = float(scalar)
eval_return : 141.07742
eval_ep_len : 27.9
eval/return_std : 42.719044
eval/return_max : 215.7714
eval/return_min : 89.573
eval/ep_len_std : 8.312039460926542
eval/ep_len_max : 43
eval/ep_len_min : 18
step : 5000
eval_return : 112.522934
eval_ep_len : 22.1
eval/return_std : 26.432514
eval/return_max : 169.22575
eval/return_min : 89.67584
eval/ep_len_std : 4.846648326421054
eval/ep_len_max : 33
eval/ep_len_min : 18
step : 10000
eval_return : 125.13694
eval_ep_len : 24.8
eval/return_std : 33.43916
eval/return_max : 195.20897
eval/return_min : 94.21051
eval/ep_len_std : 6.49307323229917
eval/ep_len_max : 38
eval/ep_len_min : 19
step : 15000
eval_return : 324.3793
eval_ep_len : 65.5
eval/return_std : 81.906906
eval/return_max : 471.8309
eval/return_min : 195.73901
eval/ep_len_std : 16.716758058906038
eval/ep_len_max : 97
eval/ep_len_min : 40
step : 20000
eval_return : 382.87576
eval_ep_len : 74.6
eval/return_std : 106.72752
eval/return_max : 565.0246
eval/return_min : 239.38011
eval/ep_len_std : 23.221541723150082
eval/ep_len_max : 117
eval/ep_len_min : 48
step : 25000
eval_return : 208.2472
eval_ep_len : 42.3
eval/return_std : 54.110058
eval/return_max : 313.4419
eval/return_min : 156.90666
eval/ep_len_std : 9.176600677810928
eval/ep_len_max : 60
eval/ep_len_min : 32
step : 30000
eval_return : 369.29547
eval_ep_len : 72.4
eval/return_std : 153.76826
eval/return_max : 800.1466
eval/return_min : 241.6613
eval/ep_len_std : 34.15025622158639
eval/ep_len_max : 169
eval/ep_len_min : 48
step : 35000
eval_return : 423.9743
eval_ep_len : 83.2
eval/return_std : 99.52982
eval/return_max : 571.6779
eval/return_min : 276.23523
eval/ep_len_std : 20.793268141396148
eval/ep_len_max : 119
eval/ep_len_min : 51
step : 40000
eval_return : 344.40646
eval_ep_len : 68.9
eval/return_std : 100.941444
eval/return_max : 494.3205
eval/return_min : 215.3995
eval/ep_len_std : 19.475369059404244
eval/ep_len_max : 103
eval/ep_len_min : 44
step : 45000
eval_return : 378.07587
eval_ep_len : 74.9
eval/return_std : 153.53197
eval/return_max : 792.4249
eval/return_min : 212.34586
eval/ep_len_std : 29.398809499705937
eval/ep_len_max : 151
eval/ep_len_min : 40
step : 50000
eval_return : 345.14883
eval_ep_len : 68.4
eval/return_std : 29.912361
eval/return_max : 386.92297
eval/return_min : 290.64764
eval/ep_len_std : 6.483826030978931
eval/ep_len_max : 81
eval/ep_len_min : 56
step : 55000
eval_return : 345.7442
eval_ep_len : 66.5
eval/return_std : 52.776302
eval/return_max : 418.96475
eval/return_min : 267.4954
eval/ep_len_std : 10.791200118615167
eval/ep_len_max : 85
eval/ep_len_min : 52
step : 60000
eval_return : 325.14398
eval_ep_len : 63.5
eval/return_std : 74.8097
eval/return_max : 427.34396
eval/return_min : 172.7546
eval/ep_len_std : 12.776932339180638
eval/ep_len_max : 80
eval/ep_len_min : 36
step : 65000
eval_return : 455.62225
eval_ep_len : 87.6
eval/return_std : 129.99292
eval/return_max : 741.4404
eval/return_min : 310.45987
eval/ep_len_std : 26.480936539329573
eval/ep_len_max : 141
eval/ep_len_min : 56
step : 70000
eval_return : 367.16437
eval_ep_len : 72.3
eval/return_std : 32.21492
eval/return_max : 417.5214
eval/return_min : 300.56668
eval/ep_len_std : 5.933801479658719
eval/ep_len_max : 83
eval/ep_len_min : 59
step : 75000
eval_return : 388.61127
eval_ep_len : 74.5
eval/return_std : 69.45179
eval/return_max : 534.4126
eval/return_min : 292.38263
eval/ep_len_std : 14.030324301312497
eval/ep_len_max : 101
eval/ep_len_min : 55
step : 80000
eval_return : 380.34702
eval_ep_len : 72.6
eval/return_std : 62.849373
eval/return_max : 520.41736
eval/return_min : 303.98434
eval/ep_len_std : 12.076423311560422
eval/ep_len_max : 101
eval/ep_len_min : 60
step : 85000
eval_return : 408.6496
eval_ep_len : 84.0
eval/return_std : 72.07437
eval/return_max : 523.98425
eval/return_min : 288.46143
eval/ep_len_std : 15.0
eval/ep_len_max : 105
eval/ep_len_min : 57
step : 90000
eval_return : 392.1065
eval_ep_len : 77.3
eval/return_std : 83.42909
eval/return_max : 534.79047
eval/return_min : 304.04968
eval/ep_len_std : 13.89280389266328
eval/ep_len_max : 100
eval/ep_len_min : 59
step : 95000
eval_return : 399.8736
eval_ep_len : 78.0
eval/return_std : 71.1599
eval/return_max : 583.8329
eval/return_min : 318.18445
eval/ep_len_std : 14.219704638282751
eval/ep_len_max : 114
eval/ep_len_min : 64
step : 100000
eval_return : 402.8018
eval_ep_len : 78.5
eval/return_std : 82.67948
eval/return_max : 540.122
eval/return_min : 280.12054
eval/ep_len_std : 13.785862323409443
eval/ep_len_max : 100
eval/ep_len_min : 58
step : 105000
eval_return : 423.1905
eval_ep_len : 82.3
eval/return_std : 57.967785
eval/return_max : 538.0551
eval/return_min : 349.64294
eval/ep_len_std : 10.761505470890214
eval/ep_len_max : 103
eval/ep_len_min : 69
step : 110000
eval_return : 369.66266
eval_ep_len : 73.2
eval/return_std : 81.775375
eval/return_max : 528.7477
eval/return_min : 270.39792
eval/ep_len_std : 14.295453822806746
eval/ep_len_max : 104
eval/ep_len_min : 56
step : 115000
eval_return : 394.98148
eval_ep_len : 78.9
eval/return_std : 118.14391
eval/return_max : 657.7316
eval/return_min : 258.4643
eval/ep_len_std : 18.976037521042162
eval/ep_len_max : 123
eval/ep_len_min : 57
step : 120000
eval_return : 343.38718
eval_ep_len : 71.2
eval/return_std : 78.966064
eval/return_max : 460.23273
eval/return_min : 234.0925
eval/ep_len_std : 14.837789592793127
eval/ep_len_max : 96
eval/ep_len_min : 52
step : 125000
eval_return : 380.1281
eval_ep_len : 73.6
eval/return_std : 50.510582
eval/return_max : 459.57837
eval/return_min : 274.78458
eval/ep_len_std : 11.663618649458668
eval/ep_len_max : 96
eval/ep_len_min : 55
step : 130000
eval_return : 406.08417
eval_ep_len : 81.2
eval/return_std : 175.57239
eval/return_max : 809.37396
eval/return_min : 172.71695
eval/ep_len_std : 33.43590884064616
eval/ep_len_max : 160
eval/ep_len_min : 37
step : 135000
eval_return : 423.28412
eval_ep_len : 86.2
eval/return_std : 86.89121
eval/return_max : 576.9472
eval/return_min : 257.66647
eval/ep_len_std : 18.280043763623762
eval/ep_len_max : 115
eval/ep_len_min : 51
step : 140000
eval_return : 395.96246
eval_ep_len : 79.0
eval/return_std : 95.80734
eval/return_max : 560.82513
eval/return_min : 236.90115
eval/ep_len_std : 17.029386365926403
eval/ep_len_max : 104
eval/ep_len_min : 53
step : 145000
eval_return : 366.51996
eval_ep_len : 74.3
eval/return_std : 146.47446
eval/return_max : 765.1823
eval/return_min : 227.64772
eval/ep_len_std : 26.30228126988228
eval/ep_len_max : 146
eval/ep_len_min : 50
step : 150000
eval_return : 432.93896
eval_ep_len : 87.6
eval/return_std : 128.78737
eval/return_max : 769.71387
eval/return_min : 319.4984
eval/ep_len_std : 26.721526902480704
eval/ep_len_max : 149
eval/ep_len_min : 63
step : 155000
eval_return : 405.6577
eval_ep_len : 79.3
eval/return_std : 145.21802
eval/return_max : 702.9922
eval/return_min : 139.7795
eval/ep_len_std : 27.673272303795226
eval/ep_len_max : 128
eval/ep_len_min : 31
step : 160000
eval_return : 415.00397
eval_ep_len : 84.1
eval/return_std : 99.48992
eval/return_max : 618.3889
eval/return_min : 276.9177
eval/ep_len_std : 18.468622038473796
eval/ep_len_max : 118
eval/ep_len_min : 55
step : 165000
eval_return : 319.8438
eval_ep_len : 64.3
eval/return_std : 87.47339
eval/return_max : 483.3267
eval/return_min : 169.26474
eval/ep_len_std : 18.69251186973008
eval/ep_len_max : 91
eval/ep_len_min : 31
step : 170000
eval_return : 383.10944
eval_ep_len : 78.8
eval/return_std : 57.25584
eval/return_max : 475.6779
eval/return_min : 279.12442
eval/ep_len_std : 13.013838787997951
eval/ep_len_max : 107
eval/ep_len_min : 63
step : 175000
eval_return : 376.20572
eval_ep_len : 75.4
eval/return_std : 78.28073
eval/return_max : 488.39975
eval/return_min : 276.95267
eval/ep_len_std : 17.344739836619055
eval/ep_len_max : 100
eval/ep_len_min : 55
step : 180000
eval_return : 364.5738
eval_ep_len : 74.2
eval/return_std : 87.77347
eval/return_max : 497.18295
eval/return_min : 235.57529
eval/ep_len_std : 17.13359273474189
eval/ep_len_max : 104
eval/ep_len_min : 48
step : 185000
eval_return : 408.1257
eval_ep_len : 79.0
eval/return_std : 138.88779
eval/return_max : 698.293
eval/return_min : 174.21619
eval/ep_len_std : 27.473623714391955
eval/ep_len_max : 143
eval/ep_len_min : 33
step : 190000
eval_return : 401.87982
eval_ep_len : 81.0
eval/return_std : 139.66048
eval/return_max : 641.91315
eval/return_min : 220.34042
eval/ep_len_std : 26.76191323504357
eval/ep_len_max : 127
eval/ep_len_min : 50
step : 195000
eval_return : 384.02808
eval_ep_len : 77.2
eval/return_std : 60.685497
eval/return_max : 462.61362
eval/return_min : 250.41609
eval/ep_len_std : 15.071828024496565
eval/ep_len_max : 102
eval/ep_len_min : 48
step : 200000
eval_return : 329.04498
eval_ep_len : 63.4
eval/return_std : 55.894215
eval/return_max : 418.52863
eval/return_min : 233.51344
eval/ep_len_std : 11.740528097151337
eval/ep_len_max : 85
eval/ep_len_min : 44
step : 205000
eval_return : 368.51657
eval_ep_len : 79.2
eval/return_std : 79.43299
eval/return_max : 531.216
eval/return_min : 227.36017
eval/ep_len_std : 17.39425192412712
eval/ep_len_max : 110
eval/ep_len_min : 47
step : 210000
eval_return : 391.09564
eval_ep_len : 78.1
eval/return_std : 89.2304
eval/return_max : 621.08685
eval/return_min : 287.6753
eval/ep_len_std : 18.517289218457435
eval/ep_len_max : 131
eval/ep_len_min : 59
step : 215000
eval_return : 371.28897
eval_ep_len : 75.4
eval/return_std : 81.55941
eval/return_max : 547.008
eval/return_min : 259.40747
eval/ep_len_std : 16.66253282067285
eval/ep_len_max : 110
eval/ep_len_min : 56
step : 220000
eval_return : 428.24115
eval_ep_len : 84.6
eval/return_std : 145.85696
eval/return_max : 786.52045
eval/return_min : 309.17502
eval/ep_len_std : 26.499811320083015
eval/ep_len_max : 151
eval/ep_len_min : 62
step : 225000
eval_return : 272.30704
eval_ep_len : 57.7
eval/return_std : 116.31996
eval/return_max : 527.3031
eval/return_min : 116.61783
eval/ep_len_std : 22.84316090211685
eval/ep_len_max : 105
eval/ep_len_min : 24
step : 230000
eval_return : 405.81955
eval_ep_len : 79.4
eval/return_std : 122.570755
eval/return_max : 655.46375
eval/return_min : 254.54962
eval/ep_len_std : 20.040958060931118
eval/ep_len_max : 123
eval/ep_len_min : 52
step : 235000
eval_return : 443.98145
eval_ep_len : 89.5
eval/return_std : 117.77188
eval/return_max : 628.4091
eval/return_min : 285.80045
eval/ep_len_std : 21.308449028495716
eval/ep_len_max : 125
eval/ep_len_min : 62
step : 240000
eval_return : 384.33658
eval_ep_len : 81.5
eval/return_std : 66.13132
eval/return_max : 479.79138
eval/return_min : 290.64157
eval/ep_len_std : 11.047624178980746
eval/ep_len_max : 100
eval/ep_len_min : 67
step : 245000
eval_return : 453.28424
eval_ep_len : 92.1
eval/return_std : 133.87021
eval/return_max : 688.7898
eval/return_min : 283.54208
eval/ep_len_std : 25.089639295932496
eval/ep_len_max : 139
eval/ep_len_min : 57
step : 250000
eval_return : 379.90756
eval_ep_len : 80.1
eval/return_std : 80.27575
eval/return_max : 565.66534
eval/return_min : 258.30557
eval/ep_len_std : 19.09685838037241
eval/ep_len_max : 124
eval/ep_len_min : 48
step : 255000
eval_return : 340.94128
eval_ep_len : 70.2
eval/return_std : 56.557167
eval/return_max : 432.49014
eval/return_min : 262.91888
eval/ep_len_std : 10.361467077590895
eval/ep_len_max : 89
eval/ep_len_min : 58
step : 260000
eval_return : 438.22632
eval_ep_len : 88.3
eval/return_std : 96.543175
eval/return_max : 642.68695
eval/return_min : 315.4665
eval/ep_len_std : 19.30828837572093
eval/ep_len_max : 128
eval/ep_len_min : 65
step : 265000
eval_return : 363.23065
eval_ep_len : 74.6
eval/return_std : 93.55833
eval/return_max : 592.9828
eval/return_min : 269.2817
eval/ep_len_std : 18.63437683422765
eval/ep_len_max : 119
eval/ep_len_min : 57
step : 270000
eval_return : 356.075
eval_ep_len : 77.5
eval/return_std : 117.19042
eval/return_max : 653.52277
eval/return_min : 222.28598
eval/ep_len_std : 24.32385660210979
eval/ep_len_max : 142
eval/ep_len_min : 50
step : 275000
eval_return : 345.37262
eval_ep_len : 72.9
eval/return_std : 42.812923
eval/return_max : 409.86014
eval/return_min : 293.99258
eval/ep_len_std : 10.123734488813898
eval/ep_len_max : 96
eval/ep_len_min : 64
step : 280000
eval_return : 416.85043
eval_ep_len : 87.8
eval/return_std : 166.61107
eval/return_max : 753.19794
eval/return_min : 203.68767
eval/ep_len_std : 30.541119822298594
eval/ep_len_max : 148
eval/ep_len_min : 48
step : 285000
eval_return : 356.6467
eval_ep_len : 73.3
eval/return_std : 111.75568
eval/return_max : 531.61993
eval/return_min : 115.104065
eval/ep_len_std : 21.09526013112898
eval/ep_len_max : 104
eval/ep_len_min : 25
step : 290000
eval_return : 385.4013
eval_ep_len : 83.6
eval/return_std : 105.71091
eval/return_max : 628.72723
eval/return_min : 293.7332
eval/ep_len_std : 21.11492363235065
eval/ep_len_max : 131
eval/ep_len_min : 66
step : 295000
eval_return : 427.71182
eval_ep_len : 90.9
eval/return_std : 92.04617
eval/return_max : 634.3851
eval/return_min : 306.0192
eval/ep_len_std : 18.865047044733284
eval/ep_len_max : 132
eval/ep_len_min : 68
step : 300000
eval_return : 365.7096
eval_ep_len : 80.3
eval/return_std : 104.558975
eval/return_max : 540.99927
eval/return_min : 203.70982
eval/ep_len_std : 21.47114342553745
eval/ep_len_max : 115
eval/ep_len_min : 47
step : 305000
eval_return : 383.93262
eval_ep_len : 79.1
eval/return_std : 188.80484
eval/return_max : 833.45685
eval/return_min : 226.06177
eval/ep_len_std : 35.00985575520128
eval/ep_len_max : 161
eval/ep_len_min : 47
step : 310000
eval_return : 352.10345
eval_ep_len : 73.8
eval/return_std : 95.488434
eval/return_max : 580.73413
eval/return_min : 258.94583
eval/ep_len_std : 21.5072080940321
eval/ep_len_max : 126
eval/ep_len_min : 52
step : 315000
eval_return : 452.9516
eval_ep_len : 96.6
eval/return_std : 121.54997
eval/return_max : 695.6394
eval/return_min : 271.9276
eval/ep_len_std : 23.64825574963194
eval/ep_len_max : 140
eval/ep_len_min : 62
step : 320000
eval_return : 444.3243
eval_ep_len : 91.9
eval/return_std : 58.02669
eval/return_max : 508.3684
eval/return_min : 353.16675
eval/ep_len_std : 9.256889326334198
eval/ep_len_max : 105
eval/ep_len_min : 79
step : 325000
eval_return : 469.49252
eval_ep_len : 99.1
eval/return_std : 96.77469
eval/return_max : 721.4019
eval/return_min : 375.2183
eval/ep_len_std : 23.863989607775142
eval/ep_len_max : 161
eval/ep_len_min : 70
step : 330000
eval_return : 382.90668
eval_ep_len : 81.6
eval/return_std : 64.579
eval/return_max : 529.37537
eval/return_min : 313.4101
eval/ep_len_std : 11.697863052711808
eval/ep_len_max : 113
eval/ep_len_min : 67
step : 335000
eval_return : 334.11835
eval_ep_len : 73.6
eval/return_std : 99.604065
eval/return_max : 531.6523
eval/return_min : 144.19629
eval/ep_len_std : 22.81315410021157
eval/ep_len_max : 115
eval/ep_len_min : 30
step : 340000
eval_return : 358.3709
eval_ep_len : 75.8
eval/return_std : 99.216896
eval/return_max : 550.5646
eval/return_min : 162.1301
eval/ep_len_std : 20.06888138387389
eval/ep_len_max : 111
eval/ep_len_min : 34
step : 345000
eval_return : 455.9348
eval_ep_len : 94.0
eval/return_std : 94.97083
eval/return_max : 634.043
eval/return_min : 332.76877
eval/ep_len_std : 16.69131510696506
eval/ep_len_max : 121
eval/ep_len_min : 67
step : 350000
eval_return : 561.44745
eval_ep_len : 114.8
eval/return_std : 250.84503
eval/return_max : 1083.3024
eval/return_min : 301.01468
eval/ep_len_std : 44.86156484118671
eval/ep_len_max : 213
eval/ep_len_min : 71
step : 355000
eval_return : 402.8103
eval_ep_len : 80.7
eval/return_std : 123.03716
eval/return_max : 628.77826
eval/return_min : 203.80608
eval/ep_len_std : 19.829523443592887
eval/ep_len_max : 112
eval/ep_len_min : 44
step : 360000
eval_return : 378.7806
eval_ep_len : 79.3
eval/return_std : 83.51061
eval/return_max : 543.4165
eval/return_min : 216.85449
eval/ep_len_std : 15.34959282847594
eval/ep_len_max : 101
eval/ep_len_min : 46
step : 365000
eval_return : 404.70654
eval_ep_len : 80.6
eval/return_std : 93.706314
eval/return_max : 608.0791
eval/return_min : 273.16006
eval/ep_len_std : 20.313542280951395
eval/ep_len_max : 129
eval/ep_len_min : 53
step : 370000
eval_return : 378.7839
eval_ep_len : 83.2
eval/return_std : 147.71614
eval/return_max : 657.0446
eval/return_min : 195.31677
eval/ep_len_std : 32.26391172812125
eval/ep_len_max : 138
eval/ep_len_min : 38
step : 375000
eval_return : 325.6728
eval_ep_len : 68.0
eval/return_std : 69.07391
eval/return_max : 468.34308
eval/return_min : 236.34108
eval/ep_len_std : 14.44299137990465
eval/ep_len_max : 105
eval/ep_len_min : 51
step : 380000
eval_return : 334.3991
eval_ep_len : 73.0
eval/return_std : 145.99858
eval/return_max : 685.0052
eval/return_min : 149.13672
eval/ep_len_std : 30.757112998459398
eval/ep_len_max : 149
eval/ep_len_min : 32
step : 385000
eval_return : 385.47125
eval_ep_len : 78.6
eval/return_std : 132.30309
eval/return_max : 707.82104
eval/return_min : 190.7359
eval/ep_len_std : 23.328951969602063
eval/ep_len_max : 138
eval/ep_len_min : 42
step : 390000
eval_return : 459.19635
eval_ep_len : 94.4
eval/return_std : 128.4611
eval/return_max : 654.4402
eval/return_min : 254.64032
eval/ep_len_std : 25.04076676142326
eval/ep_len_max : 132
eval/ep_len_min : 56
step : 395000
eval_return : 379.5584
eval_ep_len : 81.6
eval/return_std : 98.20974
eval/return_max : 507.23917
eval/return_min : 163.67339
eval/ep_len_std : 24.83223711227001
eval/ep_len_max : 115
eval/ep_len_min : 33
step : 400000
eval_return : 410.68344
eval_ep_len : 88.2
eval/return_std : 85.9213
eval/return_max : 611.4286
eval/return_min : 268.4374
eval/ep_len_std : 18.56232744027537
eval/ep_len_max : 135
eval/ep_len_min : 65
step : 405000
eval_return : 430.49283
eval_ep_len : 89.9
eval/return_std : 119.20909
eval/return_max : 605.1838
eval/return_min : 206.53313
eval/ep_len_std : 24.679748783162278
eval/ep_len_max : 120
eval/ep_len_min : 42
step : 410000
eval_return : 486.094
eval_ep_len : 105.6
eval/return_std : 197.62462
eval/return_max : 957.61725
eval/return_min : 269.20477
eval/ep_len_std : 39.502404990076236
eval/ep_len_max : 200
eval/ep_len_min : 59
step : 415000
eval_return : 397.68195
eval_ep_len : 85.3
eval/return_std : 137.96129
eval/return_max : 611.45056
eval/return_min : 190.14311
eval/ep_len_std : 27.633494169214284
eval/ep_len_max : 129
eval/ep_len_min : 41
step : 420000
eval_return : 385.64545
eval_ep_len : 77.7
eval/return_std : 87.66067
eval/return_max : 525.36426
eval/return_min : 284.0125
eval/ep_len_std : 15.316984037335809
eval/ep_len_max : 106
eval/ep_len_min : 58
step : 425000
eval_return : 420.806
eval_ep_len : 86.9
eval/return_std : 91.20107
eval/return_max : 545.4668
eval/return_min : 228.04124
eval/ep_len_std : 20.221028658305194
eval/ep_len_max : 125
eval/ep_len_min : 52
step : 430000
eval_return : 403.62222
eval_ep_len : 82.9
eval/return_std : 124.6579
eval/return_max : 711.57086
eval/return_min : 249.77185
eval/ep_len_std : 23.43266950221421
eval/ep_len_max : 143
eval/ep_len_min : 52
step : 435000
eval_return : 605.2313
eval_ep_len : 121.0
eval/return_std : 268.59528
eval/return_max : 1184.9222
eval/return_min : 306.7763
eval/ep_len_std : 54.89626581107316
eval/ep_len_max : 238
eval/ep_len_min : 57
step : 440000
eval_return : 393.89777
eval_ep_len : 82.1
eval/return_std : 98.63282
eval/return_max : 619.97064
eval/return_min : 308.83325
eval/ep_len_std : 16.884608375677537
eval/ep_len_max : 114
eval/ep_len_min : 64
step : 445000
eval_return : 404.2688
eval_ep_len : 84.3
eval/return_std : 88.09919
eval/return_max : 576.5281
eval/return_min : 248.0148
eval/ep_len_std : 20.93346602930341
eval/ep_len_max : 124
eval/ep_len_min : 58
step : 450000
eval_return : 451.4142
eval_ep_len : 87.9
eval/return_std : 124.6355
eval/return_max : 719.8825
eval/return_min : 209.91174
eval/ep_len_std : 23.39850422569785
eval/ep_len_max : 137
eval/ep_len_min : 44
step : 455000
eval_return : 374.414
eval_ep_len : 79.3
eval/return_std : 75.33912
eval/return_max : 516.06824
eval/return_min : 278.80008
eval/ep_len_std : 15.741982086128798
eval/ep_len_max : 112
eval/ep_len_min : 61
step : 460000
eval_return : 414.0865
eval_ep_len : 86.2
eval/return_std : 84.76414
eval/return_max : 541.6488
eval/return_min : 212.40721
eval/ep_len_std : 14.810806865258893
eval/ep_len_max : 102
eval/ep_len_min : 46
step : 465000
eval_return : 379.35046
eval_ep_len : 78.9
eval/return_std : 56.488045
eval/return_max : 444.46286
eval/return_min : 262.6453
eval/ep_len_std : 13.736447866897759
eval/ep_len_max : 98
eval/ep_len_min : 59
step : 470000
eval_return : 560.1412
eval_ep_len : 117.1
eval/return_std : 225.1387
eval/return_max : 1149.0823
eval/return_min : 328.45514
eval/ep_len_std : 46.442329829585425
eval/ep_len_max : 239
eval/ep_len_min : 66
step : 475000
eval_return : 503.88544
eval_ep_len : 108.7
eval/return_std : 222.19806
eval/return_max : 903.2361
eval/return_min : 295.05777
eval/ep_len_std : 43.71738784511261
eval/ep_len_max : 195
eval/ep_len_min : 64
step : 480000
eval_return : 433.78043
eval_ep_len : 90.4
eval/return_std : 168.73701
eval/return_max : 797.4214
eval/return_min : 263.13055
eval/ep_len_std : 34.83733629312092
eval/ep_len_max : 175
eval/ep_len_min : 55
step : 485000
eval_return : 385.79156
eval_ep_len : 79.3
eval/return_std : 87.94178
eval/return_max : 513.76166
eval/return_min : 159.18323
eval/ep_len_std : 19.570641277178424
eval/ep_len_max : 110
eval/ep_len_min : 32
step : 490000
eval_return : 543.9576
eval_ep_len : 110.7
eval/return_std : 123.754524
eval/return_max : 710.3649
eval/return_min : 337.20837
eval/ep_len_std : 26.93714906963987
eval/ep_len_max : 160
eval/ep_len_min : 65
step : 495000
eval_return : 483.4546
eval_ep_len : 98.1
eval/return_std : 95.55106
eval/return_max : 724.7054
eval/return_min : 370.21237
eval/ep_len_std : 17.426703646989584
eval/ep_len_max : 141
eval/ep_len_min : 74
