/opt/conda/envs/CS285/lib/python3.10/site-packages/gym/core.py:317: DeprecationWarning: [33mWARN: Initializing wrapper in old step API which returns one bool instead of two. It is recommended to set `new_step_api=True` to use new step API. This will be the default behaviour in future.[0m
deprecation(
/opt/conda/envs/CS285/lib/python3.10/site-packages/gym/wrappers/step_api_compatibility.py:39: DeprecationWarning: [33mWARN: Initializing environment in old step API which returns one bool instead of two. It is recommended to set `new_step_api=True` to use new step API. This will be the default behaviour in future.[0m
deprecation(
[INFO] setting additional args:
{'bird method': False}
########################
logging outputs to  /root/CS285_homework/hw3/cs285/scripts/../../data/hw3_sac_reinforce10_HalfCheetah-v4_reinforce_s128_l3_alr0.0003_clr0.0003_b128_d0.99_t0.2_stu0.005_04-06-2024_08-03-34
########################
Using GPU id 0
agent info:
{'training': True, '_parameters': OrderedDict(), '_buffers': OrderedDict(), '_non_persistent_buffers_set': set(), '_backward_pre_hooks': OrderedDict(), '_backward_hooks': OrderedDict(), '_is_full_backward_hook': None, '_forward_hooks': OrderedDict(), '_forward_hooks_with_kwargs': OrderedDict(), '_forward_hooks_always_called': OrderedDict(), '_forward_pre_hooks': OrderedDict(), '_forward_pre_hooks_with_kwargs': OrderedDict(), '_state_dict_hooks': OrderedDict(), '_state_dict_pre_hooks': OrderedDict(), '_load_state_dict_pre_hooks': OrderedDict(), '_load_state_dict_post_hooks': OrderedDict(), '_modules': OrderedDict([('actor', MLPPolicy(
(net): Sequential(
(0): Linear(in_features=17, out_features=128, bias=True)
(1): Tanh()
(2): Linear(in_features=128, out_features=128, bias=True)
(3): Tanh()
(4): Linear(in_features=128, out_features=128, bias=True)
(5): Tanh()
(6): Linear(in_features=128, out_features=12, bias=True)
(7): Identity()
)
)), ('critics', ModuleList(
(0): StateActionCritic(
(net): Sequential(
(0): Linear(in_features=23, out_features=128, bias=True)
(1): Tanh()
(2): Linear(in_features=128, out_features=128, bias=True)
(3): Tanh()
(4): Linear(in_features=128, out_features=128, bias=True)
(5): Tanh()
(6): Linear(in_features=128, out_features=1, bias=True)
(7): Identity()
)
)
)), ('target_critics', ModuleList(
(0): StateActionCritic(
(net): Sequential(
(0): Linear(in_features=23, out_features=128, bias=True)
(1): Tanh()
(2): Linear(in_features=128, out_features=128, bias=True)
(3): Tanh()
(4): Linear(in_features=128, out_features=128, bias=True)
(5): Tanh()
(6): Linear(in_features=128, out_features=1, bias=True)
(7): Identity()
)
)
)), ('critic_loss', MSELoss())]), 'actor_optimizer': Adam (
Parameter Group 0
amsgrad: False
betas: (0.9, 0.999)
capturable: False
differentiable: False
eps: 1e-08
foreach: None
fused: None
initial_lr: 0.0003
lr: 0.0003
maximize: False
weight_decay: 0
), 'actor_lr_scheduler': <torch.optim.lr_scheduler.ConstantLR object at 0x7f40c53bd4b0>, 'critic_optimizer': Adam (
Parameter Group 0
amsgrad: False
betas: (0.9, 0.999)
capturable: False
differentiable: False
eps: 1e-08
foreach: None
fused: None
initial_lr: 0.0003
lr: 0.0003
maximize: False
weight_decay: 0
), 'critic_lr_scheduler': <torch.optim.lr_scheduler.ConstantLR object at 0x7f40b165c7f0>, 'observation_shape': (17,), 'action_dim': 6, 'discount': 0.99, 'target_update_period': None, 'target_critic_backup_type': 'mean', 'num_critic_networks': 1, 'use_entropy_bonus': True, 'temperature': 0.2, 'actor_gradient_type': 'reinforce', 'num_actor_samples': 10, 'num_critic_updates': 1, 'soft_target_update_rate': 0.005, 'backup_entropy': True}
/opt/conda/envs/CS285/lib/python3.10/site-packages/gym/utils/passive_env_checker.py:241: DeprecationWarning: `np.bool8` is a deprecated alias for `np.bool_`.  (Deprecated NumPy 1.24)
if not isinstance(terminated, (bool, np.bool8)):
step : 0
/opt/conda/envs/CS285/lib/python3.10/site-packages/tensorboardX/summary.py:153: DeprecationWarning: Conversion of an array with ndim > 0 to a scalar is deprecated, and will error in future. Ensure you extract a single element from your array before performing this operation. (Deprecated NumPy 1.25.)
scalar = float(scalar)
eval_return : -191.47995
eval_ep_len : 1000.0
eval/return_std : 58.724747
eval/return_max : -111.54898
eval/return_min : -278.41132
eval/ep_len_std : 0.0
eval/ep_len_max : 1000
eval/ep_len_min : 1000
step : 5000
eval_return : -232.86491
eval_ep_len : 1000.0
eval/return_std : 63.68228
eval/return_max : -149.2827
eval/return_min : -364.9484
eval/ep_len_std : 0.0
eval/ep_len_max : 1000
eval/ep_len_min : 1000
step : 10000
eval_return : -215.50638
eval_ep_len : 1000.0
eval/return_std : 51.93931
eval/return_max : -108.45635
eval/return_min : -317.74216
eval/ep_len_std : 0.0
eval/ep_len_max : 1000
eval/ep_len_min : 1000
step : 15000
eval_return : -186.99706
eval_ep_len : 1000.0
eval/return_std : 53.428898
eval/return_max : -85.26159
eval/return_min : -299.07852
eval/ep_len_std : 0.0
eval/ep_len_max : 1000
eval/ep_len_min : 1000
step : 20000
eval_return : -218.81084
eval_ep_len : 1000.0
eval/return_std : 23.181067
eval/return_max : -184.75938
eval/return_min : -271.71417
eval/ep_len_std : 0.0
eval/ep_len_max : 1000
eval/ep_len_min : 1000
step : 25000
eval_return : -140.68492
eval_ep_len : 1000.0
eval/return_std : 35.52834
eval/return_max : -49.900944
eval/return_min : -174.2588
eval/ep_len_std : 0.0
eval/ep_len_max : 1000
eval/ep_len_min : 1000
step : 30000
eval_return : -43.12848
eval_ep_len : 1000.0
eval/return_std : 61.05101
eval/return_max : 79.76739
eval/return_min : -132.06235
eval/ep_len_std : 0.0
eval/ep_len_max : 1000
eval/ep_len_min : 1000
step : 35000
eval_return : -75.8157
eval_ep_len : 1000.0
eval/return_std : 36.795345
eval/return_max : -16.868744
eval/return_min : -155.8593
eval/ep_len_std : 0.0
eval/ep_len_max : 1000
eval/ep_len_min : 1000
step : 40000
eval_return : -62.222076
eval_ep_len : 1000.0
eval/return_std : 82.46736
eval/return_max : 85.736534
eval/return_min : -236.94655
eval/ep_len_std : 0.0
eval/ep_len_max : 1000
eval/ep_len_min : 1000
step : 45000
eval_return : -35.555733
eval_ep_len : 1000.0
eval/return_std : 37.763416
eval/return_max : 9.23021
eval/return_min : -110.45523
eval/ep_len_std : 0.0
eval/ep_len_max : 1000
eval/ep_len_min : 1000
step : 50000
eval_return : -26.385174
eval_ep_len : 1000.0
eval/return_std : 70.25377
eval/return_max : 42.099434
eval/return_min : -205.25467
eval/ep_len_std : 0.0
eval/ep_len_max : 1000
eval/ep_len_min : 1000
step : 55000
eval_return : 69.052704
eval_ep_len : 1000.0
eval/return_std : 53.675343
eval/return_max : 152.584
eval/return_min : -18.808643
eval/ep_len_std : 0.0
eval/ep_len_max : 1000
eval/ep_len_min : 1000
step : 60000
eval_return : 22.30983
eval_ep_len : 1000.0
eval/return_std : 95.441154
eval/return_max : 216.95035
eval/return_min : -80.39441
eval/ep_len_std : 0.0
eval/ep_len_max : 1000
eval/ep_len_min : 1000
step : 65000
eval_return : 15.832605
eval_ep_len : 1000.0
eval/return_std : 49.22646
eval/return_max : 111.520775
eval/return_min : -63.68035
eval/ep_len_std : 0.0
eval/ep_len_max : 1000
eval/ep_len_min : 1000
step : 70000
eval_return : 6.638307
eval_ep_len : 1000.0
eval/return_std : 112.82558
eval/return_max : 179.67091
eval/return_min : -177.34265
eval/ep_len_std : 0.0
eval/ep_len_max : 1000
eval/ep_len_min : 1000
step : 75000
eval_return : -18.558859
eval_ep_len : 1000.0
eval/return_std : 72.70865
eval/return_max : 110.007805
eval/return_min : -115.37223
eval/ep_len_std : 0.0
eval/ep_len_max : 1000
eval/ep_len_min : 1000
step : 80000
eval_return : -152.29575
eval_ep_len : 1000.0
eval/return_std : 93.96818
eval/return_max : -9.429986
eval/return_min : -292.865
eval/ep_len_std : 0.0
eval/ep_len_max : 1000
eval/ep_len_min : 1000
step : 85000
eval_return : 76.040794
eval_ep_len : 1000.0
eval/return_std : 54.24779
eval/return_max : 157.04857
eval/return_min : 16.796736
eval/ep_len_std : 0.0
eval/ep_len_max : 1000
eval/ep_len_min : 1000
step : 90000
eval_return : 146.00778
eval_ep_len : 1000.0
eval/return_std : 39.056526
eval/return_max : 206.13744
eval/return_min : 73.32214
eval/ep_len_std : 0.0
eval/ep_len_max : 1000
eval/ep_len_min : 1000
step : 95000
eval_return : 132.47304
eval_ep_len : 1000.0
eval/return_std : 118.102806
eval/return_max : 288.95633
eval/return_min : -111.1906
eval/ep_len_std : 0.0
eval/ep_len_max : 1000
eval/ep_len_min : 1000
step : 100000
eval_return : 188.83183
eval_ep_len : 1000.0
eval/return_std : 126.54402
eval/return_max : 433.98193
eval/return_min : -15.19116
eval/ep_len_std : 0.0
eval/ep_len_max : 1000
eval/ep_len_min : 1000
step : 105000
eval_return : 96.66494
eval_ep_len : 1000.0
eval/return_std : 85.96415
eval/return_max : 193.84023
eval/return_min : -136.9454
eval/ep_len_std : 0.0
eval/ep_len_max : 1000
eval/ep_len_min : 1000
step : 110000
eval_return : 113.337875
eval_ep_len : 1000.0
eval/return_std : 147.29036
eval/return_max : 349.8832
eval/return_min : -140.69318
eval/ep_len_std : 0.0
eval/ep_len_max : 1000
eval/ep_len_min : 1000
step : 115000
eval_return : 169.44205
eval_ep_len : 1000.0
eval/return_std : 139.57217
eval/return_max : 365.65424
eval/return_min : -87.78201
eval/ep_len_std : 0.0
eval/ep_len_max : 1000
eval/ep_len_min : 1000
step : 120000
eval_return : 332.8494
eval_ep_len : 1000.0
eval/return_std : 113.82239
eval/return_max : 520.5633
eval/return_min : 182.98766
eval/ep_len_std : 0.0
eval/ep_len_max : 1000
eval/ep_len_min : 1000
step : 125000
eval_return : 226.63242
eval_ep_len : 1000.0
eval/return_std : 139.95163
eval/return_max : 433.82715
eval/return_min : -31.087397
eval/ep_len_std : 0.0
eval/ep_len_max : 1000
eval/ep_len_min : 1000
step : 130000
eval_return : 223.18172
eval_ep_len : 1000.0
eval/return_std : 57.802834
eval/return_max : 366.8941
eval/return_min : 164.74655
eval/ep_len_std : 0.0
eval/ep_len_max : 1000
eval/ep_len_min : 1000
step : 135000
eval_return : 449.5678
eval_ep_len : 1000.0
eval/return_std : 214.9951
eval/return_max : 687.36676
eval/return_min : 93.012856
eval/ep_len_std : 0.0
eval/ep_len_max : 1000
eval/ep_len_min : 1000
step : 140000
eval_return : 362.29495
eval_ep_len : 1000.0
eval/return_std : 274.9507
eval/return_max : 619.8869
eval/return_min : -187.9008
eval/ep_len_std : 0.0
eval/ep_len_max : 1000
eval/ep_len_min : 1000
step : 145000
eval_return : 294.18024
eval_ep_len : 1000.0
eval/return_std : 132.94443
eval/return_max : 545.332
eval/return_min : 72.922615
eval/ep_len_std : 0.0
eval/ep_len_max : 1000
eval/ep_len_min : 1000
step : 150000
eval_return : 602.5287
eval_ep_len : 1000.0
eval/return_std : 66.33506
eval/return_max : 681.2997
eval/return_min : 478.57437
eval/ep_len_std : 0.0
eval/ep_len_max : 1000
eval/ep_len_min : 1000
step : 155000
eval_return : 413.30463
eval_ep_len : 1000.0
eval/return_std : 67.48603
eval/return_max : 562.8078
eval/return_min : 335.2983
eval/ep_len_std : 0.0
eval/ep_len_max : 1000
eval/ep_len_min : 1000
step : 160000
eval_return : 424.10385
eval_ep_len : 1000.0
eval/return_std : 85.44937
eval/return_max : 555.8442
eval/return_min : 267.45813
eval/ep_len_std : 0.0
eval/ep_len_max : 1000
eval/ep_len_min : 1000
step : 165000
eval_return : 721.3835
eval_ep_len : 1000.0
eval/return_std : 93.00114
eval/return_max : 859.7969
eval/return_min : 523.00604
eval/ep_len_std : 0.0
eval/ep_len_max : 1000
eval/ep_len_min : 1000
step : 170000
eval_return : 878.5955
eval_ep_len : 1000.0
eval/return_std : 92.15551
eval/return_max : 1042.7957
eval/return_min : 719.5338
eval/ep_len_std : 0.0
eval/ep_len_max : 1000
eval/ep_len_min : 1000
step : 175000
eval_return : 800.52
eval_ep_len : 1000.0
eval/return_std : 61.27967
eval/return_max : 893.3898
eval/return_min : 650.3579
eval/ep_len_std : 0.0
eval/ep_len_max : 1000
eval/ep_len_min : 1000
step : 180000
eval_return : 1128.2468
eval_ep_len : 1000.0
eval/return_std : 568.7879
eval/return_max : 1547.9495
eval/return_min : -97.88364
eval/ep_len_std : 0.0
eval/ep_len_max : 1000
eval/ep_len_min : 1000
step : 185000
eval_return : 420.2042
eval_ep_len : 1000.0
eval/return_std : 341.5437
eval/return_max : 830.5988
eval/return_min : -180.92924
eval/ep_len_std : 0.0
eval/ep_len_max : 1000
eval/ep_len_min : 1000
step : 190000
eval_return : 916.6442
eval_ep_len : 1000.0
eval/return_std : 107.56949
eval/return_max : 1088.9943
eval/return_min : 726.5294
eval/ep_len_std : 0.0
eval/ep_len_max : 1000
eval/ep_len_min : 1000
step : 195000
eval_return : 730.3689
eval_ep_len : 1000.0
eval/return_std : 57.97682
eval/return_max : 816.59454
eval/return_min : 640.9966
eval/ep_len_std : 0.0
eval/ep_len_max : 1000
eval/ep_len_min : 1000
step : 200000
eval_return : 549.78986
eval_ep_len : 1000.0
eval/return_std : 62.900402
eval/return_max : 676.9907
eval/return_min : 465.16446
eval/ep_len_std : 0.0
eval/ep_len_max : 1000
eval/ep_len_min : 1000
step : 205000
eval_return : 928.5911
eval_ep_len : 1000.0
eval/return_std : 117.50939
eval/return_max : 1093.9363
eval/return_min : 751.2485
eval/ep_len_std : 0.0
eval/ep_len_max : 1000
eval/ep_len_min : 1000
step : 210000
eval_return : 763.97906
eval_ep_len : 1000.0
eval/return_std : 89.94105
eval/return_max : 926.3042
eval/return_min : 647.4595
eval/ep_len_std : 0.0
eval/ep_len_max : 1000
eval/ep_len_min : 1000
step : 215000
eval_return : 954.3535
eval_ep_len : 1000.0
eval/return_std : 349.34933
eval/return_max : 1356.238
eval/return_min : -34.55179
eval/ep_len_std : 0.0
eval/ep_len_max : 1000
eval/ep_len_min : 1000
step : 220000
eval_return : 881.47034
eval_ep_len : 1000.0
eval/return_std : 336.54758
eval/return_max : 1114.0607
eval/return_min : -92.814575
eval/ep_len_std : 0.0
eval/ep_len_max : 1000
eval/ep_len_min : 1000
step : 225000
eval_return : 1167.1575
eval_ep_len : 1000.0
eval/return_std : 79.646164
eval/return_max : 1320.5026
eval/return_min : 1047.1876
eval/ep_len_std : 0.0
eval/ep_len_max : 1000
eval/ep_len_min : 1000
step : 230000
eval_return : 1023.0631
eval_ep_len : 1000.0
eval/return_std : 311.7797
eval/return_max : 1238.2162
eval/return_min : 105.929504
eval/ep_len_std : 0.0
eval/ep_len_max : 1000
eval/ep_len_min : 1000
step : 235000
eval_return : 1420.1119
eval_ep_len : 1000.0
eval/return_std : 87.02197
eval/return_max : 1524.335
eval/return_min : 1211.945
eval/ep_len_std : 0.0
eval/ep_len_max : 1000
eval/ep_len_min : 1000
step : 240000
eval_return : 313.8419
eval_ep_len : 1000.0
eval/return_std : 85.1823
eval/return_max : 472.5825
eval/return_min : 204.97554
eval/ep_len_std : 0.0
eval/ep_len_max : 1000
eval/ep_len_min : 1000
step : 245000
eval_return : 259.925
eval_ep_len : 1000.0
eval/return_std : 356.84857
eval/return_max : 1106.3293
eval/return_min : -130.50208
eval/ep_len_std : 0.0
eval/ep_len_max : 1000
eval/ep_len_min : 1000
step : 250000
eval_return : 1350.0251
eval_ep_len : 1000.0
eval/return_std : 93.32069
eval/return_max : 1497.0806
eval/return_min : 1187.9229
eval/ep_len_std : 0.0
eval/ep_len_max : 1000
eval/ep_len_min : 1000
step : 255000
eval_return : 1480.8264
eval_ep_len : 1000.0
eval/return_std : 459.99603
eval/return_max : 1803.0646
eval/return_min : 194.14525
eval/ep_len_std : 0.0
eval/ep_len_max : 1000
eval/ep_len_min : 1000
step : 260000
eval_return : 1602.8279
eval_ep_len : 1000.0
eval/return_std : 303.87778
eval/return_max : 1975.6139
eval/return_min : 982.93365
eval/ep_len_std : 0.0
eval/ep_len_max : 1000
eval/ep_len_min : 1000
step : 265000
eval_return : 1778.2078
eval_ep_len : 1000.0
eval/return_std : 117.98345
eval/return_max : 2022.5088
eval/return_min : 1602.8628
eval/ep_len_std : 0.0
eval/ep_len_max : 1000
eval/ep_len_min : 1000
step : 270000
eval_return : 1384.1605
eval_ep_len : 1000.0
eval/return_std : 75.917274
eval/return_max : 1473.1721
eval/return_min : 1231.2253
eval/ep_len_std : 0.0
eval/ep_len_max : 1000
eval/ep_len_min : 1000
step : 275000
eval_return : 1836.1428
eval_ep_len : 1000.0
eval/return_std : 56.152885
eval/return_max : 1964.5507
eval/return_min : 1740.6292
eval/ep_len_std : 0.0
eval/ep_len_max : 1000
eval/ep_len_min : 1000
step : 280000
eval_return : 1265.572
eval_ep_len : 1000.0
eval/return_std : 48.709385
eval/return_max : 1343.9988
eval/return_min : 1182.9772
eval/ep_len_std : 0.0
eval/ep_len_max : 1000
eval/ep_len_min : 1000
step : 285000
eval_return : 1262.4001
eval_ep_len : 1000.0
eval/return_std : 71.24495
eval/return_max : 1389.6544
eval/return_min : 1139.4347
eval/ep_len_std : 0.0
eval/ep_len_max : 1000
eval/ep_len_min : 1000
step : 290000
eval_return : 342.9665
eval_ep_len : 1000.0
eval/return_std : 83.654785
eval/return_max : 476.88306
eval/return_min : 239.93463
eval/ep_len_std : 0.0
eval/ep_len_max : 1000
eval/ep_len_min : 1000
step : 295000
eval_return : 1807.3611
eval_ep_len : 1000.0
eval/return_std : 101.393845
eval/return_max : 1969.8125
eval/return_min : 1626.1927
eval/ep_len_std : 0.0
eval/ep_len_max : 1000
eval/ep_len_min : 1000
step : 300000
eval_return : 987.4938
eval_ep_len : 1000.0
eval/return_std : 265.9145
eval/return_max : 1184.3625
eval/return_min : 205.88254
eval/ep_len_std : 0.0
eval/ep_len_max : 1000
eval/ep_len_min : 1000
step : 305000
eval_return : 2005.9427
eval_ep_len : 1000.0
eval/return_std : 175.2264
eval/return_max : 2368.3713
eval/return_min : 1734.7845
eval/ep_len_std : 0.0
eval/ep_len_max : 1000
eval/ep_len_min : 1000
step : 310000
eval_return : 1901.4724
eval_ep_len : 1000.0
eval/return_std : 99.35677
eval/return_max : 2031.9526
eval/return_min : 1743.2468
eval/ep_len_std : 0.0
eval/ep_len_max : 1000
eval/ep_len_min : 1000
step : 315000
eval_return : 1488.0579
eval_ep_len : 1000.0
eval/return_std : 377.3127
eval/return_max : 1879.8418
eval/return_min : 740.0148
eval/ep_len_std : 0.0
eval/ep_len_max : 1000
eval/ep_len_min : 1000
step : 320000
eval_return : 1665.4873
eval_ep_len : 1000.0
eval/return_std : 57.65599
eval/return_max : 1773.0662
eval/return_min : 1568.0586
eval/ep_len_std : 0.0
eval/ep_len_max : 1000
eval/ep_len_min : 1000
step : 325000
eval_return : 1734.0983
eval_ep_len : 1000.0
eval/return_std : 480.6557
eval/return_max : 2105.634
eval/return_min : 486.25916
eval/ep_len_std : 0.0
eval/ep_len_max : 1000
eval/ep_len_min : 1000
step : 330000
eval_return : 1262.2118
eval_ep_len : 1000.0
eval/return_std : 48.846024
eval/return_max : 1340.819
eval/return_min : 1181.3649
eval/ep_len_std : 0.0
eval/ep_len_max : 1000
eval/ep_len_min : 1000
step : 335000
eval_return : 1439.5933
eval_ep_len : 1000.0
eval/return_std : 88.24549
eval/return_max : 1576.5597
eval/return_min : 1263.7319
eval/ep_len_std : 0.0
eval/ep_len_max : 1000
eval/ep_len_min : 1000
step : 340000
eval_return : 1170.0403
eval_ep_len : 1000.0
eval/return_std : 528.1925
eval/return_max : 1810.0011
eval/return_min : 293.15823
eval/ep_len_std : 0.0
eval/ep_len_max : 1000
eval/ep_len_min : 1000
step : 345000
eval_return : 1099.2599
eval_ep_len : 1000.0
eval/return_std : 768.7672
eval/return_max : 2020.7983
eval/return_min : -111.56808
eval/ep_len_std : 0.0
eval/ep_len_max : 1000
eval/ep_len_min : 1000
step : 350000
eval_return : 1600.2693
eval_ep_len : 1000.0
eval/return_std : 89.2943
eval/return_max : 1796.3596
eval/return_min : 1476.383
eval/ep_len_std : 0.0
eval/ep_len_max : 1000
eval/ep_len_min : 1000
step : 355000
eval_return : 2072.6304
eval_ep_len : 1000.0
eval/return_std : 84.18613
eval/return_max : 2247.044
eval/return_min : 1914.6538
eval/ep_len_std : 0.0
eval/ep_len_max : 1000
eval/ep_len_min : 1000
step : 360000
eval_return : 1714.3264
eval_ep_len : 1000.0
eval/return_std : 612.1085
eval/return_max : 2205.4783
eval/return_min : -60.4178
eval/ep_len_std : 0.0
eval/ep_len_max : 1000
eval/ep_len_min : 1000
step : 365000
eval_return : 2226.431
eval_ep_len : 1000.0
eval/return_std : 172.3252
eval/return_max : 2600.0217
eval/return_min : 1936.7007
eval/ep_len_std : 0.0
eval/ep_len_max : 1000
eval/ep_len_min : 1000
step : 370000
eval_return : 794.6802
eval_ep_len : 1000.0
eval/return_std : 59.1994
eval/return_max : 891.3855
eval/return_min : 723.7989
eval/ep_len_std : 0.0
eval/ep_len_max : 1000
eval/ep_len_min : 1000
step : 375000
eval_return : 2247.6313
eval_ep_len : 1000.0
eval/return_std : 104.48971
eval/return_max : 2397.5
eval/return_min : 2039.8431
eval/ep_len_std : 0.0
eval/ep_len_max : 1000
eval/ep_len_min : 1000
step : 380000
eval_return : 2440.0718
eval_ep_len : 1000.0
eval/return_std : 188.10237
eval/return_max : 2801.1917
eval/return_min : 2071.7095
eval/ep_len_std : 0.0
eval/ep_len_max : 1000
eval/ep_len_min : 1000
step : 385000
eval_return : 1851.6008
eval_ep_len : 1000.0
eval/return_std : 64.722206
eval/return_max : 1975.2043
eval/return_min : 1740.0348
eval/ep_len_std : 0.0
eval/ep_len_max : 1000
eval/ep_len_min : 1000
step : 390000
eval_return : 547.22485
eval_ep_len : 1000.0
eval/return_std : 57.99911
eval/return_max : 625.43274
eval/return_min : 420.5248
eval/ep_len_std : 0.0
eval/ep_len_max : 1000
eval/ep_len_min : 1000
step : 395000
eval_return : 1158.5475
eval_ep_len : 1000.0
eval/return_std : 123.96044
eval/return_max : 1375.0734
eval/return_min : 894.18024
eval/ep_len_std : 0.0
eval/ep_len_max : 1000
eval/ep_len_min : 1000
step : 400000
eval_return : 867.61816
eval_ep_len : 1000.0
eval/return_std : 62.97989
eval/return_max : 956.9427
eval/return_min : 766.8884
eval/ep_len_std : 0.0
eval/ep_len_max : 1000
eval/ep_len_min : 1000
step : 405000
eval_return : 1858.3069
eval_ep_len : 1000.0
eval/return_std : 504.667
eval/return_max : 2271.0
eval/return_min : 400.68683
eval/ep_len_std : 0.0
eval/ep_len_max : 1000
eval/ep_len_min : 1000
step : 410000
eval_return : 1689.9006
eval_ep_len : 1000.0
eval/return_std : 59.573036
eval/return_max : 1776.766
eval/return_min : 1564.6538
eval/ep_len_std : 0.0
eval/ep_len_max : 1000
eval/ep_len_min : 1000
step : 415000
eval_return : 1985.9948
eval_ep_len : 1000.0
eval/return_std : 122.15418
eval/return_max : 2156.204
eval/return_min : 1750.6537
eval/ep_len_std : 0.0
eval/ep_len_max : 1000
eval/ep_len_min : 1000
step : 420000
eval_return : 1498.5271
eval_ep_len : 1000.0
eval/return_std : 116.57985
eval/return_max : 1767.8632
eval/return_min : 1377.8225
eval/ep_len_std : 0.0
eval/ep_len_max : 1000
eval/ep_len_min : 1000
step : 425000
eval_return : 1316.363
eval_ep_len : 1000.0
eval/return_std : 57.3596
eval/return_max : 1421.0161
eval/return_min : 1197.0955
eval/ep_len_std : 0.0
eval/ep_len_max : 1000
eval/ep_len_min : 1000
step : 430000
eval_return : 467.1065
eval_ep_len : 1000.0
eval/return_std : 608.47205
eval/return_max : 1693.5352
eval/return_min : -174.3604
eval/ep_len_std : 0.0
eval/ep_len_max : 1000
eval/ep_len_min : 1000
step : 435000
eval_return : 1582.8593
eval_ep_len : 1000.0
eval/return_std : 804.09656
eval/return_max : 2313.333
eval/return_min : 6.8232317
eval/ep_len_std : 0.0
eval/ep_len_max : 1000
eval/ep_len_min : 1000
step : 440000
eval_return : 1146.9607
eval_ep_len : 1000.0
eval/return_std : 92.45847
eval/return_max : 1268.1273
eval/return_min : 958.7463
eval/ep_len_std : 0.0
eval/ep_len_max : 1000
eval/ep_len_min : 1000
step : 445000
eval_return : 1731.3738
eval_ep_len : 1000.0
eval/return_std : 104.79819
eval/return_max : 1871.5112
eval/return_min : 1554.5739
eval/ep_len_std : 0.0
eval/ep_len_max : 1000
eval/ep_len_min : 1000
step : 450000
eval_return : 1692.1256
eval_ep_len : 1000.0
eval/return_std : 148.79143
eval/return_max : 1965.0308
eval/return_min : 1446.6556
eval/ep_len_std : 0.0
eval/ep_len_max : 1000
eval/ep_len_min : 1000
step : 455000
eval_return : 1743.5215
eval_ep_len : 1000.0
eval/return_std : 333.93756
eval/return_max : 2032.7776
eval/return_min : 853.1504
eval/ep_len_std : 0.0
eval/ep_len_max : 1000
eval/ep_len_min : 1000
step : 460000
eval_return : 2134.7852
eval_ep_len : 1000.0
eval/return_std : 616.6912
eval/return_max : 2495.418
eval/return_min : 306.954
eval/ep_len_std : 0.0
eval/ep_len_max : 1000
eval/ep_len_min : 1000
step : 465000
eval_return : 2511.572
eval_ep_len : 1000.0
eval/return_std : 603.11456
eval/return_max : 2986.685
eval/return_min : 782.27167
eval/ep_len_std : 0.0
eval/ep_len_max : 1000
eval/ep_len_min : 1000
step : 470000
eval_return : 783.4533
eval_ep_len : 1000.0
eval/return_std : 219.43224
eval/return_max : 1216.35
eval/return_min : 331.57904
eval/ep_len_std : 0.0
eval/ep_len_max : 1000
eval/ep_len_min : 1000
step : 475000
eval_return : 2318.793
eval_ep_len : 1000.0
eval/return_std : 921.2724
eval/return_max : 3146.4019
eval/return_min : 301.61566
eval/ep_len_std : 0.0
eval/ep_len_max : 1000
eval/ep_len_min : 1000
step : 480000
eval_return : 2021.7249
eval_ep_len : 1000.0
eval/return_std : 770.22034
eval/return_max : 2518.7927
eval/return_min : -104.13299
eval/ep_len_std : 0.0
eval/ep_len_max : 1000
eval/ep_len_min : 1000
step : 485000
eval_return : 2155.9956
eval_ep_len : 1000.0
eval/return_std : 549.8838
eval/return_max : 2648.4497
eval/return_min : 695.17944
eval/ep_len_std : 0.0
eval/ep_len_max : 1000
eval/ep_len_min : 1000
step : 490000
eval_return : 2343.3916
eval_ep_len : 1000.0
eval/return_std : 90.160126
eval/return_max : 2458.3733
eval/return_min : 2112.5083
eval/ep_len_std : 0.0
eval/ep_len_max : 1000
eval/ep_len_min : 1000
step : 495000
eval_return : 832.94104
eval_ep_len : 1000.0
eval/return_std : 137.34354
eval/return_max : 1056.0485
eval/return_min : 573.6178
eval/ep_len_std : 0.0
eval/ep_len_max : 1000
eval/ep_len_min : 1000
step : 500000
 eval_return : 2213.4683
eval_ep_len : 1000.0
eval/return_std : 123.9971
eval/return_max : 2382.186
eval/return_min : 1984.564
eval/ep_len_std : 0.0
eval/ep_len_max : 1000
eval/ep_len_min : 1000
step : 505000
eval_return : 1138.5178
eval_ep_len : 1000.0
eval/return_std : 111.37766
eval/return_max : 1323.6268
eval/return_min : 966.94214
eval/ep_len_std : 0.0
eval/ep_len_max : 1000
eval/ep_len_min : 1000
step : 510000
eval_return : 2004.6794
eval_ep_len : 1000.0
eval/return_std : 140.64502
eval/return_max : 2253.3599
eval/return_min : 1771.2826
eval/ep_len_std : 0.0
eval/ep_len_max : 1000
eval/ep_len_min : 1000
step : 515000
eval_return : 2092.5793
eval_ep_len : 1000.0
eval/return_std : 274.44644
eval/return_max : 2327.4448
eval/return_min : 1517.6782
eval/ep_len_std : 0.0
eval/ep_len_max : 1000
eval/ep_len_min : 1000
step : 520000
eval_return : 2651.1587
eval_ep_len : 1000.0
eval/return_std : 183.84773
eval/return_max : 2858.4268
eval/return_min : 2225.2493
eval/ep_len_std : 0.0
eval/ep_len_max : 1000
eval/ep_len_min : 1000
step : 525000
eval_return : 2292.9426
eval_ep_len : 1000.0
eval/return_std : 112.95973
eval/return_max : 2389.823
eval/return_min : 2031.4846
eval/ep_len_std : 0.0
eval/ep_len_max : 1000
eval/ep_len_min : 1000
step : 530000
eval_return : 1861.8547
eval_ep_len : 1000.0
eval/return_std : 242.10564
eval/return_max : 2085.6726
eval/return_min : 1311.3441
eval/ep_len_std : 0.0
eval/ep_len_max : 1000
eval/ep_len_min : 1000
step : 535000
eval_return : 1818.9834
eval_ep_len : 1000.0
eval/return_std : 117.88309
eval/return_max : 1991.1189
eval/return_min : 1609.828
eval/ep_len_std : 0.0
eval/ep_len_max : 1000
eval/ep_len_min : 1000
step : 540000
eval_return : 1522.5898
eval_ep_len : 1000.0
eval/return_std : 59.467014
eval/return_max : 1608.6808
eval/return_min : 1389.878
eval/ep_len_std : 0.0
eval/ep_len_max : 1000
eval/ep_len_min : 1000
step : 545000
eval_return : 1773.2513
eval_ep_len : 1000.0
eval/return_std : 86.16816
eval/return_max : 1899.4634
eval/return_min : 1600.5953
eval/ep_len_std : 0.0
eval/ep_len_max : 1000
eval/ep_len_min : 1000
step : 550000
eval_return : 1295.8623
eval_ep_len : 1000.0
eval/return_std : 100.43967
eval/return_max : 1464.9868
eval/return_min : 1152.589
eval/ep_len_std : 0.0
eval/ep_len_max : 1000
eval/ep_len_min : 1000
step : 555000
eval_return : 1888.4528
eval_ep_len : 1000.0
eval/return_std : 47.991737
eval/return_max : 1995.5835
eval/return_min : 1831.9928
eval/ep_len_std : 0.0
eval/ep_len_max : 1000
eval/ep_len_min : 1000
step : 560000
eval_return : 1827.1106
eval_ep_len : 1000.0
eval/return_std : 62.932823
eval/return_max : 1953.9698
eval/return_min : 1745.3118
eval/ep_len_std : 0.0
eval/ep_len_max : 1000
eval/ep_len_min : 1000
step : 565000
eval_return : 1430.3545
eval_ep_len : 1000.0
eval/return_std : 77.775505
eval/return_max : 1539.8411
eval/return_min : 1312.4518
eval/ep_len_std : 0.0
eval/ep_len_max : 1000
eval/ep_len_min : 1000
step : 570000
eval_return : 1601.2843
eval_ep_len : 1000.0
eval/return_std : 93.863434
eval/return_max : 1792.6943
eval/return_min : 1492.2314
eval/ep_len_std : 0.0
eval/ep_len_max : 1000
eval/ep_len_min : 1000
step : 575000
eval_return : 1005.93634
eval_ep_len : 1000.0
eval/return_std : 425.0898
eval/return_max : 1496.9165
eval/return_min : -5.6722326
eval/ep_len_std : 0.0
eval/ep_len_max : 1000
eval/ep_len_min : 1000
step : 580000
eval_return : 1495.2057
eval_ep_len : 1000.0
eval/return_std : 120.88949
eval/return_max : 1686.1841
eval/return_min : 1302.4409
eval/ep_len_std : 0.0
eval/ep_len_max : 1000
eval/ep_len_min : 1000
step : 585000
eval_return : 2407.6865
eval_ep_len : 1000.0
eval/return_std : 250.5639
eval/return_max : 2646.7058
eval/return_min : 1780.1417
eval/ep_len_std : 0.0
eval/ep_len_max : 1000
eval/ep_len_min : 1000
step : 590000
eval_return : 2803.7363
eval_ep_len : 1000.0
eval/return_std : 107.983215
eval/return_max : 2979.5813
eval/return_min : 2566.991
eval/ep_len_std : 0.0
eval/ep_len_max : 1000
eval/ep_len_min : 1000
step : 595000
eval_return : 2135.48
eval_ep_len : 1000.0
eval/return_std : 675.5869
eval/return_max : 2615.7869
eval/return_min : 184.7885
eval/ep_len_std : 0.0
eval/ep_len_max : 1000
eval/ep_len_min : 1000
step : 600000
eval_return : 1379.1425
eval_ep_len : 1000.0
eval/return_std : 78.56372
eval/return_max : 1486.7457
eval/return_min : 1263.077
eval/ep_len_std : 0.0
eval/ep_len_max : 1000
eval/ep_len_min : 1000
step : 605000
eval_return : 2411.836
eval_ep_len : 1000.0
eval/return_std : 172.74011
eval/return_max : 2681.79
eval/return_min : 2222.3308
eval/ep_len_std : 0.0
eval/ep_len_max : 1000
eval/ep_len_min : 1000
step : 610000
eval_return : 2157.1372
eval_ep_len : 1000.0
eval/return_std : 866.214
eval/return_max : 2888.1746
eval/return_min : -321.09305
eval/ep_len_std : 0.0
eval/ep_len_max : 1000
eval/ep_len_min : 1000
step : 615000
eval_return : 1514.3799
eval_ep_len : 1000.0
eval/return_std : 56.117252
eval/return_max : 1600.8147
eval/return_min : 1420.6497
eval/ep_len_std : 0.0
eval/ep_len_max : 1000
eval/ep_len_min : 1000
step : 620000
eval_return : 2177.4133
eval_ep_len : 1000.0
eval/return_std : 84.970474
eval/return_max : 2321.5457
eval/return_min : 1992.1498
eval/ep_len_std : 0.0
eval/ep_len_max : 1000
eval/ep_len_min : 1000
step : 625000
eval_return : 2400.117
eval_ep_len : 1000.0
eval/return_std : 73.40689
eval/return_max : 2501.9211
eval/return_min : 2297.041
eval/ep_len_std : 0.0
eval/ep_len_max : 1000
eval/ep_len_min : 1000
step : 630000
eval_return : 2072.2024
eval_ep_len : 1000.0
eval/return_std : 134.28053
eval/return_max : 2291.772
eval/return_min : 1885.1534
eval/ep_len_std : 0.0
eval/ep_len_max : 1000
eval/ep_len_min : 1000
step : 635000
eval_return : 1732.82
eval_ep_len : 1000.0
eval/return_std : 634.02637
eval/return_max : 2319.754
eval/return_min : 118.19816
eval/ep_len_std : 0.0
eval/ep_len_max : 1000
eval/ep_len_min : 1000
step : 640000
eval_return : 1667.611
eval_ep_len : 1000.0
eval/return_std : 782.7556
eval/return_max : 2471.674
eval/return_min : 246.97246
eval/ep_len_std : 0.0
eval/ep_len_max : 1000
eval/ep_len_min : 1000
step : 645000
eval_return : 2350.9304
eval_ep_len : 1000.0
eval/return_std : 119.704544
eval/return_max : 2482.0735
eval/return_min : 2135.2783
eval/ep_len_std : 0.0
eval/ep_len_max : 1000
eval/ep_len_min : 1000
step : 650000
eval_return : 1807.0559
eval_ep_len : 1000.0
eval/return_std : 71.67085
eval/return_max : 1926.2191
eval/return_min : 1718.8694
eval/ep_len_std : 0.0
eval/ep_len_max : 1000
eval/ep_len_min : 1000
step : 655000
eval_return : 1759.6824
eval_ep_len : 1000.0
eval/return_std : 366.88373
eval/return_max : 2214.4563
eval/return_min : 759.3607
eval/ep_len_std : 0.0
eval/ep_len_max : 1000
eval/ep_len_min : 1000
step : 660000
eval_return : 2510.8254
eval_ep_len : 1000.0
eval/return_std : 372.5741
eval/return_max : 2872.4875
eval/return_min : 1497.3209
eval/ep_len_std : 0.0
eval/ep_len_max : 1000
eval/ep_len_min : 1000
step : 665000
eval_return : 2749.0747
eval_ep_len : 1000.0
eval/return_std : 78.34836
eval/return_max : 2853.3352
eval/return_min : 2600.6267
eval/ep_len_std : 0.0
eval/ep_len_max : 1000
eval/ep_len_min : 1000
step : 670000
eval_return : 1654.0105
eval_ep_len : 1000.0
eval/return_std : 86.04042
eval/return_max : 1834.43
eval/return_min : 1567.2056
eval/ep_len_std : 0.0
eval/ep_len_max : 1000
eval/ep_len_min : 1000
step : 675000
eval_return : 2426.8545
eval_ep_len : 1000.0
eval/return_std : 114.43256
eval/return_max : 2669.15
eval/return_min : 2267.3347
eval/ep_len_std : 0.0
eval/ep_len_max : 1000
eval/ep_len_min : 1000
step : 680000
eval_return : 1540.6338
eval_ep_len : 1000.0
eval/return_std : 1106.6439
eval/return_max : 2473.0554
eval/return_min : -444.7796
eval/ep_len_std : 0.0
eval/ep_len_max : 1000
eval/ep_len_min : 1000
step : 685000
eval_return : 2324.7603
eval_ep_len : 1000.0
eval/return_std : 126.95147
eval/return_max : 2449.4685
eval/return_min : 1987.2214
eval/ep_len_std : 0.0
eval/ep_len_max : 1000
eval/ep_len_min : 1000
step : 690000
eval_return : 1759.0947
eval_ep_len : 1000.0
eval/return_std : 196.97629
eval/return_max : 2034.7682
eval/return_min : 1413.9401
eval/ep_len_std : 0.0
eval/ep_len_max : 1000
eval/ep_len_min : 1000
step : 695000
eval_return : 2294.9202
eval_ep_len : 1000.0
eval/return_std : 661.8599
eval/return_max : 2793.0415
eval/return_min : 399.382
eval/ep_len_std : 0.0
eval/ep_len_max : 1000
eval/ep_len_min : 1000
step : 700000
eval_return : 2833.5874
eval_ep_len : 1000.0
eval/return_std : 203.6727
eval/return_max : 3164.8296
eval/return_min : 2490.0442
eval/ep_len_std : 0.0
eval/ep_len_max : 1000
eval/ep_len_min : 1000
step : 705000
eval_return : 1939.4883
eval_ep_len : 1000.0
eval/return_std : 77.82001
eval/return_max : 2049.353
eval/return_min : 1773.1199
eval/ep_len_std : 0.0
eval/ep_len_max : 1000
eval/ep_len_min : 1000
step : 710000
eval_return : 1968.8531
eval_ep_len : 1000.0
eval/return_std : 59.94541
eval/return_max : 2087.0164
eval/return_min : 1889.826
eval/ep_len_std : 0.0
eval/ep_len_max : 1000
eval/ep_len_min : 1000
step : 715000
eval_return : 1568.8967
eval_ep_len : 1000.0
eval/return_std : 66.53742
eval/return_max : 1675.636
eval/return_min : 1457.5927
eval/ep_len_std : 0.0
eval/ep_len_max : 1000
eval/ep_len_min : 1000
step : 720000
eval_return : 2036.0992
eval_ep_len : 1000.0
eval/return_std : 606.90045
eval/return_max : 2523.2937
eval/return_min : 808.42316
eval/ep_len_std : 0.0
eval/ep_len_max : 1000
eval/ep_len_min : 1000
step : 725000
eval_return : 2335.2358
eval_ep_len : 1000.0
eval/return_std : 77.15889
eval/return_max : 2480.5237
eval/return_min : 2212.6606
eval/ep_len_std : 0.0
eval/ep_len_max : 1000
eval/ep_len_min : 1000
step : 730000
eval_return : 2295.381
eval_ep_len : 1000.0
eval/return_std : 91.17879
eval/return_max : 2433.355
eval/return_min : 2154.414
eval/ep_len_std : 0.0
eval/ep_len_max : 1000
eval/ep_len_min : 1000
step : 735000
eval_return : 2056.0845
eval_ep_len : 1000.0
eval/return_std : 100.2041
eval/return_max : 2187.8464
eval/return_min : 1885.269
eval/ep_len_std : 0.0
eval/ep_len_max : 1000
eval/ep_len_min : 1000
step : 740000
eval_return : 2315.254
eval_ep_len : 1000.0
eval/return_std : 91.85933
eval/return_max : 2454.9397
eval/return_min : 2172.7239
eval/ep_len_std : 0.0
eval/ep_len_max : 1000
eval/ep_len_min : 1000
step : 745000
eval_return : 1633.4807
eval_ep_len : 1000.0
eval/return_std : 264.7682
eval/return_max : 1884.9713
eval/return_min : 975.73126
eval/ep_len_std : 0.0
eval/ep_len_max : 1000
eval/ep_len_min : 1000
step : 750000
eval_return : 2282.109
eval_ep_len : 1000.0
eval/return_std : 851.37305
eval/return_max : 2767.0107
eval/return_min : -243.44989
eval/ep_len_std : 0.0
eval/ep_len_max : 1000
eval/ep_len_min : 1000
step : 755000
eval_return : 1973.4681
eval_ep_len : 1000.0
eval/return_std : 111.27104
eval/return_max : 2228.163
eval/return_min : 1848.2742
eval/ep_len_std : 0.0
eval/ep_len_max : 1000
eval/ep_len_min : 1000
step : 760000
eval_return : 1586.6243
eval_ep_len : 1000.0
eval/return_std : 112.36774
eval/return_max : 1828.8342
eval/return_min : 1408.8469
eval/ep_len_std : 0.0
eval/ep_len_max : 1000
eval/ep_len_min : 1000
step : 765000
eval_return : 2462.8328
eval_ep_len : 1000.0
eval/return_std : 139.02864
eval/return_max : 2665.6711
eval/return_min : 2276.1616
eval/ep_len_std : 0.0
eval/ep_len_max : 1000
eval/ep_len_min : 1000
step : 770000
eval_return : 2182.314
eval_ep_len : 1000.0
eval/return_std : 104.00451
eval/return_max : 2293.7783
eval/return_min : 1958.2633
eval/ep_len_std : 0.0
eval/ep_len_max : 1000
eval/ep_len_min : 1000
step : 775000
eval_return : 2247.585
eval_ep_len : 1000.0
eval/return_std : 89.8984
eval/return_max : 2368.2488
eval/return_min : 2082.3215
eval/ep_len_std : 0.0
eval/ep_len_max : 1000
eval/ep_len_min : 1000
step : 780000
eval_return : 2162.6763
eval_ep_len : 1000.0
eval/return_std : 96.00797
eval/return_max : 2358.6357
eval/return_min : 2050.6228
eval/ep_len_std : 0.0
eval/ep_len_max : 1000
eval/ep_len_min : 1000
step : 785000
eval_return : 2389.5283
eval_ep_len : 1000.0
eval/return_std : 353.52347
eval/return_max : 2746.0684
eval/return_min : 1545.6185
eval/ep_len_std : 0.0
eval/ep_len_max : 1000
eval/ep_len_min : 1000
step : 790000
eval_return : 2698.2505
eval_ep_len : 1000.0
eval/return_std : 78.52345
eval/return_max : 2787.7578
eval/return_min : 2523.982
eval/ep_len_std : 0.0
eval/ep_len_max : 1000
eval/ep_len_min : 1000
step : 795000
eval_return : 1995.9534
eval_ep_len : 1000.0
eval/return_std : 1016.4894
eval/return_max : 2606.7744
eval/return_min : -294.56888
eval/ep_len_std : 0.0
eval/ep_len_max : 1000
eval/ep_len_min : 1000
step : 800000
eval_return : 2100.3254
eval_ep_len : 1000.0
eval/return_std : 521.73065
eval/return_max : 2476.4043
eval/return_min : 568.36786
eval/ep_len_std : 0.0
eval/ep_len_max : 1000
eval/ep_len_min : 1000
step : 805000
eval_return : 2413.08
eval_ep_len : 1000.0
eval/return_std : 593.2845
eval/return_max : 2861.705
eval/return_min : 712.5955
eval/ep_len_std : 0.0
eval/ep_len_max : 1000
eval/ep_len_min : 1000
step : 810000
eval_return : 2216.8613
eval_ep_len : 1000.0
eval/return_std : 716.5297
eval/return_max : 2764.404
eval/return_min : 475.77124
eval/ep_len_std : 0.0
eval/ep_len_max : 1000
eval/ep_len_min : 1000
step : 815000
eval_return : 2094.2534
eval_ep_len : 1000.0
eval/return_std : 174.46846
eval/return_max : 2245.924
eval/return_min : 1634.7456
eval/ep_len_std : 0.0
eval/ep_len_max : 1000
eval/ep_len_min : 1000
step : 820000
eval_return : 1706.1605
eval_ep_len : 1000.0
eval/return_std : 248.63753
eval/return_max : 2208.305
eval/return_min : 1371.8939
eval/ep_len_std : 0.0
eval/ep_len_max : 1000
eval/ep_len_min : 1000
step : 825000
eval_return : 2452.4849
eval_ep_len : 1000.0
eval/return_std : 462.0938
eval/return_max : 2768.7227
eval/return_min : 1124.1233
eval/ep_len_std : 0.0
eval/ep_len_max : 1000
eval/ep_len_min : 1000
step : 830000
eval_return : 2770.1885
eval_ep_len : 1000.0
eval/return_std : 531.54834
eval/return_max : 3133.7725
eval/return_min : 1232.1284
eval/ep_len_std : 0.0
eval/ep_len_max : 1000
eval/ep_len_min : 1000
step : 835000
eval_return : 2174.326
eval_ep_len : 1000.0
eval/return_std : 793.61725
eval/return_max : 2722.9763
eval/return_min : 252.76682
eval/ep_len_std : 0.0
eval/ep_len_max : 1000
eval/ep_len_min : 1000
step : 840000
eval_return : 2282.1824
eval_ep_len : 1000.0
eval/return_std : 251.79753
eval/return_max : 2825.651
eval/return_min : 1841.7538
eval/ep_len_std : 0.0
eval/ep_len_max : 1000
eval/ep_len_min : 1000
step : 845000
eval_return : 2621.7456
eval_ep_len : 1000.0
eval/return_std : 56.840996
eval/return_max : 2705.98
eval/return_min : 2549.4905
eval/ep_len_std : 0.0
eval/ep_len_max : 1000
eval/ep_len_min : 1000
step : 850000
eval_return : 1814.5375
eval_ep_len : 1000.0
eval/return_std : 60.27388
eval/return_max : 1908.0404
eval/return_min : 1716.6815
eval/ep_len_std : 0.0
eval/ep_len_max : 1000
eval/ep_len_min : 1000
step : 855000
eval_return : 1875.887
eval_ep_len : 1000.0
eval/return_std : 325.99448
eval/return_max : 2221.8533
eval/return_min : 956.808
eval/ep_len_std : 0.0
eval/ep_len_max : 1000
eval/ep_len_min : 1000
step : 860000
eval_return : 2584.9907
eval_ep_len : 1000.0
eval/return_std : 469.58084
eval/return_max : 3297.1235
eval/return_min : 1788.3701
eval/ep_len_std : 0.0
eval/ep_len_max : 1000
eval/ep_len_min : 1000
step : 865000
eval_return : 1989.6898
eval_ep_len : 1000.0
eval/return_std : 462.69336
eval/return_max : 2347.1863
eval/return_min : 644.0826
eval/ep_len_std : 0.0
eval/ep_len_max : 1000
eval/ep_len_min : 1000
step : 870000
eval_return : 1717.3079
eval_ep_len : 1000.0
eval/return_std : 159.23212
eval/return_max : 1948.954
eval/return_min : 1343.8478
eval/ep_len_std : 0.0
eval/ep_len_max : 1000
eval/ep_len_min : 1000
step : 875000
eval_return : 2821.9233
eval_ep_len : 1000.0
eval/return_std : 232.63326
eval/return_max : 3172.064
eval/return_min : 2228.8542
eval/ep_len_std : 0.0
eval/ep_len_max : 1000
eval/ep_len_min : 1000
step : 880000
eval_return : 2083.017
eval_ep_len : 1000.0
eval/return_std : 918.49677
eval/return_max : 2800.1567
eval/return_min : 157.36249
eval/ep_len_std : 0.0
eval/ep_len_max : 1000
eval/ep_len_min : 1000
step : 885000
eval_return : 2396.9543
eval_ep_len : 1000.0
eval/return_std : 867.53986
eval/return_max : 2941.121
eval/return_min : -178.65344
eval/ep_len_std : 0.0
eval/ep_len_max : 1000
eval/ep_len_min : 1000
step : 890000
eval_return : 2013.1814
eval_ep_len : 1000.0
eval/return_std : 216.80644
eval/return_max : 2346.5283
eval/return_min : 1738.7246
eval/ep_len_std : 0.0
eval/ep_len_max : 1000
eval/ep_len_min : 1000
step : 895000
eval_return : 2091.0728
eval_ep_len : 1000.0
eval/return_std : 501.35428
eval/return_max : 2442.7695
eval/return_min : 698.7674
eval/ep_len_std : 0.0
eval/ep_len_max : 1000
eval/ep_len_min : 1000
step : 900000
eval_return : 2341.022
eval_ep_len : 1000.0
eval/return_std : 328.4412
eval/return_max : 3116.6406
eval/return_min : 1821.072
eval/ep_len_std : 0.0
eval/ep_len_max : 1000
eval/ep_len_min : 1000
step : 905000
eval_return : 2545.3403
eval_ep_len : 1000.0
eval/return_std : 171.87881
eval/return_max : 2673.6606
eval/return_min : 2065.4424
eval/ep_len_std : 0.0
eval/ep_len_max : 1000
eval/ep_len_min : 1000
step : 910000
eval_return : 2663.683
eval_ep_len : 1000.0
eval/return_std : 103.01391
eval/return_max : 2831.1865
eval/return_min : 2509.2588
eval/ep_len_std : 0.0
eval/ep_len_max : 1000
eval/ep_len_min : 1000
step : 915000
eval_return : 2084.0242
eval_ep_len : 1000.0
eval/return_std : 75.4957
eval/return_max : 2238.6191
eval/return_min : 1984.7137
eval/ep_len_std : 0.0
eval/ep_len_max : 1000
eval/ep_len_min : 1000
step : 920000
eval_return : 2129.352
eval_ep_len : 1000.0
eval/return_std : 207.37546
eval/return_max : 2498.3335
eval/return_min : 1887.2609
eval/ep_len_std : 0.0
eval/ep_len_max : 1000
eval/ep_len_min : 1000
step : 925000
eval_return : 2708.8867
eval_ep_len : 1000.0
eval/return_std : 99.75262
eval/return_max : 2887.4636
eval/return_min : 2527.248
eval/ep_len_std : 0.0
eval/ep_len_max : 1000
eval/ep_len_min : 1000
step : 930000
eval_return : 2234.486
eval_ep_len : 1000.0
eval/return_std : 642.3886
eval/return_max : 2745.7034
eval/return_min : 963.96265
eval/ep_len_std : 0.0
eval/ep_len_max : 1000
eval/ep_len_min : 1000
step : 935000
eval_return : 2157.905
eval_ep_len : 1000.0
eval/return_std : 431.78116
eval/return_max : 2510.4094
eval/return_min : 977.36224
eval/ep_len_std : 0.0
eval/ep_len_max : 1000
eval/ep_len_min : 1000
step : 940000
eval_return : 2342.0735
eval_ep_len : 1000.0
eval/return_std : 302.70978
eval/return_max : 2631.2402
eval/return_min : 1545.8456
eval/ep_len_std : 0.0
eval/ep_len_max : 1000
eval/ep_len_min : 1000
step : 945000
eval_return : 2674.3855
eval_ep_len : 1000.0
eval/return_std : 146.69864
eval/return_max : 2915.608
eval/return_min : 2403.8457
eval/ep_len_std : 0.0
eval/ep_len_max : 1000
eval/ep_len_min : 1000
step : 950000
eval_return : 1845.7756
eval_ep_len : 1000.0
eval/return_std : 79.05649
eval/return_max : 1989.6633
eval/return_min : 1740.8297
eval/ep_len_std : 0.0
eval/ep_len_max : 1000
eval/ep_len_min : 1000
step : 955000
eval_return : 2247.4355
eval_ep_len : 1000.0
eval/return_std : 105.98604
eval/return_max : 2498.1326
eval/return_min : 2100.5403
eval/ep_len_std : 0.0
eval/ep_len_max : 1000
eval/ep_len_min : 1000
step : 960000
eval_return : 2692.6206
eval_ep_len : 1000.0
eval/return_std : 97.29121
eval/return_max : 2863.0798
eval/return_min : 2567.328
eval/ep_len_std : 0.0
eval/ep_len_max : 1000
eval/ep_len_min : 1000
step : 965000
eval_return : 2117.4177
eval_ep_len : 1000.0
eval/return_std : 47.600807
eval/return_max : 2179.7808
eval/return_min : 2031.1658
eval/ep_len_std : 0.0
eval/ep_len_max : 1000
eval/ep_len_min : 1000
step : 970000
eval_return : 2333.4407
eval_ep_len : 1000.0
eval/return_std : 62.944115
eval/return_max : 2424.0598
eval/return_min : 2212.411
eval/ep_len_std : 0.0
eval/ep_len_max : 1000
eval/ep_len_min : 1000
step : 975000
eval_return : 1874.2103
eval_ep_len : 1000.0
eval/return_std : 70.948044
eval/return_max : 2011.7832
eval/return_min : 1764.1031
eval/ep_len_std : 0.0
eval/ep_len_max : 1000
eval/ep_len_min : 1000
step : 980000
eval_return : 2185.7375
eval_ep_len : 1000.0
eval/return_std : 170.76567
eval/return_max : 2477.854
eval/return_min : 1857.7784
eval/ep_len_std : 0.0
eval/ep_len_max : 1000
eval/ep_len_min : 1000
step : 985000
eval_return : 2200.9539
eval_ep_len : 1000.0
eval/return_std : 873.60925
eval/return_max : 3145.99
eval/return_min : 524.3304
eval/ep_len_std : 0.0
eval/ep_len_max : 1000
eval/ep_len_min : 1000
step : 990000
eval_return : 2690.224
eval_ep_len : 1000.0
eval/return_std : 110.509995
eval/return_max : 2870.1184
eval/return_min : 2505.8064
eval/ep_len_std : 0.0
eval/ep_len_max : 1000
eval/ep_len_min : 1000
step : 995000
eval_return : 2284.2983
eval_ep_len : 1000.0
eval/return_std : 97.26113
eval/return_max : 2415.369
eval/return_min : 2089.3691
eval/ep_len_std : 0.0
eval/ep_len_max : 1000
eval/ep_len_min : 1000
