/opt/conda/envs/CS285/lib/python3.10/site-packages/gym/core.py:317: DeprecationWarning: [33mWARN: Initializing wrapper in old step API which returns one bool instead of two. It is recommended to set `new_step_api=True` to use new step API. This will be the default behaviour in future.[0m
deprecation(
/opt/conda/envs/CS285/lib/python3.10/site-packages/gym/wrappers/step_api_compatibility.py:39: DeprecationWarning: [33mWARN: Initializing environment in old step API which returns one bool instead of two. It is recommended to set `new_step_api=True` to use new step API. This will be the default behaviour in future.[0m
deprecation(
[INFO] setting additional args:
{'bird method': False}
########################
logging outputs to  /root/CS285_homework/hw3/cs285/scripts/../../data/hw3_sac_reinforce1_HalfCheetah-v4_reinforce_s128_l3_alr0.0003_clr0.0003_b128_d0.99_t0.2_stu0.005_04-06-2024_08-03-28
########################
Using GPU id 0
agent info:
{'training': True, '_parameters': OrderedDict(), '_buffers': OrderedDict(), '_non_persistent_buffers_set': set(), '_backward_pre_hooks': OrderedDict(), '_backward_hooks': OrderedDict(), '_is_full_backward_hook': None, '_forward_hooks': OrderedDict(), '_forward_hooks_with_kwargs': OrderedDict(), '_forward_hooks_always_called': OrderedDict(), '_forward_pre_hooks': OrderedDict(), '_forward_pre_hooks_with_kwargs': OrderedDict(), '_state_dict_hooks': OrderedDict(), '_state_dict_pre_hooks': OrderedDict(), '_load_state_dict_pre_hooks': OrderedDict(), '_load_state_dict_post_hooks': OrderedDict(), '_modules': OrderedDict([('actor', MLPPolicy(
(net): Sequential(
(0): Linear(in_features=17, out_features=128, bias=True)
(1): Tanh()
(2): Linear(in_features=128, out_features=128, bias=True)
(3): Tanh()
(4): Linear(in_features=128, out_features=128, bias=True)
(5): Tanh()
(6): Linear(in_features=128, out_features=12, bias=True)
(7): Identity()
)
)), ('critics', ModuleList(
(0): StateActionCritic(
(net): Sequential(
(0): Linear(in_features=23, out_features=128, bias=True)
(1): Tanh()
(2): Linear(in_features=128, out_features=128, bias=True)
(3): Tanh()
(4): Linear(in_features=128, out_features=128, bias=True)
(5): Tanh()
(6): Linear(in_features=128, out_features=1, bias=True)
(7): Identity()
)
)
)), ('target_critics', ModuleList(
(0): StateActionCritic(
(net): Sequential(
(0): Linear(in_features=23, out_features=128, bias=True)
(1): Tanh()
(2): Linear(in_features=128, out_features=128, bias=True)
(3): Tanh()
(4): Linear(in_features=128, out_features=128, bias=True)
(5): Tanh()
(6): Linear(in_features=128, out_features=1, bias=True)
(7): Identity()
)
)
)), ('critic_loss', MSELoss())]), 'actor_optimizer': Adam (
Parameter Group 0
amsgrad: False
betas: (0.9, 0.999)
capturable: False
differentiable: False
eps: 1e-08
foreach: None
fused: None
initial_lr: 0.0003
lr: 0.0003
maximize: False
weight_decay: 0
), 'actor_lr_scheduler': <torch.optim.lr_scheduler.ConstantLR object at 0x7f6c54295450>, 'critic_optimizer': Adam (
Parameter Group 0
amsgrad: False
betas: (0.9, 0.999)
capturable: False
differentiable: False
eps: 1e-08
foreach: None
fused: None
initial_lr: 0.0003
lr: 0.0003
maximize: False
weight_decay: 0
), 'critic_lr_scheduler': <torch.optim.lr_scheduler.ConstantLR object at 0x7f6c4165c790>, 'observation_shape': (17,), 'action_dim': 6, 'discount': 0.99, 'target_update_period': None, 'target_critic_backup_type': 'mean', 'num_critic_networks': 1, 'use_entropy_bonus': True, 'temperature': 0.2, 'actor_gradient_type': 'reinforce', 'num_actor_samples': 1, 'num_critic_updates': 1, 'soft_target_update_rate': 0.005, 'backup_entropy': True}
/opt/conda/envs/CS285/lib/python3.10/site-packages/gym/utils/passive_env_checker.py:241: DeprecationWarning: `np.bool8` is a deprecated alias for `np.bool_`.  (Deprecated NumPy 1.24)
if not isinstance(terminated, (bool, np.bool8)):
step : 0
/opt/conda/envs/CS285/lib/python3.10/site-packages/tensorboardX/summary.py:153: DeprecationWarning: Conversion of an array with ndim > 0 to a scalar is deprecated, and will error in future. Ensure you extract a single element from your array before performing this operation. (Deprecated NumPy 1.25.)
scalar = float(scalar)
eval_return : -201.59337
eval_ep_len : 1000.0
eval/return_std : 44.856815
eval/return_max : -96.395905
eval/return_min : -270.85794
eval/ep_len_std : 0.0
eval/ep_len_max : 1000
eval/ep_len_min : 1000
step : 5000
eval_return : -203.57477
eval_ep_len : 1000.0
eval/return_std : 78.54582
eval/return_max : -93.86405
eval/return_min : -310.21402
eval/ep_len_std : 0.0
eval/ep_len_max : 1000
eval/ep_len_min : 1000
step : 10000
eval_return : -207.37488
eval_ep_len : 1000.0
eval/return_std : 66.380325
eval/return_max : -130.74287
eval/return_min : -367.30136
eval/ep_len_std : 0.0
eval/ep_len_max : 1000
eval/ep_len_min : 1000
step : 15000
eval_return : -173.56876
eval_ep_len : 1000.0
eval/return_std : 39.611988
eval/return_max : -77.044914
eval/return_min : -213.50389
eval/ep_len_std : 0.0
eval/ep_len_max : 1000
eval/ep_len_min : 1000
step : 20000
eval_return : -171.6829
eval_ep_len : 1000.0
eval/return_std : 46.418175
eval/return_max : -118.830956
eval/return_min : -232.6728
eval/ep_len_std : 0.0
eval/ep_len_max : 1000
eval/ep_len_min : 1000
step : 25000
eval_return : -219.43425
eval_ep_len : 1000.0
eval/return_std : 60.113213
eval/return_max : -134.55214
eval/return_min : -329.71216
eval/ep_len_std : 0.0
eval/ep_len_max : 1000
eval/ep_len_min : 1000
step : 30000
eval_return : -141.71733
eval_ep_len : 1000.0
eval/return_std : 30.93206
eval/return_max : -94.076355
eval/return_min : -205.3804
eval/ep_len_std : 0.0
eval/ep_len_max : 1000
eval/ep_len_min : 1000
step : 35000
eval_return : -94.06731
eval_ep_len : 1000.0
eval/return_std : 56.92536
eval/return_max : 15.586074
eval/return_min : -183.50163
eval/ep_len_std : 0.0
eval/ep_len_max : 1000
eval/ep_len_min : 1000
step : 40000
eval_return : -166.08328
eval_ep_len : 1000.0
eval/return_std : 84.034004
eval/return_max : -5.720887
eval/return_min : -293.87695
eval/ep_len_std : 0.0
eval/ep_len_max : 1000
eval/ep_len_min : 1000
step : 45000
eval_return : 142.0538
eval_ep_len : 1000.0
eval/return_std : 64.232086
eval/return_max : 266.89944
eval/return_min : 63.691322
eval/ep_len_std : 0.0
eval/ep_len_max : 1000
eval/ep_len_min : 1000
step : 50000
eval_return : -165.72511
eval_ep_len : 1000.0
eval/return_std : 43.825012
eval/return_max : -68.30406
eval/return_min : -222.155
eval/ep_len_std : 0.0
eval/ep_len_max : 1000
eval/ep_len_min : 1000
step : 55000
eval_return : -159.20786
eval_ep_len : 1000.0
eval/return_std : 70.193954
eval/return_max : -24.307642
eval/return_min : -264.23032
eval/ep_len_std : 0.0
eval/ep_len_max : 1000
eval/ep_len_min : 1000
step : 60000
eval_return : -64.633255
eval_ep_len : 1000.0
eval/return_std : 50.28915
eval/return_max : 25.694063
eval/return_min : -152.97375
eval/ep_len_std : 0.0
eval/ep_len_max : 1000
eval/ep_len_min : 1000
step : 65000
eval_return : -158.9408
eval_ep_len : 1000.0
eval/return_std : 64.84156
eval/return_max : -69.10855
eval/return_min : -270.9192
eval/ep_len_std : 0.0
eval/ep_len_max : 1000
eval/ep_len_min : 1000
step : 70000
eval_return : -67.26314
eval_ep_len : 1000.0
eval/return_std : 53.97361
eval/return_max : -2.940938
eval/return_min : -193.90268
eval/ep_len_std : 0.0
eval/ep_len_max : 1000
eval/ep_len_min : 1000
step : 75000
eval_return : -189.05856
eval_ep_len : 1000.0
eval/return_std : 36.252792
eval/return_max : -123.87372
eval/return_min : -245.366
eval/ep_len_std : 0.0
eval/ep_len_max : 1000
eval/ep_len_min : 1000
step : 80000
eval_return : -89.1866
eval_ep_len : 1000.0
eval/return_std : 52.529755
eval/return_max : 10.267296
eval/return_min : -191.83745
eval/ep_len_std : 0.0
eval/ep_len_max : 1000
eval/ep_len_min : 1000
step : 85000
eval_return : -157.29898
eval_ep_len : 1000.0
eval/return_std : 57.562134
eval/return_max : -93.79364
eval/return_min : -305.81104
eval/ep_len_std : 0.0
eval/ep_len_max : 1000
eval/ep_len_min : 1000
step : 90000
eval_return : -12.358571
eval_ep_len : 1000.0
eval/return_std : 76.556015
eval/return_max : 159.67534
eval/return_min : -141.47353
eval/ep_len_std : 0.0
eval/ep_len_max : 1000
eval/ep_len_min : 1000
step : 95000
eval_return : -190.66849
eval_ep_len : 1000.0
eval/return_std : 71.547005
eval/return_max : -72.41449
eval/return_min : -296.7138
eval/ep_len_std : 0.0
eval/ep_len_max : 1000
eval/ep_len_min : 1000
step : 100000
eval_return : -78.357864
eval_ep_len : 1000.0
eval/return_std : 51.92551
eval/return_max : -0.9916386
eval/return_min : -204.85782
eval/ep_len_std : 0.0
eval/ep_len_max : 1000
eval/ep_len_min : 1000
step : 105000
eval_return : -83.70032
eval_ep_len : 1000.0
eval/return_std : 44.435364
eval/return_max : -6.512556
eval/return_min : -150.13922
eval/ep_len_std : 0.0
eval/ep_len_max : 1000
eval/ep_len_min : 1000
step : 110000
eval_return : 16.877546
eval_ep_len : 1000.0
eval/return_std : 52.368866
eval/return_max : 97.97057
eval/return_min : -69.32939
eval/ep_len_std : 0.0
eval/ep_len_max : 1000
eval/ep_len_min : 1000
step : 115000
eval_return : -46.50998
eval_ep_len : 1000.0
eval/return_std : 39.51971
eval/return_max : 17.55063
eval/return_min : -97.85169
eval/ep_len_std : 0.0
eval/ep_len_max : 1000
eval/ep_len_min : 1000
step : 120000
eval_return : -89.78352
eval_ep_len : 1000.0
eval/return_std : 65.082466
eval/return_max : -9.806446
eval/return_min : -224.55544
eval/ep_len_std : 0.0
eval/ep_len_max : 1000
eval/ep_len_min : 1000
step : 125000
eval_return : -60.19552
eval_ep_len : 1000.0
eval/return_std : 51.07508
eval/return_max : 46.66882
eval/return_min : -139.17575
eval/ep_len_std : 0.0
eval/ep_len_max : 1000
eval/ep_len_min : 1000
step : 130000
eval_return : -199.77028
eval_ep_len : 1000.0
eval/return_std : 85.42918
eval/return_max : -69.26776
eval/return_min : -294.21893
eval/ep_len_std : 0.0
eval/ep_len_max : 1000
eval/ep_len_min : 1000
step : 135000
eval_return : -186.16335
eval_ep_len : 1000.0
eval/return_std : 48.86515
eval/return_max : -87.725266
eval/return_min : -270.0351
eval/ep_len_std : 0.0
eval/ep_len_max : 1000
eval/ep_len_min : 1000
step : 140000
eval_return : -111.84599
eval_ep_len : 1000.0
eval/return_std : 77.67559
eval/return_max : 41.608047
eval/return_min : -234.21227
eval/ep_len_std : 0.0
eval/ep_len_max : 1000
eval/ep_len_min : 1000
step : 145000
eval_return : -116.36577
eval_ep_len : 1000.0
eval/return_std : 76.29544
eval/return_max : -1.715173
eval/return_min : -232.65935
eval/ep_len_std : 0.0
eval/ep_len_max : 1000
eval/ep_len_min : 1000
step : 150000
eval_return : -57.347218
eval_ep_len : 1000.0
eval/return_std : 118.03699
eval/return_max : 82.35784
eval/return_min : -341.7313
eval/ep_len_std : 0.0
eval/ep_len_max : 1000
eval/ep_len_min : 1000
step : 155000
eval_return : -108.074
eval_ep_len : 1000.0
eval/return_std : 74.465
eval/return_max : 62.951344
eval/return_min : -210.22005
eval/ep_len_std : 0.0
eval/ep_len_max : 1000
eval/ep_len_min : 1000
step : 160000
eval_return : -52.861473
eval_ep_len : 1000.0
eval/return_std : 123.22052
eval/return_max : 106.00822
eval/return_min : -290.95554
eval/ep_len_std : 0.0
eval/ep_len_max : 1000
eval/ep_len_min : 1000
step : 165000
eval_return : -45.658
eval_ep_len : 1000.0
eval/return_std : 38.909485
eval/return_max : 41.027916
eval/return_min : -102.77827
eval/ep_len_std : 0.0
eval/ep_len_max : 1000
eval/ep_len_min : 1000
step : 170000
eval_return : -4.8312907
eval_ep_len : 1000.0
eval/return_std : 55.250076
eval/return_max : 87.12224
eval/return_min : -105.62237
eval/ep_len_std : 0.0
eval/ep_len_max : 1000
eval/ep_len_min : 1000
step : 175000
eval_return : -63.450146
eval_ep_len : 1000.0
eval/return_std : 88.32023
eval/return_max : 123.0972
eval/return_min : -207.53818
eval/ep_len_std : 0.0
eval/ep_len_max : 1000
eval/ep_len_min : 1000
step : 180000
eval_return : -33.35066
eval_ep_len : 1000.0
eval/return_std : 60.848274
eval/return_max : 69.010254
eval/return_min : -165.1412
eval/ep_len_std : 0.0
eval/ep_len_max : 1000
eval/ep_len_min : 1000
step : 185000
eval_return : -79.13879
eval_ep_len : 1000.0
eval/return_std : 134.35591
eval/return_max : 146.20198
eval/return_min : -326.98547
eval/ep_len_std : 0.0
eval/ep_len_max : 1000
eval/ep_len_min : 1000
step : 190000
eval_return : -133.16208
eval_ep_len : 1000.0
eval/return_std : 83.91438
eval/return_max : -31.93961
eval/return_min : -306.69357
eval/ep_len_std : 0.0
eval/ep_len_max : 1000
eval/ep_len_min : 1000
step : 195000
eval_return : -159.91241
eval_ep_len : 1000.0
eval/return_std : 28.77368
eval/return_max : -114.813774
eval/return_min : -200.00366
eval/ep_len_std : 0.0
eval/ep_len_max : 1000
eval/ep_len_min : 1000
step : 200000
eval_return : -84.470726
eval_ep_len : 1000.0
eval/return_std : 50.709576
eval/return_max : 36.60401
eval/return_min : -142.27805
eval/ep_len_std : 0.0
eval/ep_len_max : 1000
eval/ep_len_min : 1000
step : 205000
eval_return : -136.83179
eval_ep_len : 1000.0
eval/return_std : 82.82667
eval/return_max : 50.793182
eval/return_min : -294.51828
eval/ep_len_std : 0.0
eval/ep_len_max : 1000
eval/ep_len_min : 1000
step : 210000
eval_return : -148.53348
eval_ep_len : 1000.0
eval/return_std : 57.32186
eval/return_max : -77.985855
eval/return_min : -245.23514
eval/ep_len_std : 0.0
eval/ep_len_max : 1000
eval/ep_len_min : 1000
step : 215000
eval_return : -180.66283
eval_ep_len : 1000.0
eval/return_std : 75.2388
eval/return_max : -72.96162
eval/return_min : -298.3026
eval/ep_len_std : 0.0
eval/ep_len_max : 1000
eval/ep_len_min : 1000
step : 220000
eval_return : -88.56103
eval_ep_len : 1000.0
eval/return_std : 71.075714
eval/return_max : 9.917366
eval/return_min : -239.97836
eval/ep_len_std : 0.0
eval/ep_len_max : 1000
eval/ep_len_min : 1000
step : 225000
eval_return : 33.117546
eval_ep_len : 1000.0
eval/return_std : 90.1598
eval/return_max : 129.31998
eval/return_min : -180.11325
eval/ep_len_std : 0.0
eval/ep_len_max : 1000
eval/ep_len_min : 1000
step : 230000
eval_return : -55.386425
eval_ep_len : 1000.0
eval/return_std : 23.021137
eval/return_max : -9.882825
eval/return_min : -90.33564
eval/ep_len_std : 0.0
eval/ep_len_max : 1000
eval/ep_len_min : 1000
step : 235000
eval_return : -31.527828
eval_ep_len : 1000.0
eval/return_std : 57.418625
eval/return_max : 69.90616
eval/return_min : -130.07602
eval/ep_len_std : 0.0
eval/ep_len_max : 1000
eval/ep_len_min : 1000
step : 240000
eval_return : -116.086266
eval_ep_len : 1000.0
eval/return_std : 59.713356
eval/return_max : -52.06658
eval/return_min : -229.98781
eval/ep_len_std : 0.0
eval/ep_len_max : 1000
eval/ep_len_min : 1000
step : 245000
eval_return : -171.27788
eval_ep_len : 1000.0
eval/return_std : 79.94405
eval/return_max : -23.43461
eval/return_min : -309.05072
eval/ep_len_std : 0.0
eval/ep_len_max : 1000
eval/ep_len_min : 1000
step : 250000
eval_return : -83.01815
eval_ep_len : 1000.0
eval/return_std : 92.41588
eval/return_max : 61.38234
eval/return_min : -277.27496
eval/ep_len_std : 0.0
eval/ep_len_max : 1000
eval/ep_len_min : 1000
step : 255000
eval_return : -42.68581
eval_ep_len : 1000.0
eval/return_std : 81.68528
eval/return_max : 105.387535
eval/return_min : -132.47786
eval/ep_len_std : 0.0
eval/ep_len_max : 1000
eval/ep_len_min : 1000
step : 260000
eval_return : -84.06173
eval_ep_len : 1000.0
eval/return_std : 86.624565
eval/return_max : 43.342957
eval/return_min : -212.89696
eval/ep_len_std : 0.0
eval/ep_len_max : 1000
eval/ep_len_min : 1000
step : 265000
eval_return : -49.944134
eval_ep_len : 1000.0
eval/return_std : 112.54304
eval/return_max : 127.342186
eval/return_min : -243.17006
eval/ep_len_std : 0.0
eval/ep_len_max : 1000
eval/ep_len_min : 1000
step : 270000
eval_return : -21.754356
eval_ep_len : 1000.0
eval/return_std : 31.73104
eval/return_max : 23.602886
eval/return_min : -80.562675
eval/ep_len_std : 0.0
eval/ep_len_max : 1000
eval/ep_len_min : 1000
step : 275000
eval_return : -55.586388
eval_ep_len : 1000.0
eval/return_std : 86.16685
eval/return_max : 125.94248
eval/return_min : -165.72536
eval/ep_len_std : 0.0
eval/ep_len_max : 1000
eval/ep_len_min : 1000
step : 280000
eval_return : -102.05863
eval_ep_len : 1000.0
eval/return_std : 42.715153
eval/return_max : -21.39012
eval/return_min : -178.0452
eval/ep_len_std : 0.0
eval/ep_len_max : 1000
eval/ep_len_min : 1000
step : 285000
eval_return : -155.08508
eval_ep_len : 1000.0
eval/return_std : 27.36293
eval/return_max : -87.358765
eval/return_min : -200.54001
eval/ep_len_std : 0.0
eval/ep_len_max : 1000
eval/ep_len_min : 1000
step : 290000
eval_return : -48.464302
eval_ep_len : 1000.0
eval/return_std : 61.278404
eval/return_max : 38.06435
eval/return_min : -185.2691
eval/ep_len_std : 0.0
eval/ep_len_max : 1000
eval/ep_len_min : 1000
step : 295000
eval_return : -6.775969
eval_ep_len : 1000.0
eval/return_std : 50.569305
eval/return_max : 44.30137
eval/return_min : -113.02721
eval/ep_len_std : 0.0
eval/ep_len_max : 1000
eval/ep_len_min : 1000
step : 300000
eval_return : -67.83809
eval_ep_len : 1000.0
eval/return_std : 25.012106
eval/return_max : -19.5324
eval/return_min : -108.85921
eval/ep_len_std : 0.0
eval/ep_len_max : 1000
eval/ep_len_min : 1000
step : 305000
eval_return : -29.548828
eval_ep_len : 1000.0
eval/return_std : 72.658646
eval/return_max : 80.59852
eval/return_min : -162.45302
eval/ep_len_std : 0.0
eval/ep_len_max : 1000
eval/ep_len_min : 1000
step : 310000
eval_return : -101.33467
eval_ep_len : 1000.0
eval/return_std : 51.83746
eval/return_max : -26.964731
eval/return_min : -193.2489
eval/ep_len_std : 0.0
eval/ep_len_max : 1000
eval/ep_len_min : 1000
step : 315000
eval_return : 31.227575
eval_ep_len : 1000.0
eval/return_std : 57.66073
eval/return_max : 116.772156
eval/return_min : -82.740875
eval/ep_len_std : 0.0
eval/ep_len_max : 1000
eval/ep_len_min : 1000
step : 320000
eval_return : -99.98111
eval_ep_len : 1000.0
eval/return_std : 69.996086
eval/return_max : -14.350901
eval/return_min : -241.44182
eval/ep_len_std : 0.0
eval/ep_len_max : 1000
eval/ep_len_min : 1000
step : 325000
eval_return : 22.219614
eval_ep_len : 1000.0
eval/return_std : 83.5612
eval/return_max : 159.28119
eval/return_min : -144.36674
eval/ep_len_std : 0.0
eval/ep_len_max : 1000
eval/ep_len_min : 1000
step : 330000
eval_return : 82.256454
eval_ep_len : 1000.0
eval/return_std : 67.088905
eval/return_max : 183.32004
eval/return_min : -17.066975
eval/ep_len_std : 0.0
eval/ep_len_max : 1000
eval/ep_len_min : 1000
step : 335000
eval_return : 142.09697
eval_ep_len : 1000.0
eval/return_std : 64.751114
eval/return_max : 311.73068
eval/return_min : 69.527855
eval/ep_len_std : 0.0
eval/ep_len_max : 1000
eval/ep_len_min : 1000
step : 340000
eval_return : -131.4993
eval_ep_len : 1000.0
eval/return_std : 35.1438
eval/return_max : -66.541695
eval/return_min : -183.66212
eval/ep_len_std : 0.0
eval/ep_len_max : 1000
eval/ep_len_min : 1000
step : 345000
eval_return : -192.66751
eval_ep_len : 1000.0
eval/return_std : 83.481514
eval/return_max : -35.60025
eval/return_min : -327.96072
eval/ep_len_std : 0.0
eval/ep_len_max : 1000
eval/ep_len_min : 1000
step : 350000
eval_return : -120.66317
eval_ep_len : 1000.0
eval/return_std : 89.44272
eval/return_max : 31.499548
eval/return_min : -317.7523
eval/ep_len_std : 0.0
eval/ep_len_max : 1000
eval/ep_len_min : 1000
step : 355000
eval_return : 101.43323
eval_ep_len : 1000.0
eval/return_std : 51.354168
eval/return_max : 160.3898
eval/return_min : 1.2336547
eval/ep_len_std : 0.0
eval/ep_len_max : 1000
eval/ep_len_min : 1000
step : 360000
eval_return : 33.151257
eval_ep_len : 1000.0
eval/return_std : 125.17409
eval/return_max : 202.56151
eval/return_min : -255.6939
eval/ep_len_std : 0.0
eval/ep_len_max : 1000
eval/ep_len_min : 1000
step : 365000
eval_return : -65.60319
eval_ep_len : 1000.0
eval/return_std : 137.28888
eval/return_max : 108.95644
eval/return_min : -263.7907
eval/ep_len_std : 0.0
eval/ep_len_max : 1000
eval/ep_len_min : 1000
step : 370000
eval_return : 44.166435
eval_ep_len : 1000.0
eval/return_std : 130.2612
eval/return_max : 147.1026
eval/return_min : -302.04404
eval/ep_len_std : 0.0
eval/ep_len_max : 1000
eval/ep_len_min : 1000
step : 375000
eval_return : -10.518782
eval_ep_len : 1000.0
eval/return_std : 42.19732
eval/return_max : 76.12366
eval/return_min : -84.17357
eval/ep_len_std : 0.0
eval/ep_len_max : 1000
eval/ep_len_min : 1000
step : 380000
eval_return : -144.29826
eval_ep_len : 1000.0
eval/return_std : 123.397224
eval/return_max : 108.224976
eval/return_min : -301.79358
eval/ep_len_std : 0.0
eval/ep_len_max : 1000
eval/ep_len_min : 1000
step : 385000
eval_return : 69.18124
eval_ep_len : 1000.0
eval/return_std : 120.34682
eval/return_max : 166.82022
eval/return_min : -278.29886
eval/ep_len_std : 0.0
eval/ep_len_max : 1000
eval/ep_len_min : 1000
step : 390000
eval_return : -14.405683
eval_ep_len : 1000.0
eval/return_std : 95.76622
eval/return_max : 58.727013
eval/return_min : -274.99042
eval/ep_len_std : 0.0
eval/ep_len_max : 1000
eval/ep_len_min : 1000
step : 395000
eval_return : 14.698181
eval_ep_len : 1000.0
eval/return_std : 66.201675
eval/return_max : 100.93106
eval/return_min : -125.295074
eval/ep_len_std : 0.0
eval/ep_len_max : 1000
eval/ep_len_min : 1000
step : 400000
eval_return : 84.70578
eval_ep_len : 1000.0
eval/return_std : 46.928127
eval/return_max : 179.07011
eval/return_min : 11.02453
eval/ep_len_std : 0.0
eval/ep_len_max : 1000
eval/ep_len_min : 1000
step : 405000
eval_return : 92.17952
eval_ep_len : 1000.0
eval/return_std : 125.446495
eval/return_max : 261.01883
eval/return_min : -124.291214
eval/ep_len_std : 0.0
eval/ep_len_max : 1000
eval/ep_len_min : 1000
step : 410000
eval_return : 83.04915
eval_ep_len : 1000.0
eval/return_std : 205.65898
eval/return_max : 297.4675
eval/return_min : -350.9498
eval/ep_len_std : 0.0
eval/ep_len_max : 1000
eval/ep_len_min : 1000
step : 415000
eval_return : 19.685846
eval_ep_len : 1000.0
eval/return_std : 86.34933
eval/return_max : 133.6927
eval/return_min : -166.94812
eval/ep_len_std : 0.0
eval/ep_len_max : 1000
eval/ep_len_min : 1000
step : 420000
eval_return : 57.575764
eval_ep_len : 1000.0
eval/return_std : 40.077713
eval/return_max : 134.65082
eval/return_min : 1.4162891
eval/ep_len_std : 0.0
eval/ep_len_max : 1000
eval/ep_len_min : 1000
step : 425000
eval_return : 88.64402
eval_ep_len : 1000.0
eval/return_std : 67.60073
eval/return_max : 218.02731
eval/return_min : -4.6300592
eval/ep_len_std : 0.0
eval/ep_len_max : 1000
eval/ep_len_min : 1000
step : 430000
eval_return : -25.773031
eval_ep_len : 1000.0
eval/return_std : 126.68331
eval/return_max : 138.76683
eval/return_min : -216.2679
eval/ep_len_std : 0.0
eval/ep_len_max : 1000
eval/ep_len_min : 1000
step : 435000
eval_return : -144.36313
eval_ep_len : 1000.0
eval/return_std : 219.32832
eval/return_max : 207.03207
eval/return_min : -450.31067
eval/ep_len_std : 0.0
eval/ep_len_max : 1000
eval/ep_len_min : 1000
step : 440000
eval_return : 44.68547
eval_ep_len : 1000.0
eval/return_std : 40.8474
eval/return_max : 121.75276
eval/return_min : -35.249462
eval/ep_len_std : 0.0
eval/ep_len_max : 1000
eval/ep_len_min : 1000
step : 445000
eval_return : 147.73895
eval_ep_len : 1000.0
eval/return_std : 55.545082
eval/return_max : 238.67018
eval/return_min : 43.303005
eval/ep_len_std : 0.0
eval/ep_len_max : 1000
eval/ep_len_min : 1000
step : 450000
eval_return : 128.4782
eval_ep_len : 1000.0
eval/return_std : 29.170212
eval/return_max : 158.96707
eval/return_min : 57.544502
eval/ep_len_std : 0.0
eval/ep_len_max : 1000
eval/ep_len_min : 1000
step : 455000
eval_return : 76.2903
eval_ep_len : 1000.0
eval/return_std : 50.68947
eval/return_max : 156.97153
eval/return_min : -15.117451
eval/ep_len_std : 0.0
eval/ep_len_max : 1000
eval/ep_len_min : 1000
step : 460000
eval_return : -73.06614
eval_ep_len : 1000.0
eval/return_std : 48.591324
eval/return_max : -25.087748
eval/return_min : -176.84244
eval/ep_len_std : 0.0
eval/ep_len_max : 1000
eval/ep_len_min : 1000
step : 465000
eval_return : 191.32721
eval_ep_len : 1000.0
eval/return_std : 103.54909
eval/return_max : 319.6099
eval/return_min : 2.6802692
eval/ep_len_std : 0.0
eval/ep_len_max : 1000
eval/ep_len_min : 1000
step : 470000
eval_return : 217.658
eval_ep_len : 1000.0
eval/return_std : 68.58699
eval/return_max : 318.47018
eval/return_min : 91.726425
eval/ep_len_std : 0.0
eval/ep_len_max : 1000
eval/ep_len_min : 1000
step : 475000
eval_return : 191.74313
eval_ep_len : 1000.0
eval/return_std : 35.640858
eval/return_max : 244.81004
eval/return_min : 120.35666
eval/ep_len_std : 0.0
eval/ep_len_max : 1000
eval/ep_len_min : 1000
step : 480000
eval_return : 182.1351
eval_ep_len : 1000.0
eval/return_std : 65.164
eval/return_max : 303.7035
eval/return_min : 66.8952
eval/ep_len_std : 0.0
eval/ep_len_max : 1000
eval/ep_len_min : 1000
step : 485000
eval_return : 138.74721
eval_ep_len : 1000.0
eval/return_std : 63.401188
eval/return_max : 244.54599
eval/return_min : 33.460247
eval/ep_len_std : 0.0
eval/ep_len_max : 1000
eval/ep_len_min : 1000
step : 490000
eval_return : 11.387459
eval_ep_len : 1000.0
eval/return_std : 86.86448
eval/return_max : 150.12286
eval/return_min : -124.822426
eval/ep_len_std : 0.0
eval/ep_len_max : 1000
eval/ep_len_min : 1000
step : 495000
eval_return : 34.341312
eval_ep_len : 1000.0
eval/return_std : 54.402874
eval/return_max : 160.97128
eval/return_min : -25.460312
eval/ep_len_std : 0.0
eval/ep_len_max : 1000
eval/ep_len_min : 1000
step : 500000
eval_return : 231.4794
eval_ep_len : 1000.0
eval/return_std : 68.70458
eval/return_max : 335.78043
eval/return_min : 95.55954
eval/ep_len_std : 0.0
eval/ep_len_max : 1000
eval/ep_len_min : 1000
step : 505000
eval_return : -21.352133
eval_ep_len : 1000.0
eval/return_std : 116.557655
eval/return_max : 174.60587
eval/return_min : -246.171
eval/ep_len_std : 0.0
eval/ep_len_max : 1000
eval/ep_len_min : 1000
step : 510000
eval_return : 211.4711
eval_ep_len : 1000.0
eval/return_std : 44.202774
eval/return_max : 279.75928
eval/return_min : 142.23851
eval/ep_len_std : 0.0
eval/ep_len_max : 1000
eval/ep_len_min : 1000
step : 515000
eval_return : 151.80698
eval_ep_len : 1000.0
eval/return_std : 215.51828
eval/return_max : 410.41602
eval/return_min : -358.06613
eval/ep_len_std : 0.0
eval/ep_len_max : 1000
eval/ep_len_min : 1000
step : 520000
eval_return : 73.34697
eval_ep_len : 1000.0
eval/return_std : 100.28408
eval/return_max : 241.34613
eval/return_min : -123.532814
eval/ep_len_std : 0.0
eval/ep_len_max : 1000
eval/ep_len_min : 1000
step : 525000
eval_return : 58.81814
eval_ep_len : 1000.0
eval/return_std : 98.30021
eval/return_max : 182.73732
eval/return_min : -139.9358
eval/ep_len_std : 0.0
eval/ep_len_max : 1000
eval/ep_len_min : 1000
step : 530000
eval_return : 174.9652
eval_ep_len : 1000.0
eval/return_std : 49.585052
eval/return_max : 258.8135
eval/return_min : 90.198845
eval/ep_len_std : 0.0
eval/ep_len_max : 1000
eval/ep_len_min : 1000
step : 535000
eval_return : 275.67587
eval_ep_len : 1000.0
eval/return_std : 56.333733
eval/return_max : 385.4331
eval/return_min : 172.8769
eval/ep_len_std : 0.0
eval/ep_len_max : 1000
eval/ep_len_min : 1000
step : 540000
eval_return : 110.827255
eval_ep_len : 1000.0
eval/return_std : 156.67203
eval/return_max : 323.16745
eval/return_min : -118.12795
eval/ep_len_std : 0.0
eval/ep_len_max : 1000
eval/ep_len_min : 1000
step : 545000
eval_return : 316.9716
eval_ep_len : 1000.0
eval/return_std : 229.09256
eval/return_max : 653.75793
eval/return_min : -174.30513
eval/ep_len_std : 0.0
eval/ep_len_max : 1000
eval/ep_len_min : 1000
step : 550000
eval_return : 208.61157
eval_ep_len : 1000.0
eval/return_std : 37.81612
eval/return_max : 259.23328
eval/return_min : 125.6392
eval/ep_len_std : 0.0
eval/ep_len_max : 1000
eval/ep_len_min : 1000
step : 555000
eval_return : 113.48606
eval_ep_len : 1000.0
eval/return_std : 111.66482
eval/return_max : 322.91156
eval/return_min : -65.9119
eval/ep_len_std : 0.0
eval/ep_len_max : 1000
eval/ep_len_min : 1000
step : 560000
eval_return : 163.84755
eval_ep_len : 1000.0
eval/return_std : 66.3965
eval/return_max : 332.45465
eval/return_min : 94.84948
eval/ep_len_std : 0.0
eval/ep_len_max : 1000
eval/ep_len_min : 1000
step : 565000
eval_return : 180.91684
eval_ep_len : 1000.0
eval/return_std : 56.49645
eval/return_max : 254.54842
eval/return_min : 43.25076
eval/ep_len_std : 0.0
eval/ep_len_max : 1000
eval/ep_len_min : 1000
step : 570000
eval_return : 193.80653
eval_ep_len : 1000.0
eval/return_std : 71.94205
eval/return_max : 303.95975
eval/return_min : 65.48343
eval/ep_len_std : 0.0
eval/ep_len_max : 1000
eval/ep_len_min : 1000
step : 575000
eval_return : -122.801186
eval_ep_len : 1000.0
eval/return_std : 76.37207
eval/return_max : 45.786232
eval/return_min : -253.8959
eval/ep_len_std : 0.0
eval/ep_len_max : 1000
eval/ep_len_min : 1000
step : 580000
eval_return : 62.58203
eval_ep_len : 1000.0
eval/return_std : 56.80203
eval/return_max : 151.59192
eval/return_min : -32.151432
eval/ep_len_std : 0.0
eval/ep_len_max : 1000
eval/ep_len_min : 1000
step : 585000
eval_return : 14.127586
eval_ep_len : 1000.0
eval/return_std : 204.25667
eval/return_max : 282.79922
eval/return_min : -274.25827
eval/ep_len_std : 0.0
eval/ep_len_max : 1000
eval/ep_len_min : 1000
step : 590000
eval_return : 227.23169
eval_ep_len : 1000.0
eval/return_std : 99.36204
eval/return_max : 419.1149
eval/return_min : 105.21703
eval/ep_len_std : 0.0
eval/ep_len_max : 1000
eval/ep_len_min : 1000
step : 595000
eval_return : 200.8988
eval_ep_len : 1000.0
eval/return_std : 65.07691
eval/return_max : 309.42166
eval/return_min : 127.79742
eval/ep_len_std : 0.0
eval/ep_len_max : 1000
eval/ep_len_min : 1000
step : 600000
eval_return : 104.7616
eval_ep_len : 1000.0
eval/return_std : 33.0402
eval/return_max : 182.93465
eval/return_min : 65.23175
eval/ep_len_std : 0.0
eval/ep_len_max : 1000
eval/ep_len_min : 1000
step : 605000
eval_return : 184.45227
eval_ep_len : 1000.0
eval/return_std : 59.57731
eval/return_max : 279.0132
eval/return_min : 99.30665
eval/ep_len_std : 0.0
eval/ep_len_max : 1000
eval/ep_len_min : 1000
step : 610000
eval_return : -103.04214
eval_ep_len : 1000.0
eval/return_std : 56.835136
eval/return_max : 34.245724
eval/return_min : -160.25833
eval/ep_len_std : 0.0
eval/ep_len_max : 1000
eval/ep_len_min : 1000
step : 615000
eval_return : -59.726044
eval_ep_len : 1000.0
eval/return_std : 29.739016
eval/return_max : -8.199276
eval/return_min : -105.57168
eval/ep_len_std : 0.0
eval/ep_len_max : 1000
eval/ep_len_min : 1000
step : 620000
eval_return : 128.57986
eval_ep_len : 1000.0
eval/return_std : 56.75823
eval/return_max : 240.91698
eval/return_min : 38.33904
eval/ep_len_std : 0.0
eval/ep_len_max : 1000
eval/ep_len_min : 1000
step : 625000
eval_return : 31.96668
eval_ep_len : 1000.0
eval/return_std : 76.61117
eval/return_max : 241.86942
eval/return_min : -36.813236
eval/ep_len_std : 0.0
eval/ep_len_max : 1000
eval/ep_len_min : 1000
step : 630000
eval_return : 301.89307
eval_ep_len : 1000.0
eval/return_std : 57.37698
eval/return_max : 412.3692
eval/return_min : 212.42354
eval/ep_len_std : 0.0
eval/ep_len_max : 1000
eval/ep_len_min : 1000
step : 635000
eval_return : -13.058317
eval_ep_len : 1000.0
eval/return_std : 184.87161
eval/return_max : 212.08298
eval/return_min : -361.64676
eval/ep_len_std : 0.0
eval/ep_len_max : 1000
eval/ep_len_min : 1000
step : 640000
eval_return : 208.78569
eval_ep_len : 1000.0
eval/return_std : 136.16891
eval/return_max : 470.80914
eval/return_min : -79.75131
eval/ep_len_std : 0.0
eval/ep_len_max : 1000
eval/ep_len_min : 1000
step : 645000
eval_return : 70.071526
eval_ep_len : 1000.0
eval/return_std : 184.70868
eval/return_max : 267.1142
eval/return_min : -276.8019
eval/ep_len_std : 0.0
eval/ep_len_max : 1000
eval/ep_len_min : 1000
step : 650000
eval_return : 78.82516
eval_ep_len : 1000.0
eval/return_std : 122.62877
eval/return_max : 240.79073
eval/return_min : -199.05809
eval/ep_len_std : 0.0
eval/ep_len_max : 1000
eval/ep_len_min : 1000
step : 655000
eval_return : 140.94131
eval_ep_len : 1000.0
eval/return_std : 55.909996
eval/return_max : 258.7615
eval/return_min : 40.880028
eval/ep_len_std : 0.0
eval/ep_len_max : 1000
eval/ep_len_min : 1000
step : 660000
eval_return : 238.8107
eval_ep_len : 1000.0
eval/return_std : 61.915306
eval/return_max : 335.8677
eval/return_min : 133.73271
eval/ep_len_std : 0.0
eval/ep_len_max : 1000
eval/ep_len_min : 1000
step : 665000
eval_return : -66.84695
eval_ep_len : 1000.0
eval/return_std : 227.31256
eval/return_max : 282.61996
eval/return_min : -352.1723
eval/ep_len_std : 0.0
eval/ep_len_max : 1000
eval/ep_len_min : 1000
step : 670000
eval_return : 238.82944
eval_ep_len : 1000.0
eval/return_std : 91.90339
eval/return_max : 396.5212
eval/return_min : 55.79397
eval/ep_len_std : 0.0
eval/ep_len_max : 1000
eval/ep_len_min : 1000
step : 675000
eval_return : 297.91364
eval_ep_len : 1000.0
eval/return_std : 76.443214
eval/return_max : 413.09103
eval/return_min : 158.449
eval/ep_len_std : 0.0
eval/ep_len_max : 1000
eval/ep_len_min : 1000
step : 680000
eval_return : 6.0343413
eval_ep_len : 1000.0
eval/return_std : 159.89427
eval/return_max : 420.65057
eval/return_min : -173.28702
eval/ep_len_std : 0.0
eval/ep_len_max : 1000
eval/ep_len_min : 1000
step : 685000
eval_return : 30.557547
eval_ep_len : 1000.0
eval/return_std : 176.62494
eval/return_max : 321.12256
eval/return_min : -325.19058
eval/ep_len_std : 0.0
eval/ep_len_max : 1000
eval/ep_len_min : 1000
step : 690000
eval_return : 252.551
eval_ep_len : 1000.0
eval/return_std : 60.45063
eval/return_max : 349.67474
eval/return_min : 162.88895
eval/ep_len_std : 0.0
eval/ep_len_max : 1000
eval/ep_len_min : 1000
step : 695000
eval_return : 316.39093
eval_ep_len : 1000.0
eval/return_std : 135.66571
eval/return_max : 467.33215
eval/return_min : 1.5065994
eval/ep_len_std : 0.0
eval/ep_len_max : 1000
eval/ep_len_min : 1000
step : 700000
eval_return : 90.04833
eval_ep_len : 1000.0
eval/return_std : 25.674864
eval/return_max : 135.11887
eval/return_min : 47.22297
eval/ep_len_std : 0.0
eval/ep_len_max : 1000
eval/ep_len_min : 1000
step : 705000
eval_return : 224.28012
eval_ep_len : 1000.0
eval/return_std : 67.522156
eval/return_max : 330.73035
eval/return_min : 92.84144
eval/ep_len_std : 0.0
eval/ep_len_max : 1000
eval/ep_len_min : 1000
step : 710000
eval_return : 64.870255
eval_ep_len : 1000.0
eval/return_std : 36.008263
eval/return_max : 143.87115
eval/return_min : 4.6314635
eval/ep_len_std : 0.0
eval/ep_len_max : 1000
eval/ep_len_min : 1000
step : 715000
eval_return : 341.62137
eval_ep_len : 1000.0
eval/return_std : 43.608704
eval/return_max : 412.73056
eval/return_min : 240.35884
eval/ep_len_std : 0.0
eval/ep_len_max : 1000
eval/ep_len_min : 1000
step : 720000
eval_return : 192.2386
eval_ep_len : 1000.0
eval/return_std : 152.29863
eval/return_max : 393.0938
eval/return_min : -171.44006
eval/ep_len_std : 0.0
eval/ep_len_max : 1000
eval/ep_len_min : 1000
step : 725000
eval_return : -209.18848
eval_ep_len : 1000.0
eval/return_std : 45.532715
eval/return_max : -130.35506
eval/return_min : -277.07336
eval/ep_len_std : 0.0
eval/ep_len_max : 1000
eval/ep_len_min : 1000
step : 730000
eval_return : 341.30057
eval_ep_len : 1000.0
eval/return_std : 71.55982
eval/return_max : 475.4647
eval/return_min : 225.7659
eval/ep_len_std : 0.0
eval/ep_len_max : 1000
eval/ep_len_min : 1000
step : 735000
eval_return : 95.073685
eval_ep_len : 1000.0
eval/return_std : 77.857635
eval/return_max : 254.17929
eval/return_min : -1.0077593
eval/ep_len_std : 0.0
eval/ep_len_max : 1000
eval/ep_len_min : 1000
step : 740000
eval_return : 305.84766
eval_ep_len : 1000.0
eval/return_std : 85.18259
eval/return_max : 458.1254
eval/return_min : 205.625
eval/ep_len_std : 0.0
eval/ep_len_max : 1000
eval/ep_len_min : 1000
step : 745000
eval_return : 180.67021
eval_ep_len : 1000.0
eval/return_std : 64.94126
eval/return_max : 298.7268
eval/return_min : 62.803112
eval/ep_len_std : 0.0
eval/ep_len_max : 1000
eval/ep_len_min : 1000
step : 750000
eval_return : 37.019085
eval_ep_len : 1000.0
eval/return_std : 54.635113
eval/return_max : 128.6659
eval/return_min : -61.08538
eval/ep_len_std : 0.0
eval/ep_len_max : 1000
eval/ep_len_min : 1000
step : 755000
eval_return : 117.97422
eval_ep_len : 1000.0
eval/return_std : 46.490047
eval/return_max : 208.408
eval/return_min : 33.842926
eval/ep_len_std : 0.0
eval/ep_len_max : 1000
eval/ep_len_min : 1000
step : 760000
eval_return : 114.13882
eval_ep_len : 1000.0
eval/return_std : 56.481113
eval/return_max : 187.54411
eval/return_min : -12.416503
eval/ep_len_std : 0.0
eval/ep_len_max : 1000
eval/ep_len_min : 1000
step : 765000
eval_return : 132.52463
eval_ep_len : 1000.0
eval/return_std : 195.35788
eval/return_max : 435.55713
eval/return_min : -262.39587
eval/ep_len_std : 0.0
eval/ep_len_max : 1000
eval/ep_len_min : 1000
step : 770000
eval_return : 241.91252
eval_ep_len : 1000.0
eval/return_std : 157.87813
eval/return_max : 423.85626
eval/return_min : -131.34143
eval/ep_len_std : 0.0
eval/ep_len_max : 1000
eval/ep_len_min : 1000
step : 775000
eval_return : 105.55613
eval_ep_len : 1000.0
eval/return_std : 94.094215
eval/return_max : 239.02907
eval/return_min : -148.38327
eval/ep_len_std : 0.0
eval/ep_len_max : 1000
eval/ep_len_min : 1000
step : 780000
eval_return : 159.79503
eval_ep_len : 1000.0
eval/return_std : 72.10629
eval/return_max : 278.37677
eval/return_min : 30.506851
eval/ep_len_std : 0.0
eval/ep_len_max : 1000
eval/ep_len_min : 1000
step : 785000
eval_return : 186.15929
eval_ep_len : 1000.0
eval/return_std : 84.38577
eval/return_max : 401.74957
eval/return_min : 81.294075
eval/ep_len_std : 0.0
eval/ep_len_max : 1000
eval/ep_len_min : 1000
step : 790000
eval_return : 260.51227
eval_ep_len : 1000.0
eval/return_std : 58.473362
eval/return_max : 347.83893
eval/return_min : 180.53159
eval/ep_len_std : 0.0
eval/ep_len_max : 1000
eval/ep_len_min : 1000
step : 795000
eval_return : 72.51323
eval_ep_len : 1000.0
eval/return_std : 239.8197
eval/return_max : 329.0629
eval/return_min : -347.23975
eval/ep_len_std : 0.0
eval/ep_len_max : 1000
eval/ep_len_min : 1000
step : 800000
eval_return : 113.43341
eval_ep_len : 1000.0
eval/return_std : 91.100555
eval/return_max : 250.74844
eval/return_min : -57.98428
eval/ep_len_std : 0.0
eval/ep_len_max : 1000
eval/ep_len_min : 1000
step : 805000
eval_return : 81.83177
eval_ep_len : 1000.0
eval/return_std : 77.28394
eval/return_max : 200.3964
eval/return_min : -44.480164
eval/ep_len_std : 0.0
eval/ep_len_max : 1000
eval/ep_len_min : 1000
step : 810000
eval_return : 8.4380045
eval_ep_len : 1000.0
eval/return_std : 112.41819
eval/return_max : 171.27568
eval/return_min : -205.60257
eval/ep_len_std : 0.0
eval/ep_len_max : 1000
eval/ep_len_min : 1000
step : 815000
eval_return : 70.31027
eval_ep_len : 1000.0
eval/return_std : 51.614357
eval/return_max : 146.34221
eval/return_min : -3.3978558
eval/ep_len_std : 0.0
eval/ep_len_max : 1000
eval/ep_len_min : 1000
step : 820000
eval_return : 26.58371
eval_ep_len : 1000.0
eval/return_std : 53.693634
eval/return_max : 111.49583
eval/return_min : -45.945213
eval/ep_len_std : 0.0
eval/ep_len_max : 1000
eval/ep_len_min : 1000
step : 825000
eval_return : -44.153515
eval_ep_len : 1000.0
eval/return_std : 210.7637
eval/return_max : 196.3193
eval/return_min : -343.17615
eval/ep_len_std : 0.0
eval/ep_len_max : 1000
eval/ep_len_min : 1000
step : 830000
eval_return : 200.19406
eval_ep_len : 1000.0
eval/return_std : 170.97905
eval/return_max : 399.16437
eval/return_min : -162.69962
eval/ep_len_std : 0.0
eval/ep_len_max : 1000
eval/ep_len_min : 1000
step : 835000
eval_return : -15.363797
eval_ep_len : 1000.0
eval/return_std : 249.89842
eval/return_max : 238.22366
eval/return_min : -479.23288
eval/ep_len_std : 0.0
eval/ep_len_max : 1000
eval/ep_len_min : 1000
step : 840000
eval_return : 135.44312
eval_ep_len : 1000.0
eval/return_std : 50.036777
eval/return_max : 208.57404
eval/return_min : 60.57946
eval/ep_len_std : 0.0
eval/ep_len_max : 1000
eval/ep_len_min : 1000
step : 845000
eval_return : 92.91084
eval_ep_len : 1000.0
eval/return_std : 133.95737
eval/return_max : 240.04291
eval/return_min : -216.30672
eval/ep_len_std : 0.0
eval/ep_len_max : 1000
eval/ep_len_min : 1000
step : 850000
eval_return : 235.49727
eval_ep_len : 1000.0
eval/return_std : 76.15517
eval/return_max : 366.68716
eval/return_min : 116.571075
eval/ep_len_std : 0.0
eval/ep_len_max : 1000
eval/ep_len_min : 1000
step : 855000
eval_return : 156.8552
eval_ep_len : 1000.0
eval/return_std : 75.39036
eval/return_max : 288.6834
eval/return_min : 50.67718
eval/ep_len_std : 0.0
eval/ep_len_max : 1000
eval/ep_len_min : 1000
step : 860000
eval_return : 232.43259
eval_ep_len : 1000.0
eval/return_std : 60.236702
eval/return_max : 359.81082
eval/return_min : 119.09857
eval/ep_len_std : 0.0
eval/ep_len_max : 1000
eval/ep_len_min : 1000
step : 865000
eval_return : 170.8257
eval_ep_len : 1000.0
eval/return_std : 51.40336
eval/return_max : 283.26266
eval/return_min : 110.77259
eval/ep_len_std : 0.0
eval/ep_len_max : 1000
eval/ep_len_min : 1000
step : 870000
eval_return : 184.17548
eval_ep_len : 1000.0
eval/return_std : 81.661354
eval/return_max : 285.37164
eval/return_min : 24.386728
eval/ep_len_std : 0.0
eval/ep_len_max : 1000
eval/ep_len_min : 1000
step : 875000
eval_return : 144.56322
eval_ep_len : 1000.0
eval/return_std : 86.19118
eval/return_max : 295.72195
eval/return_min : 47.436836
eval/ep_len_std : 0.0
eval/ep_len_max : 1000
eval/ep_len_min : 1000
step : 880000
eval_return : 8.627094
eval_ep_len : 1000.0
eval/return_std : 15.426332
eval/return_max : 46.991337
eval/return_min : -10.330599
eval/ep_len_std : 0.0
eval/ep_len_max : 1000
eval/ep_len_min : 1000
step : 885000
eval_return : 174.41064
eval_ep_len : 1000.0
eval/return_std : 63.987247
eval/return_max : 288.2251
eval/return_min : 85.02955
eval/ep_len_std : 0.0
eval/ep_len_max : 1000
eval/ep_len_min : 1000
step : 890000
eval_return : 153.42337
eval_ep_len : 1000.0
eval/return_std : 88.84647
eval/return_max : 276.17856
eval/return_min : 25.482653
eval/ep_len_std : 0.0
eval/ep_len_max : 1000
eval/ep_len_min : 1000
step : 895000
eval_return : 226.99576
eval_ep_len : 1000.0
eval/return_std : 82.34669
eval/return_max : 336.80505
eval/return_min : 26.105585
eval/ep_len_std : 0.0
eval/ep_len_max : 1000
eval/ep_len_min : 1000
step : 900000
eval_return : 175.20638
eval_ep_len : 1000.0
eval/return_std : 62.36637
eval/return_max : 284.45477
eval/return_min : 30.439714
eval/ep_len_std : 0.0
eval/ep_len_max : 1000
eval/ep_len_min : 1000
step : 905000
eval_return : 187.42015
eval_ep_len : 1000.0
eval/return_std : 80.50284
eval/return_max : 336.9439
eval/return_min : 62.44218
eval/ep_len_std : 0.0
eval/ep_len_max : 1000
eval/ep_len_min : 1000
step : 910000
eval_return : 146.97182
eval_ep_len : 1000.0
eval/return_std : 142.41405
eval/return_max : 301.54932
eval/return_min : -251.40697
eval/ep_len_std : 0.0
eval/ep_len_max : 1000
eval/ep_len_min : 1000
step : 915000
eval_return : 135.14046
eval_ep_len : 1000.0
eval/return_std : 104.8622
eval/return_max : 255.58772
eval/return_min : -119.89946
eval/ep_len_std : 0.0
eval/ep_len_max : 1000
eval/ep_len_min : 1000
step : 920000
eval_return : 36.886497
eval_ep_len : 1000.0
eval/return_std : 80.4745
eval/return_max : 175.96535
eval/return_min : -52.634335
eval/ep_len_std : 0.0
eval/ep_len_max : 1000
eval/ep_len_min : 1000
step : 925000
eval_return : 580.4749
eval_ep_len : 1000.0
eval/return_std : 104.484146
eval/return_max : 747.7729
eval/return_min : 353.89304
eval/ep_len_std : 0.0
eval/ep_len_max : 1000
eval/ep_len_min : 1000
step : 930000
eval_return : 287.50848
eval_ep_len : 1000.0
eval/return_std : 51.269993
eval/return_max : 372.54507
eval/return_min : 213.65663
eval/ep_len_std : 0.0
eval/ep_len_max : 1000
eval/ep_len_min : 1000
step : 935000
eval_return : 213.56015
eval_ep_len : 1000.0
eval/return_std : 72.894714
eval/return_max : 372.8202
eval/return_min : 136.59613
eval/ep_len_std : 0.0
eval/ep_len_max : 1000
eval/ep_len_min : 1000
step : 940000
eval_return : -97.70437
eval_ep_len : 1000.0
eval/return_std : 101.509445
eval/return_max : 104.67308
eval/return_min : -257.11807
eval/ep_len_std : 0.0
eval/ep_len_max : 1000
eval/ep_len_min : 1000
step : 945000
eval_return : 205.43607
eval_ep_len : 1000.0
eval/return_std : 155.69717
eval/return_max : 448.89355
eval/return_min : -101.2328
eval/ep_len_std : 0.0
eval/ep_len_max : 1000
eval/ep_len_min : 1000
step : 950000
eval_return : 81.24808
eval_ep_len : 1000.0
eval/return_std : 49.539024
eval/return_max : 192.71086
eval/return_min : -8.679385
eval/ep_len_std : 0.0
eval/ep_len_max : 1000
eval/ep_len_min : 1000
step : 955000
eval_return : 253.67595
eval_ep_len : 1000.0
eval/return_std : 51.168785
eval/return_max : 349.17526
eval/return_min : 164.00766
eval/ep_len_std : 0.0
eval/ep_len_max : 1000
eval/ep_len_min : 1000
step : 960000
eval_return : 182.59323
eval_ep_len : 1000.0
eval/return_std : 48.57611
eval/return_max : 244.23883
eval/return_min : 104.768456
eval/ep_len_std : 0.0
eval/ep_len_max : 1000
eval/ep_len_min : 1000
step : 965000
eval_return : 68.28322
eval_ep_len : 1000.0
eval/return_std : 85.49149
eval/return_max : 237.53348
eval/return_min : -50.19075
eval/ep_len_std : 0.0
eval/ep_len_max : 1000
eval/ep_len_min : 1000
step : 970000
eval_return : 233.34102
eval_ep_len : 1000.0
eval/return_std : 186.19914
eval/return_max : 451.2789
eval/return_min : -262.2371
eval/ep_len_std : 0.0
eval/ep_len_max : 1000
eval/ep_len_min : 1000
step : 975000
eval_return : 201.07932
eval_ep_len : 1000.0
eval/return_std : 69.9002
eval/return_max : 310.37067
eval/return_min : 95.870415
eval/ep_len_std : 0.0
eval/ep_len_max : 1000
eval/ep_len_min : 1000
step : 980000
eval_return : 128.77267
eval_ep_len : 1000.0
eval/return_std : 61.661953
eval/return_max : 219.92955
eval/return_min : 20.965063
eval/ep_len_std : 0.0
eval/ep_len_max : 1000
eval/ep_len_min : 1000
step : 985000
eval_return : 195.37236
eval_ep_len : 1000.0
eval/return_std : 121.68603
eval/return_max : 381.7137
eval/return_min : -89.74763
eval/ep_len_std : 0.0
eval/ep_len_max : 1000
eval/ep_len_min : 1000
step : 990000
eval_return : 200.45792
eval_ep_len : 1000.0
eval/return_std : 93.23246
eval/return_max : 410.811
eval/return_min : 81.87005
eval/ep_len_std : 0.0
eval/ep_len_max : 1000
eval/ep_len_min : 1000
step : 995000
eval_return : 396.52716
eval_ep_len : 1000.0
eval/return_std : 68.15184
eval/return_max : 491.39966
eval/return_min : 298.6736
eval/ep_len_std : 0.0
eval/ep_len_max : 1000
eval/ep_len_min : 1000
