/opt/conda/envs/CS285/lib/python3.10/site-packages/gym/core.py:317: DeprecationWarning: [33mWARN: Initializing wrapper in old step API which returns one bool instead of two. It is recommended to set `new_step_api=True` to use new step API. This will be the default behaviour in future.[0m
deprecation(
/opt/conda/envs/CS285/lib/python3.10/site-packages/gym/wrappers/step_api_compatibility.py:39: DeprecationWarning: [33mWARN: Initializing environment in old step API which returns one bool instead of two. It is recommended to set `new_step_api=True` to use new step API. This will be the default behaviour in future.[0m
deprecation(
[INFO] setting additional args:
{'bird method': False}
########################
logging outputs to  /root/CS285_homework/hw3/cs285/scripts/../../data/hw3_sac_sac_humanoid_Humanoid-v4_reparametrize_s256_l3_alr0.0003_clr0.0003_b256_d0.99_t0.05_stu0.005_min_04-06-2024_11-47-33
########################
Using GPU id 1
agent info:
{'training': True, '_parameters': OrderedDict(), '_buffers': OrderedDict(), '_non_persistent_buffers_set': set(), '_backward_pre_hooks': OrderedDict(), '_backward_hooks': OrderedDict(), '_is_full_backward_hook': None, '_forward_hooks': OrderedDict(), '_forward_hooks_with_kwargs': OrderedDict(), '_forward_hooks_always_called': OrderedDict(), '_forward_pre_hooks': OrderedDict(), '_forward_pre_hooks_with_kwargs': OrderedDict(), '_state_dict_hooks': OrderedDict(), '_state_dict_pre_hooks': OrderedDict(), '_load_state_dict_pre_hooks': OrderedDict(), '_load_state_dict_post_hooks': OrderedDict(), '_modules': OrderedDict([('actor', MLPPolicy(
(net): Sequential(
(0): Linear(in_features=376, out_features=256, bias=True)
(1): Tanh()
(2): Linear(in_features=256, out_features=256, bias=True)
(3): Tanh()
(4): Linear(in_features=256, out_features=256, bias=True)
(5): Tanh()
(6): Linear(in_features=256, out_features=34, bias=True)
(7): Identity()
)
)), ('critics', ModuleList(
(0-1): 2 x StateActionCritic(
(net): Sequential(
(0): Linear(in_features=393, out_features=256, bias=True)
(1): Tanh()
(2): Linear(in_features=256, out_features=256, bias=True)
(3): Tanh()
(4): Linear(in_features=256, out_features=256, bias=True)
(5): Tanh()
(6): Linear(in_features=256, out_features=1, bias=True)
(7): Identity()
)
)
)), ('target_critics', ModuleList(
(0-1): 2 x StateActionCritic(
(net): Sequential(
(0): Linear(in_features=393, out_features=256, bias=True)
(1): Tanh()
(2): Linear(in_features=256, out_features=256, bias=True)
(3): Tanh()
(4): Linear(in_features=256, out_features=256, bias=True)
(5): Tanh()
(6): Linear(in_features=256, out_features=1, bias=True)
(7): Identity()
)
)
)), ('critic_loss', MSELoss())]), 'actor_optimizer': Adam (
Parameter Group 0
amsgrad: False
betas: (0.9, 0.999)
capturable: False
differentiable: False
eps: 1e-08
foreach: None
fused: None
initial_lr: 0.0003
lr: 0.0003
maximize: False
weight_decay: 0
), 'actor_lr_scheduler': <torch.optim.lr_scheduler.ConstantLR object at 0x7f8f4aeb55a0>, 'critic_optimizer': Adam (
Parameter Group 0
amsgrad: False
betas: (0.9, 0.999)
capturable: False
differentiable: False
eps: 1e-08
foreach: None
fused: None
initial_lr: 0.0003
lr: 0.0003
maximize: False
weight_decay: 0
), 'critic_lr_scheduler': <torch.optim.lr_scheduler.ConstantLR object at 0x7f8f3d2409a0>, 'observation_shape': (376,), 'action_dim': 17, 'discount': 0.99, 'target_update_period': None, 'target_critic_backup_type': 'min', 'num_critic_networks': 2, 'use_entropy_bonus': True, 'temperature': 0.05, 'actor_gradient_type': 'reparametrize', 'num_actor_samples': 1, 'num_critic_updates': 1, 'soft_target_update_rate': 0.005, 'backup_entropy': True}
/opt/conda/envs/CS285/lib/python3.10/site-packages/gym/utils/passive_env_checker.py:241: DeprecationWarning: `np.bool8` is a deprecated alias for `np.bool_`.  (Deprecated NumPy 1.24)
if not isinstance(terminated, (bool, np.bool8)):
step : 0
/opt/conda/envs/CS285/lib/python3.10/site-packages/tensorboardX/summary.py:153: DeprecationWarning: Conversion of an array with ndim > 0 to a scalar is deprecated, and will error in future. Ensure you extract a single element from your array before performing this operation. (Deprecated NumPy 1.25.)
scalar = float(scalar)
eval_return : 134.34735
eval_ep_len : 26.9
eval/return_std : 42.40672
eval/return_max : 226.8445
eval/return_min : 88.38362
eval/ep_len_std : 8.619164692706596
eval/ep_len_max : 47
eval/ep_len_min : 18
step : 5000
eval_return : 150.5159
eval_ep_len : 29.4
eval/return_std : 32.925354
eval/return_max : 204.13101
eval/return_min : 100.11971
eval/ep_len_std : 6.499230723708768
eval/ep_len_max : 40
eval/ep_len_min : 20
step : 10000
eval_return : 116.18782
eval_ep_len : 23.1
eval/return_std : 24.778751
eval/return_max : 164.91798
eval/return_min : 88.66673
eval/ep_len_std : 4.763402145525822
eval/ep_len_max : 33
eval/ep_len_min : 18
step : 15000
eval_return : 397.72113
eval_ep_len : 77.3
eval/return_std : 81.34415
eval/return_max : 598.1775
eval/return_min : 308.85828
eval/ep_len_std : 14.993665329064806
eval/ep_len_max : 115
eval/ep_len_min : 61
step : 20000
eval_return : 397.84796
eval_ep_len : 78.6
eval/return_std : 54.091305
eval/return_max : 490.1787
eval/return_min : 304.1542
eval/ep_len_std : 13.792751719653335
eval/ep_len_max : 107
eval/ep_len_min : 61
step : 25000
eval_return : 401.04416
eval_ep_len : 82.5
eval/return_std : 102.81838
eval/return_max : 592.66895
eval/return_min : 267.7865
eval/ep_len_std : 18.222239159883728
eval/ep_len_max : 115
eval/ep_len_min : 59
step : 30000
eval_return : 355.97473
eval_ep_len : 72.1
eval/return_std : 52.505203
eval/return_max : 468.28314
eval/return_min : 296.27457
eval/ep_len_std : 10.728000745712128
eval/ep_len_max : 87
eval/ep_len_min : 56
step : 35000
eval_return : 359.5326
eval_ep_len : 70.8
eval/return_std : 52.58942
eval/return_max : 438.18335
eval/return_min : 284.95795
eval/ep_len_std : 11.608617488745162
eval/ep_len_max : 92
eval/ep_len_min : 56
step : 40000
eval_return : 367.8864
eval_ep_len : 75.5
eval/return_std : 59.160954
eval/return_max : 474.72495
eval/return_min : 262.9613
eval/ep_len_std : 13.11678314221898
eval/ep_len_max : 96
eval/ep_len_min : 55
step : 45000
eval_return : 368.79047
eval_ep_len : 70.4
eval/return_std : 73.71193
eval/return_max : 540.7292
eval/return_min : 235.53046
eval/ep_len_std : 14.927826365549674
eval/ep_len_max : 104
eval/ep_len_min : 45
step : 50000
eval_return : 317.8499
eval_ep_len : 65.9
eval/return_std : 54.2642
eval/return_max : 414.3685
eval/return_min : 199.86427
eval/ep_len_std : 14.038874598770374
eval/ep_len_max : 96
eval/ep_len_min : 40
step : 55000
eval_return : 429.80078
eval_ep_len : 89.5
eval/return_std : 145.3227
eval/return_max : 809.83295
eval/return_min : 286.35
eval/ep_len_std : 28.161143442694225
eval/ep_len_max : 159
eval/ep_len_min : 63
step : 60000
eval_return : 389.78418
eval_ep_len : 81.2
eval/return_std : 65.2422
eval/return_max : 532.57947
eval/return_min : 296.70795
eval/ep_len_std : 14.89160837518903
eval/ep_len_max : 110
eval/ep_len_min : 56
step : 65000
eval_return : 367.06326
eval_ep_len : 78.5
eval/return_std : 54.72344
eval/return_max : 443.1332
eval/return_min : 245.20644
eval/ep_len_std : 12.547908192204787
eval/ep_len_max : 95
eval/ep_len_min : 54
step : 70000
eval_return : 535.75305
eval_ep_len : 104.6
eval/return_std : 203.38116
eval/return_max : 944.955
eval/return_min : 248.91724
eval/ep_len_std : 38.5595643128913
eval/ep_len_max : 183
eval/ep_len_min : 57
step : 75000
eval_return : 432.8732
eval_ep_len : 87.6
eval/return_std : 97.93668
eval/return_max : 588.2034
eval/return_min : 252.43149
eval/ep_len_std : 22.68567830151878
eval/ep_len_max : 131
eval/ep_len_min : 47
step : 80000
eval_return : 562.2125
eval_ep_len : 111.0
eval/return_std : 213.83081
eval/return_max : 993.6039
eval/return_min : 367.85583
eval/ep_len_std : 42.405188361803084
eval/ep_len_max : 197
eval/ep_len_min : 76
step : 85000
eval_return : 473.44147
eval_ep_len : 93.6
eval/return_std : 146.67253
eval/return_max : 726.22375
eval/return_min : 319.83478
eval/ep_len_std : 34.09750724026611
eval/ep_len_max : 149
eval/ep_len_min : 58
step : 90000
eval_return : 470.15112
eval_ep_len : 95.8
eval/return_std : 73.05042
eval/return_max : 581.9594
eval/return_min : 337.8072
eval/ep_len_std : 16.302147097851865
eval/ep_len_max : 124
eval/ep_len_min : 67
step : 95000
eval_return : 474.42236
eval_ep_len : 96.7
eval/return_std : 157.07939
eval/return_max : 790.24567
eval/return_min : 294.7356
eval/ep_len_std : 29.863188041466707
eval/ep_len_max : 151
eval/ep_len_min : 64
step : 100000
eval_return : 485.26508
eval_ep_len : 98.7
eval/return_std : 92.605484
eval/return_max : 669.00336
eval/return_min : 362.28888
eval/ep_len_std : 18.433936096232948
eval/ep_len_max : 133
eval/ep_len_min : 69
step : 105000
eval_return : 507.20062
eval_ep_len : 102.0
eval/return_std : 123.67549
eval/return_max : 745.5608
eval/return_min : 363.54147
eval/ep_len_std : 27.996428343629834
eval/ep_len_max : 164
eval/ep_len_min : 67
step : 110000
eval_return : 447.5434
eval_ep_len : 90.0
eval/return_std : 54.789593
eval/return_max : 551.2503
eval/return_min : 343.68524
eval/ep_len_std : 8.977750274985375
eval/ep_len_max : 104
eval/ep_len_min : 78
step : 115000
eval_return : 513.5317
eval_ep_len : 104.5
eval/return_std : 97.40896
eval/return_max : 704.5013
eval/return_min : 338.85623
eval/ep_len_std : 21.41611542740653
eval/ep_len_max : 151
eval/ep_len_min : 69
step : 120000
eval_return : 515.5587
eval_ep_len : 105.0
eval/return_std : 173.89865
eval/return_max : 900.53937
eval/return_min : 309.77682
eval/ep_len_std : 39.48164130326904
eval/ep_len_max : 191
eval/ep_len_min : 59
step : 125000
eval_return : 494.1434
eval_ep_len : 99.8
eval/return_std : 123.04418
eval/return_max : 750.4186
eval/return_min : 358.73276
eval/ep_len_std : 26.179381199715166
eval/ep_len_max : 163
eval/ep_len_min : 74
step : 130000
eval_return : 460.5769
eval_ep_len : 92.9
eval/return_std : 146.34683
eval/return_max : 872.1686
eval/return_min : 310.45224
eval/ep_len_std : 29.61232851364445
eval/ep_len_max : 170
eval/ep_len_min : 57
step : 135000
eval_return : 546.9557
eval_ep_len : 111.7
eval/return_std : 283.60422
eval/return_max : 1314.3153
eval/return_min : 344.01752
eval/ep_len_std : 60.900000000000006
eval/ep_len_max : 272
eval/ep_len_min : 64
step : 140000
eval_return : 434.83218
eval_ep_len : 91.3
eval/return_std : 128.11739
eval/return_max : 684.82635
eval/return_min : 250.62549
eval/ep_len_std : 28.61485628130954
eval/ep_len_max : 150
eval/ep_len_min : 50
step : 145000
eval_return : 439.97745
eval_ep_len : 89.7
eval/return_std : 110.6571
eval/return_max : 710.4881
eval/return_min : 315.75345
eval/ep_len_std : 26.600939833020938
eval/ep_len_max : 149
eval/ep_len_min : 62
step : 150000
eval_return : 392.1963
eval_ep_len : 78.0
eval/return_std : 40.499165
eval/return_max : 458.06567
eval/return_min : 342.09592
eval/ep_len_std : 8.854377448471462
eval/ep_len_max : 90
eval/ep_len_min : 65
step : 155000
eval_return : 584.092
eval_ep_len : 117.2
eval/return_std : 246.22116
eval/return_max : 1046.5338
eval/return_min : 226.7566
eval/ep_len_std : 49.70472814531833
eval/ep_len_max : 209
eval/ep_len_min : 45
step : 160000
eval_return : 513.0165
eval_ep_len : 98.4
eval/return_std : 218.00296
eval/return_max : 911.5464
eval/return_min : 316.3695
eval/ep_len_std : 42.53516192516492
eval/ep_len_max : 178
eval/ep_len_min : 61
step : 165000
eval_return : 573.76154
eval_ep_len : 114.6
eval/return_std : 333.1496
eval/return_max : 1428.4376
eval/return_min : 317.7569
eval/ep_len_std : 68.98869472602016
eval/ep_len_max : 283
eval/ep_len_min : 61
step : 170000
eval_return : 445.6065
eval_ep_len : 89.2
eval/return_std : 96.725044
eval/return_max : 554.3415
eval/return_min : 273.74246
eval/ep_len_std : 18.142767153882563
eval/ep_len_max : 111
eval/ep_len_min : 56
step : 175000
eval_return : 460.6959
eval_ep_len : 92.9
eval/return_std : 167.0794
eval/return_max : 918.6686
eval/return_min : 285.7218
eval/ep_len_std : 33.09516581013004
eval/ep_len_max : 186
eval/ep_len_min : 64
step : 180000
eval_return : 494.36215
eval_ep_len : 99.1
eval/return_std : 102.09984
eval/return_max : 693.3685
eval/return_min : 360.8576
eval/ep_len_std : 23.98520377232597
eval/ep_len_max : 139
eval/ep_len_min : 66
step : 185000
eval_return : 565.07654
eval_ep_len : 107.3
eval/return_std : 205.85817
eval/return_max : 922.8288
eval/return_min : 328.3436
eval/ep_len_std : 39.14856319202533
eval/ep_len_max : 180
eval/ep_len_min : 64
step : 190000
eval_return : 507.71002
eval_ep_len : 101.4
eval/return_std : 118.714165
eval/return_max : 713.9211
eval/return_min : 386.3591
eval/ep_len_std : 28.775684179529076
eval/ep_len_max : 151
eval/ep_len_min : 71
step : 195000
eval_return : 603.9145
eval_ep_len : 120.3
eval/return_std : 269.1691
eval/return_max : 1377.4296
eval/return_min : 425.20114
eval/ep_len_std : 53.90185525564032
eval/ep_len_max : 272
eval/ep_len_min : 83
step : 200000
eval_return : 463.13135
eval_ep_len : 90.6
eval/return_std : 149.16017
eval/return_max : 734.8077
eval/return_min : 263.0542
eval/ep_len_std : 30.137020423392887
eval/ep_len_max : 148
eval/ep_len_min : 53
step : 205000
eval_return : 474.10385
eval_ep_len : 93.4
eval/return_std : 121.73621
eval/return_max : 691.3159
eval/return_min : 219.05959
eval/ep_len_std : 23.303218661807215
eval/ep_len_max : 138
eval/ep_len_min : 41
step : 210000
eval_return : 394.47363
eval_ep_len : 79.0
eval/return_std : 57.27266
eval/return_max : 497.5989
eval/return_min : 325.85355
eval/ep_len_std : 11.198214143335536
eval/ep_len_max : 96
eval/ep_len_min : 61
step : 215000
eval_return : 464.5542
eval_ep_len : 93.2
eval/return_std : 179.30684
eval/return_max : 843.368
eval/return_min : 184.01459
eval/ep_len_std : 33.3430652460148
eval/ep_len_max : 159
eval/ep_len_min : 37
step : 220000
eval_return : 483.64886
eval_ep_len : 99.8
eval/return_std : 89.901924
eval/return_max : 682.0356
eval/return_min : 381.20114
eval/ep_len_std : 22.4535075210979
eval/ep_len_max : 151
eval/ep_len_min : 71
step : 225000
eval_return : 535.65497
eval_ep_len : 103.9
eval/return_std : 131.01483
eval/return_max : 811.25586
eval/return_min : 341.66553
eval/ep_len_std : 23.05840410783019
eval/ep_len_max : 153
eval/ep_len_min : 78
step : 230000
eval_return : 496.33218
eval_ep_len : 96.2
eval/return_std : 68.044655
eval/return_max : 650.1361
eval/return_min : 397.8461
eval/ep_len_std : 13.862178760930766
eval/ep_len_max : 134
eval/ep_len_min : 85
step : 235000
eval_return : 535.02985
eval_ep_len : 104.1
eval/return_std : 118.55517
eval/return_max : 716.59155
eval/return_min : 369.51767
eval/ep_len_std : 24.07675227267997
eval/ep_len_max : 142
eval/ep_len_min : 67
step : 240000
eval_return : 535.04645
eval_ep_len : 106.3
eval/return_std : 170.78389
eval/return_max : 948.69446
eval/return_min : 282.8327
eval/ep_len_std : 33.69584544124098
eval/ep_len_max : 182
eval/ep_len_min : 56
step : 245000
eval_return : 591.09875
eval_ep_len : 113.2
eval/return_std : 198.79448
eval/return_max : 1070.5862
eval/return_min : 358.7762
eval/ep_len_std : 39.08657058376956
eval/ep_len_max : 209
eval/ep_len_min : 67
step : 250000
eval_return : 562.6877
eval_ep_len : 110.7
eval/return_std : 148.7636
eval/return_max : 874.57574
eval/return_min : 415.09808
eval/ep_len_std : 33.96483475596488
eval/ep_len_max : 186
eval/ep_len_min : 81
step : 255000
eval_return : 467.6503
eval_ep_len : 94.1
eval/return_std : 117.73913
eval/return_max : 772.3292
eval/return_min : 329.55643
eval/ep_len_std : 21.40770889189219
eval/ep_len_max : 144
eval/ep_len_min : 65
step : 260000
eval_return : 559.20715
eval_ep_len : 113.9
eval/return_std : 195.08899
eval/return_max : 967.60614
eval/return_min : 266.6902
eval/ep_len_std : 40.10099749382801
eval/ep_len_max : 196
eval/ep_len_min : 60
step : 265000
eval_return : 510.69922
eval_ep_len : 102.0
eval/return_std : 99.2512
eval/return_max : 744.16626
eval/return_min : 345.81177
eval/ep_len_std : 19.712939912656356
eval/ep_len_max : 142
eval/ep_len_min : 66
step : 270000
eval_return : 620.8238
eval_ep_len : 122.6
eval/return_std : 230.77086
eval/return_max : 1040.1073
eval/return_min : 408.9122
eval/ep_len_std : 45.39647563412825
eval/ep_len_max : 202
eval/ep_len_min : 73
step : 275000
eval_return : 413.90585
eval_ep_len : 82.8
eval/return_std : 173.71323
eval/return_max : 792.63654
eval/return_min : 194.00009
eval/ep_len_std : 32.596932371006936
eval/ep_len_max : 139
eval/ep_len_min : 38
step : 280000
eval_return : 493.56354
eval_ep_len : 97.7
eval/return_std : 65.67854
eval/return_max : 563.4139
eval/return_min : 351.70883
eval/ep_len_std : 13.535508856337836
eval/ep_len_max : 122
eval/ep_len_min : 71
step : 285000
eval_return : 564.20984
eval_ep_len : 114.7
eval/return_std : 161.9091
eval/return_max : 944.9887
eval/return_min : 310.15356
eval/ep_len_std : 33.52327549628765
eval/ep_len_max : 197
eval/ep_len_min : 67
step : 290000
eval_return : 632.5008
eval_ep_len : 126.6
eval/return_std : 190.45724
eval/return_max : 941.7338
eval/return_min : 358.48837
eval/ep_len_std : 37.285922276376645
eval/ep_len_max : 189
eval/ep_len_min : 71
step : 295000
eval_return : 602.9032
eval_ep_len : 119.6
eval/return_std : 146.71219
eval/return_max : 889.87463
eval/return_min : 311.3496
eval/ep_len_std : 30.153606749442098
eval/ep_len_max : 172
eval/ep_len_min : 57
step : 300000
eval_return : 528.5361
eval_ep_len : 110.9
eval/return_std : 126.44038
eval/return_max : 783.9769
eval/return_min : 335.60107
eval/ep_len_std : 29.221396270541213
eval/ep_len_max : 172
eval/ep_len_min : 67
step : 305000
eval_return : 608.16284
eval_ep_len : 125.2
eval/return_std : 142.18922
eval/return_max : 871.45074
eval/return_min : 429.60846
eval/ep_len_std : 27.73373397146515
eval/ep_len_max : 173
eval/ep_len_min : 90
step : 310000
eval_return : 447.35635
eval_ep_len : 94.6
eval/return_std : 108.9209
eval/return_max : 654.6719
eval/return_min : 225.41199
eval/ep_len_std : 23.673614003780667
eval/ep_len_max : 144
eval/ep_len_min : 44
step : 315000
eval_return : 635.9181
eval_ep_len : 128.5
eval/return_std : 168.46143
eval/return_max : 1038.7485
eval/return_min : 421.5435
eval/ep_len_std : 28.633022893156078
eval/ep_len_max : 198
eval/ep_len_min : 94
step : 320000
eval_return : 543.143
eval_ep_len : 115.8
eval/return_std : 180.08557
eval/return_max : 1031.9077
eval/return_min : 369.46588
eval/ep_len_std : 32.553955212846255
eval/ep_len_max : 205
eval/ep_len_min : 84
step : 325000
eval_return : 633.02576
eval_ep_len : 121.1
eval/return_std : 181.68398
eval/return_max : 986.03046
eval/return_min : 365.08197
eval/ep_len_std : 34.72592691347489
eval/ep_len_max : 176
eval/ep_len_min : 68
step : 330000
eval_return : 523.8239
eval_ep_len : 103.2
eval/return_std : 160.09279
eval/return_max : 890.08246
eval/return_min : 308.5791
eval/ep_len_std : 30.254916955761093
eval/ep_len_max : 175
eval/ep_len_min : 65
step : 335000
eval_return : 694.7138
eval_ep_len : 143.7
eval/return_std : 185.13531
eval/return_max : 953.73517
eval/return_min : 397.56055
eval/ep_len_std : 39.545037615356996
eval/ep_len_max : 199
eval/ep_len_min : 86
step : 340000
eval_return : 564.06836
eval_ep_len : 112.3
eval/return_std : 164.03293
eval/return_max : 907.0338
eval/return_min : 329.0285
eval/ep_len_std : 31.746023373014772
eval/ep_len_max : 186
eval/ep_len_min : 70
step : 345000
eval_return : 638.26917
eval_ep_len : 133.7
eval/return_std : 177.95291
eval/return_max : 963.8111
eval/return_min : 385.28586
eval/ep_len_std : 35.39223078586598
eval/ep_len_max : 203
eval/ep_len_min : 89
step : 350000
eval_return : 649.5109
eval_ep_len : 134.2
eval/return_std : 203.34456
eval/return_max : 1014.1084
eval/return_min : 383.44635
eval/ep_len_std : 36.81521424628682
eval/ep_len_max : 203
eval/ep_len_min : 82
step : 355000
eval_return : 634.31165
eval_ep_len : 125.3
eval/return_std : 155.35689
eval/return_max : 816.3234
eval/return_min : 351.21262
eval/ep_len_std : 28.16043323530375
eval/ep_len_max : 165
eval/ep_len_min : 80
step : 360000
eval_return : 587.0072
eval_ep_len : 119.6
eval/return_std : 140.63916
eval/return_max : 827.0467
eval/return_min : 421.9397
eval/ep_len_std : 31.232034836046143
eval/ep_len_max : 177
eval/ep_len_min : 77
step : 365000
eval_return : 758.7075
eval_ep_len : 150.0
eval/return_std : 260.95386
eval/return_max : 1385.4152
eval/return_min : 475.60468
eval/ep_len_std : 49.491413396669124
eval/ep_len_max : 269
eval/ep_len_min : 102
step : 370000
eval_return : 569.9527
eval_ep_len : 118.0
eval/return_std : 224.98982
eval/return_max : 911.5985
eval/return_min : 239.60748
eval/ep_len_std : 44.913249715423625
eval/ep_len_max : 182
eval/ep_len_min : 53
step : 375000
eval_return : 488.5079
eval_ep_len : 98.1
eval/return_std : 85.126755
eval/return_max : 625.6155
eval/return_min : 359.12146
eval/ep_len_std : 13.072490198887127
eval/ep_len_max : 118
eval/ep_len_min : 77
step : 380000
eval_return : 559.4308
eval_ep_len : 114.3
eval/return_std : 141.79462
eval/return_max : 941.13745
eval/return_min : 410.6454
eval/ep_len_std : 31.205928923843945
eval/ep_len_max : 198
eval/ep_len_min : 83
step : 385000
eval_return : 628.5797
eval_ep_len : 127.6
eval/return_std : 145.00903
eval/return_max : 817.0097
eval/return_min : 405.36237
eval/ep_len_std : 33.006665993402
eval/ep_len_max : 174
eval/ep_len_min : 76
step : 390000
eval_return : 660.76776
eval_ep_len : 129.2
eval/return_std : 214.95493
eval/return_max : 1155.2401
eval/return_min : 395.53265
eval/ep_len_std : 41.510962407537605
eval/ep_len_max : 229
eval/ep_len_min : 77
step : 395000
eval_return : 550.7687
eval_ep_len : 113.6
eval/return_std : 137.30429
eval/return_max : 886.2747
eval/return_min : 347.77246
eval/ep_len_std : 27.810789273229915
eval/ep_len_max : 184
eval/ep_len_min : 76
step : 400000
eval_return : 610.26886
eval_ep_len : 121.0
eval/return_std : 192.39955
eval/return_max : 934.4356
eval/return_min : 361.01736
eval/ep_len_std : 36.772272162595556
eval/ep_len_max : 183
eval/ep_len_min : 71
step : 405000
eval_return : 643.13635
eval_ep_len : 130.8
eval/return_std : 249.74341
eval/return_max : 1326.1747
eval/return_min : 400.63785
eval/ep_len_std : 54.92503982702243
eval/ep_len_max : 284
eval/ep_len_min : 90
step : 410000
eval_return : 588.75116
eval_ep_len : 119.4
eval/return_std : 199.74161
eval/return_max : 1107.3146
eval/return_min : 405.82324
eval/ep_len_std : 42.58215588717884
eval/ep_len_max : 234
eval/ep_len_min : 88
step : 415000
eval_return : 632.9374
eval_ep_len : 127.3
eval/return_std : 135.90904
eval/return_max : 904.7767
eval/return_min : 436.48605
eval/ep_len_std : 29.010515334960875
eval/ep_len_max : 175
eval/ep_len_min : 85
step : 420000
eval_return : 572.7455
eval_ep_len : 118.3
eval/return_std : 183.35579
eval/return_max : 926.1186
eval/return_min : 295.2076
eval/ep_len_std : 37.73075668469956
eval/ep_len_max : 199
eval/ep_len_min : 58
step : 425000
eval_return : 734.56506
eval_ep_len : 144.0
eval/return_std : 210.67618
eval/return_max : 1044.607
eval/return_min : 401.37634
eval/ep_len_std : 42.5511456955039
eval/ep_len_max : 210
eval/ep_len_min : 81
step : 430000
eval_return : 861.63477
eval_ep_len : 171.3
eval/return_std : 206.68462
eval/return_max : 1202.8579
eval/return_min : 598.3037
eval/ep_len_std : 42.37463864152708
eval/ep_len_max : 234
eval/ep_len_min : 111
step : 435000
eval_return : 722.2821
eval_ep_len : 144.8
eval/return_std : 213.83856
eval/return_max : 1148.0776
eval/return_min : 449.15842
eval/ep_len_std : 47.6252034116391
eval/ep_len_max : 224
eval/ep_len_min : 85
step : 440000
eval_return : 636.3197
eval_ep_len : 131.3
eval/return_std : 152.63799
eval/return_max : 939.35425
eval/return_min : 404.70975
eval/ep_len_std : 26.309884074240998
eval/ep_len_max : 182
eval/ep_len_min : 90
step : 445000
eval_return : 498.67856
eval_ep_len : 105.8
eval/return_std : 149.39243
eval/return_max : 879.09955
eval/return_min : 279.32065
eval/ep_len_std : 32.403086272761115
eval/ep_len_max : 186
eval/ep_len_min : 61
step : 450000
eval_return : 548.3205
eval_ep_len : 115.5
eval/return_std : 299.42462
eval/return_max : 1286.1208
eval/return_min : 173.64389
eval/ep_len_std : 61.11014645703281
eval/ep_len_max : 260
eval/ep_len_min : 35
step : 455000
eval_return : 670.4921
eval_ep_len : 138.1
eval/return_std : 212.19046
eval/return_max : 954.48663
eval/return_min : 258.1763
eval/ep_len_std : 44.805022039945484
eval/ep_len_max : 200
eval/ep_len_min : 59
step : 460000
eval_return : 563.759
eval_ep_len : 116.0
eval/return_std : 145.91515
eval/return_max : 909.1701
eval/return_min : 385.55994
eval/ep_len_std : 28.771513689759182
eval/ep_len_max : 185
eval/ep_len_min : 73
step : 465000
eval_return : 647.9331
eval_ep_len : 133.2
eval/return_std : 196.16241
eval/return_max : 996.47754
eval/return_min : 415.32812
eval/ep_len_std : 36.60819580367217
eval/ep_len_max : 198
eval/ep_len_min : 93
step : 470000
eval_return : 580.7335
eval_ep_len : 117.4
eval/return_std : 233.99045
eval/return_max : 1183.3596
eval/return_min : 356.53027
eval/ep_len_std : 44.2045246552884
eval/ep_len_max : 227
eval/ep_len_min : 70
step : 475000
eval_return : 662.96326
eval_ep_len : 135.3
eval/return_std : 200.01016
eval/return_max : 962.55145
eval/return_min : 374.32584
eval/ep_len_std : 41.7781043131447
eval/ep_len_max : 196
eval/ep_len_min : 84
step : 480000
eval_return : 714.68225
eval_ep_len : 145.8
eval/return_std : 289.3413
eval/return_max : 1174.7075
eval/return_min : 266.53638
eval/ep_len_std : 60.169427452818596
eval/ep_len_max : 239
eval/ep_len_min : 53
step : 485000
eval_return : 771.52496
eval_ep_len : 158.1
eval/return_std : 190.68478
eval/return_max : 1246.0935
eval/return_min : 580.00195
eval/ep_len_std : 35.990137537942246
eval/ep_len_max : 252
eval/ep_len_min : 119
step : 490000
eval_return : 754.2152
eval_ep_len : 154.3
eval/return_std : 218.72485
eval/return_max : 1087.3187
eval/return_min : 318.2013
eval/ep_len_std : 43.01871685673574
eval/ep_len_max : 228
eval/ep_len_min : 70
step : 495000
eval_return : 720.65393
eval_ep_len : 148.2
eval/return_std : 261.13757
eval/return_max : 1248.1702
eval/return_min : 361.76053
eval/ep_len_std : 50.43570164080202
eval/ep_len_max : 255
eval/ep_len_min : 81
