/opt/conda/envs/CS285/lib/python3.10/site-packages/gym/core.py:317: DeprecationWarning: [33mWARN: Initializing wrapper in old step API which returns one bool instead of two. It is recommended to set `new_step_api=True` to use new step API. This will be the default behaviour in future.[0m
deprecation(
/opt/conda/envs/CS285/lib/python3.10/site-packages/gym/wrappers/step_api_compatibility.py:39: DeprecationWarning: [33mWARN: Initializing environment in old step API which returns one bool instead of two. It is recommended to set `new_step_api=True` to use new step API. This will be the default behaviour in future.[0m
deprecation(
[INFO] setting additional args:
{'bird method': False}
########################
logging outputs to  /root/CS285_homework/hw3/cs285/scripts/../../data/hw3_sac_reparametrize_HalfCheetah-v4_reparametrize_s128_l3_alr0.0003_clr0.0003_b128_d0.99_t0.1_stu0.005_04-06-2024_13-08-12
########################
Using GPU id 0
agent info:
{'training': True, '_parameters': OrderedDict(), '_buffers': OrderedDict(), '_non_persistent_buffers_set': set(), '_backward_pre_hooks': OrderedDict(), '_backward_hooks': OrderedDict(), '_is_full_backward_hook': None, '_forward_hooks': OrderedDict(), '_forward_hooks_with_kwargs': OrderedDict(), '_forward_hooks_always_called': OrderedDict(), '_forward_pre_hooks': OrderedDict(), '_forward_pre_hooks_with_kwargs': OrderedDict(), '_state_dict_hooks': OrderedDict(), '_state_dict_pre_hooks': OrderedDict(), '_load_state_dict_pre_hooks': OrderedDict(), '_load_state_dict_post_hooks': OrderedDict(), '_modules': OrderedDict([('actor', MLPPolicy(
(net): Sequential(
(0): Linear(in_features=17, out_features=128, bias=True)
(1): Tanh()
(2): Linear(in_features=128, out_features=128, bias=True)
(3): Tanh()
(4): Linear(in_features=128, out_features=128, bias=True)
(5): Tanh()
(6): Linear(in_features=128, out_features=12, bias=True)
(7): Identity()
)
)), ('critics', ModuleList(
(0): StateActionCritic(
(net): Sequential(
(0): Linear(in_features=23, out_features=128, bias=True)
(1): Tanh()
(2): Linear(in_features=128, out_features=128, bias=True)
(3): Tanh()
(4): Linear(in_features=128, out_features=128, bias=True)
(5): Tanh()
(6): Linear(in_features=128, out_features=1, bias=True)
(7): Identity()
)
)
)), ('target_critics', ModuleList(
(0): StateActionCritic(
(net): Sequential(
(0): Linear(in_features=23, out_features=128, bias=True)
(1): Tanh()
(2): Linear(in_features=128, out_features=128, bias=True)
(3): Tanh()
(4): Linear(in_features=128, out_features=128, bias=True)
(5): Tanh()
(6): Linear(in_features=128, out_features=1, bias=True)
(7): Identity()
)
)
)), ('critic_loss', MSELoss())]), 'actor_optimizer': Adam (
Parameter Group 0
amsgrad: False
betas: (0.9, 0.999)
capturable: False
differentiable: False
eps: 1e-08
foreach: None
fused: None
initial_lr: 0.0003
lr: 0.0003
maximize: False
weight_decay: 0
), 'actor_lr_scheduler': <torch.optim.lr_scheduler.ConstantLR object at 0x7fe4484514b0>, 'critic_optimizer': Adam (
Parameter Group 0
amsgrad: False
betas: (0.9, 0.999)
capturable: False
differentiable: False
eps: 1e-08
foreach: None
fused: None
initial_lr: 0.0003
lr: 0.0003
maximize: False
weight_decay: 0
), 'critic_lr_scheduler': <torch.optim.lr_scheduler.ConstantLR object at 0x7fe4407bc7f0>, 'observation_shape': (17,), 'action_dim': 6, 'discount': 0.99, 'target_update_period': None, 'target_critic_backup_type': 'mean', 'num_critic_networks': 1, 'use_entropy_bonus': True, 'temperature': 0.1, 'actor_gradient_type': 'reparametrize', 'num_actor_samples': 1, 'num_critic_updates': 1, 'soft_target_update_rate': 0.005, 'backup_entropy': True}
/opt/conda/envs/CS285/lib/python3.10/site-packages/gym/utils/passive_env_checker.py:241: DeprecationWarning: `np.bool8` is a deprecated alias for `np.bool_`.  (Deprecated NumPy 1.24)
if not isinstance(terminated, (bool, np.bool8)):
step : 0
/opt/conda/envs/CS285/lib/python3.10/site-packages/tensorboardX/summary.py:153: DeprecationWarning: Conversion of an array with ndim > 0 to a scalar is deprecated, and will error in future. Ensure you extract a single element from your array before performing this operation. (Deprecated NumPy 1.25.)
scalar = float(scalar)
eval_return : -191.08228
eval_ep_len : 1000.0
eval/return_std : 60.14904
eval/return_max : -73.225136
eval/return_min : -312.23425
eval/ep_len_std : 0.0
eval/ep_len_max : 1000
eval/ep_len_min : 1000
step : 5000
eval_return : -188.9819
eval_ep_len : 1000.0
eval/return_std : 47.446815
eval/return_max : -90.588036
eval/return_min : -242.8806
eval/ep_len_std : 0.0
eval/ep_len_max : 1000
eval/ep_len_min : 1000
step : 10000
eval_return : -214.12537
eval_ep_len : 1000.0
eval/return_std : 56.9625
eval/return_max : -110.59008
eval/return_min : -294.2269
eval/ep_len_std : 0.0
eval/ep_len_max : 1000
eval/ep_len_min : 1000
step : 15000
eval_return : -248.1585
eval_ep_len : 1000.0
eval/return_std : 33.313686
eval/return_max : -166.1103
eval/return_min : -292.19232
eval/ep_len_std : 0.0
eval/ep_len_max : 1000
eval/ep_len_min : 1000
step : 20000
eval_return : -204.53613
eval_ep_len : 1000.0
eval/return_std : 80.59896
eval/return_max : -14.895107
eval/return_min : -295.9566
eval/ep_len_std : 0.0
eval/ep_len_max : 1000
eval/ep_len_min : 1000
step : 25000
eval_return : 284.88235
eval_ep_len : 1000.0
eval/return_std : 265.30396
eval/return_max : 636.02203
eval/return_min : -43.127926
eval/ep_len_std : 0.0
eval/ep_len_max : 1000
eval/ep_len_min : 1000
step : 30000
eval_return : 669.5083
eval_ep_len : 1000.0
eval/return_std : 291.47437
eval/return_max : 967.3374
eval/return_min : 54.945465
eval/ep_len_std : 0.0
eval/ep_len_max : 1000
eval/ep_len_min : 1000
step : 35000
eval_return : 988.86426
eval_ep_len : 1000.0
eval/return_std : 266.84613
eval/return_max : 1224.8312
eval/return_min : 332.8801
eval/ep_len_std : 0.0
eval/ep_len_max : 1000
eval/ep_len_min : 1000
step : 40000
eval_return : 1212.8182
eval_ep_len : 1000.0
eval/return_std : 181.19994
eval/return_max : 1337.8396
eval/return_min : 701.0281
eval/ep_len_std : 0.0
eval/ep_len_max : 1000
eval/ep_len_min : 1000
step : 45000
eval_return : 326.54953
eval_ep_len : 1000.0
eval/return_std : 78.1068
eval/return_max : 468.58456
eval/return_min : 213.57516
eval/ep_len_std : 0.0
eval/ep_len_max : 1000
eval/ep_len_min : 1000
step : 50000
eval_return : 341.79913
eval_ep_len : 1000.0
eval/return_std : 61.517086
eval/return_max : 401.4212
eval/return_min : 229.36751
eval/ep_len_std : 0.0
eval/ep_len_max : 1000
eval/ep_len_min : 1000
step : 55000
eval_return : 498.87622
eval_ep_len : 1000.0
eval/return_std : 186.1759
eval/return_max : 901.6851
eval/return_min : 304.67203
eval/ep_len_std : 0.0
eval/ep_len_max : 1000
eval/ep_len_min : 1000
step : 60000
eval_return : 1178.2283
eval_ep_len : 1000.0
eval/return_std : 210.80872
eval/return_max : 1489.2397
eval/return_min : 901.18866
eval/ep_len_std : 0.0
eval/ep_len_max : 1000
eval/ep_len_min : 1000
step : 65000
eval_return : 1178.8834
eval_ep_len : 1000.0
eval/return_std : 391.61816
eval/return_max : 1590.7599
eval/return_min : 458.29562
eval/ep_len_std : 0.0
eval/ep_len_max : 1000
eval/ep_len_min : 1000
step : 70000
eval_return : 1160.8704
eval_ep_len : 1000.0
eval/return_std : 431.95853
eval/return_max : 1701.8993
eval/return_min : 653.2229
eval/ep_len_std : 0.0
eval/ep_len_max : 1000
eval/ep_len_min : 1000
step : 75000
eval_return : 1100.0508
eval_ep_len : 1000.0
eval/return_std : 364.29813
eval/return_max : 1778.1443
eval/return_min : 734.9688
eval/ep_len_std : 0.0
eval/ep_len_max : 1000
eval/ep_len_min : 1000
step : 80000
eval_return : 850.4794
eval_ep_len : 1000.0
eval/return_std : 177.45575
eval/return_max : 1282.3575
eval/return_min : 605.75726
eval/ep_len_std : 0.0
eval/ep_len_max : 1000
eval/ep_len_min : 1000
step : 85000
eval_return : 1591.9552
eval_ep_len : 1000.0
eval/return_std : 292.20563
eval/return_max : 1815.8696
eval/return_min : 882.9956
eval/ep_len_std : 0.0
eval/ep_len_max : 1000
eval/ep_len_min : 1000
step : 90000
eval_return : 1646.1744
eval_ep_len : 1000.0
eval/return_std : 316.07138
eval/return_max : 1886.5983
eval/return_min : 829.5151
eval/ep_len_std : 0.0
eval/ep_len_max : 1000
eval/ep_len_min : 1000
step : 95000
eval_return : 1240.0522
eval_ep_len : 1000.0
eval/return_std : 430.50314
eval/return_max : 1939.6902
eval/return_min : 716.83453
eval/ep_len_std : 0.0
eval/ep_len_max : 1000
eval/ep_len_min : 1000
step : 100000
eval_return : 1656.774
eval_ep_len : 1000.0
eval/return_std : 339.03543
eval/return_max : 1971.6792
eval/return_min : 1095.7874
eval/ep_len_std : 0.0
eval/ep_len_max : 1000
eval/ep_len_min : 1000
step : 105000
eval_return : 1772.2725
eval_ep_len : 1000.0
eval/return_std : 332.82343
eval/return_max : 2007.933
eval/return_min : 902.93994
eval/ep_len_std : 0.0
eval/ep_len_max : 1000
eval/ep_len_min : 1000
step : 110000
eval_return : 1859.8718
eval_ep_len : 1000.0
eval/return_std : 227.71991
eval/return_max : 2036.1877
eval/return_min : 1304.1135
eval/ep_len_std : 0.0
eval/ep_len_max : 1000
eval/ep_len_min : 1000
step : 115000
eval_return : 1908.2914
eval_ep_len : 1000.0
eval/return_std : 321.322
eval/return_max : 2063.3833
eval/return_min : 950.79987
eval/ep_len_std : 0.0
eval/ep_len_max : 1000
eval/ep_len_min : 1000
step : 120000
eval_return : 2026.4109
eval_ep_len : 1000.0
eval/return_std : 17.248148
eval/return_max : 2052.9102
eval/return_min : 2001.5852
eval/ep_len_std : 0.0
eval/ep_len_max : 1000
eval/ep_len_min : 1000
step : 125000
eval_return : 1983.2545
eval_ep_len : 1000.0
eval/return_std : 265.05917
eval/return_max : 2117.4717
eval/return_min : 1192.9567
eval/ep_len_std : 0.0
eval/ep_len_max : 1000
eval/ep_len_min : 1000
step : 130000
eval_return : 2159.773
eval_ep_len : 1000.0
eval/return_std : 30.049118
eval/return_max : 2196.5776
eval/return_min : 2105.5696
eval/ep_len_std : 0.0
eval/ep_len_max : 1000
eval/ep_len_min : 1000
step : 135000
eval_return : 2062.4224
eval_ep_len : 1000.0
eval/return_std : 290.4923
eval/return_max : 2235.6155
eval/return_min : 1205.1
eval/ep_len_std : 0.0
eval/ep_len_max : 1000
eval/ep_len_min : 1000
step : 140000
eval_return : 2201.4966
eval_ep_len : 1000.0
eval/return_std : 53.508617
eval/return_max : 2280.5396
eval/return_min : 2101.5735
eval/ep_len_std : 0.0
eval/ep_len_max : 1000
eval/ep_len_min : 1000
step : 145000
eval_return : 2231.2908
eval_ep_len : 1000.0
eval/return_std : 48.222946
eval/return_max : 2295.656
eval/return_min : 2122.8665
eval/ep_len_std : 0.0
eval/ep_len_max : 1000
eval/ep_len_min : 1000
step : 150000
eval_return : 2266.6353
eval_ep_len : 1000.0
eval/return_std : 45.356277
eval/return_max : 2330.6165
eval/return_min : 2179.9707
eval/ep_len_std : 0.0
eval/ep_len_max : 1000
eval/ep_len_min : 1000
step : 155000
eval_return : 2027.7493
eval_ep_len : 1000.0
eval/return_std : 393.387
eval/return_max : 2351.1777
eval/return_min : 1357.8651
eval/ep_len_std : 0.0
eval/ep_len_max : 1000
eval/ep_len_min : 1000
step : 160000
eval_return : 2191.6973
eval_ep_len : 1000.0
eval/return_std : 327.3251
eval/return_max : 2375.5598
eval/return_min : 1228.7222
eval/ep_len_std : 0.0
eval/ep_len_max : 1000
eval/ep_len_min : 1000
step : 165000
eval_return : 2276.4438
eval_ep_len : 1000.0
eval/return_std : 183.25377
eval/return_max : 2395.036
eval/return_min : 1736.0066
eval/ep_len_std : 0.0
eval/ep_len_max : 1000
eval/ep_len_min : 1000
step : 170000
eval_return : 2217.6006
eval_ep_len : 1000.0
eval/return_std : 441.35794
eval/return_max : 2398.2546
eval/return_min : 897.0714
eval/ep_len_std : 0.0
eval/ep_len_max : 1000
eval/ep_len_min : 1000
step : 175000
eval_return : 2420.308
eval_ep_len : 1000.0
eval/return_std : 32.984108
eval/return_max : 2460.479
eval/return_min : 2372.2327
eval/ep_len_std : 0.0
eval/ep_len_max : 1000
eval/ep_len_min : 1000
step : 180000
eval_return : 2307.034
eval_ep_len : 1000.0
eval/return_std : 328.0677
eval/return_max : 2494.6067
eval/return_min : 1331.1334
eval/ep_len_std : 0.0
eval/ep_len_max : 1000
eval/ep_len_min : 1000
step : 185000
eval_return : 2203.9114
eval_ep_len : 1000.0
eval/return_std : 350.71725
eval/return_max : 2459.0156
eval/return_min : 1422.617
eval/ep_len_std : 0.0
eval/ep_len_max : 1000
eval/ep_len_min : 1000
step : 190000
eval_return : 2057.2942
eval_ep_len : 1000.0
eval/return_std : 470.61185
eval/return_max : 2456.763
eval/return_min : 1109.9059
eval/ep_len_std : 0.0
eval/ep_len_max : 1000
eval/ep_len_min : 1000
step : 195000
eval_return : 2472.9058
eval_ep_len : 1000.0
eval/return_std : 238.61316
eval/return_max : 2622.3098
eval/return_min : 1769.6829
eval/ep_len_std : 0.0
eval/ep_len_max : 1000
eval/ep_len_min : 1000
step : 200000
eval_return : 2509.8423
eval_ep_len : 1000.0
eval/return_std : 48.574574
eval/return_max : 2576.755
eval/return_min : 2413.7468
eval/ep_len_std : 0.0
eval/ep_len_max : 1000
eval/ep_len_min : 1000
step : 205000
eval_return : 2388.7747
eval_ep_len : 1000.0
eval/return_std : 337.2284
eval/return_max : 2708.7766
eval/return_min : 1642.7802
eval/ep_len_std : 0.0
eval/ep_len_max : 1000
eval/ep_len_min : 1000
step : 210000
eval_return : 2452.8438
eval_ep_len : 1000.0
eval/return_std : 71.55945
eval/return_max : 2634.0518
eval/return_min : 2341.148
eval/ep_len_std : 0.0
eval/ep_len_max : 1000
eval/ep_len_min : 1000
step : 215000
eval_return : 2445.4368
eval_ep_len : 1000.0
eval/return_std : 426.86874
eval/return_max : 2647.6409
eval/return_min : 1185.9803
eval/ep_len_std : 0.0
eval/ep_len_max : 1000
eval/ep_len_min : 1000
step : 220000
eval_return : 2396.7761
eval_ep_len : 1000.0
eval/return_std : 426.0389
eval/return_max : 2690.2166
eval/return_min : 1285.5776
eval/ep_len_std : 0.0
eval/ep_len_max : 1000
eval/ep_len_min : 1000
step : 225000
eval_return : 2322.9683
eval_ep_len : 1000.0
eval/return_std : 464.3877
eval/return_max : 2652.6667
eval/return_min : 1315.815
eval/ep_len_std : 0.0
eval/ep_len_max : 1000
eval/ep_len_min : 1000
step : 230000
eval_return : 2450.2988
eval_ep_len : 1000.0
eval/return_std : 304.96152
eval/return_max : 2715.2424
eval/return_min : 1755.6122
eval/ep_len_std : 0.0
eval/ep_len_max : 1000
eval/ep_len_min : 1000
step : 235000
eval_return : 2555.9666
eval_ep_len : 1000.0
eval/return_std : 165.03401
eval/return_max : 2671.2358
eval/return_min : 2079.2817
eval/ep_len_std : 0.0
eval/ep_len_max : 1000
eval/ep_len_min : 1000
step : 240000
eval_return : 2360.9026
eval_ep_len : 1000.0
eval/return_std : 503.64447
eval/return_max : 2790.539
eval/return_min : 1363.012
eval/ep_len_std : 0.0
eval/ep_len_max : 1000
eval/ep_len_min : 1000
step : 245000
eval_return : 2435.3787
eval_ep_len : 1000.0
eval/return_std : 558.10077
eval/return_max : 2770.9492
eval/return_min : 862.2326
eval/ep_len_std : 0.0
eval/ep_len_max : 1000
eval/ep_len_min : 1000
step : 250000
eval_return : 2734.477
eval_ep_len : 1000.0
eval/return_std : 55.911224
eval/return_max : 2820.324
eval/return_min : 2636.3538
eval/ep_len_std : 0.0
eval/ep_len_max : 1000
eval/ep_len_min : 1000
step : 255000
eval_return : 2822.5505
eval_ep_len : 1000.0
eval/return_std : 54.037148
eval/return_max : 2919.9143
eval/return_min : 2736.312
eval/ep_len_std : 0.0
eval/ep_len_max : 1000
eval/ep_len_min : 1000
step : 260000
eval_return : 2581.9539
eval_ep_len : 1000.0
eval/return_std : 469.64618
eval/return_max : 2812.1824
eval/return_min : 1190.4241
eval/ep_len_std : 0.0
eval/ep_len_max : 1000
eval/ep_len_min : 1000
step : 265000
eval_return : 2720.3545
eval_ep_len : 1000.0
eval/return_std : 149.38695
eval/return_max : 2889.2444
eval/return_min : 2339.097
eval/ep_len_std : 0.0
eval/ep_len_max : 1000
eval/ep_len_min : 1000
step : 270000
eval_return : 2526.7617
eval_ep_len : 1000.0
eval/return_std : 614.26306
eval/return_max : 2917.8977
eval/return_min : 895.77124
eval/ep_len_std : 0.0
eval/ep_len_max : 1000
eval/ep_len_min : 1000
step : 275000
eval_return : 1974.7375
eval_ep_len : 1000.0
eval/return_std : 641.43134
eval/return_max : 2851.366
eval/return_min : 1047.3802
eval/ep_len_std : 0.0
eval/ep_len_max : 1000
eval/ep_len_min : 1000
step : 280000
eval_return : 2116.912
eval_ep_len : 1000.0
eval/return_std : 703.13336
eval/return_max : 2891.7598
eval/return_min : 1099.0997
eval/ep_len_std : 0.0
eval/ep_len_max : 1000
eval/ep_len_min : 1000
step : 285000
eval_return : 2269.854
eval_ep_len : 1000.0
eval/return_std : 731.2227
eval/return_max : 2890.6797
eval/return_min : 1004.5067
eval/ep_len_std : 0.0
eval/ep_len_max : 1000
eval/ep_len_min : 1000
step : 290000
eval_return : 1502.1832
eval_ep_len : 1000.0
eval/return_std : 539.32434
eval/return_max : 2602.0254
eval/return_min : 1022.0175
eval/ep_len_std : 0.0
eval/ep_len_max : 1000
eval/ep_len_min : 1000
step : 295000
eval_return : 1408.2454
eval_ep_len : 1000.0
eval/return_std : 649.91034
eval/return_max : 2704.1768
eval/return_min : 553.4513
eval/ep_len_std : 0.0
eval/ep_len_max : 1000
eval/ep_len_min : 1000
step : 300000
eval_return : 2645.7642
eval_ep_len : 1000.0
eval/return_std : 377.86383
eval/return_max : 2894.6333
eval/return_min : 1527.6332
eval/ep_len_std : 0.0
eval/ep_len_max : 1000
eval/ep_len_min : 1000
step : 305000
eval_return : 2711.399
eval_ep_len : 1000.0
eval/return_std : 514.25085
eval/return_max : 2958.0464
eval/return_min : 1177.2787
eval/ep_len_std : 0.0
eval/ep_len_max : 1000
eval/ep_len_min : 1000
step : 310000
eval_return : 2465.5208
eval_ep_len : 1000.0
eval/return_std : 614.1122
eval/return_max : 2963.9204
eval/return_min : 1018.36774
eval/ep_len_std : 0.0
eval/ep_len_max : 1000
eval/ep_len_min : 1000
step : 315000
eval_return : 2724.517
eval_ep_len : 1000.0
eval/return_std : 453.6414
eval/return_max : 3030.6125
eval/return_min : 1399.7659
eval/ep_len_std : 0.0
eval/ep_len_max : 1000
eval/ep_len_min : 1000
step : 320000
eval_return : 2446.935
eval_ep_len : 1000.0
eval/return_std : 643.9991
eval/return_max : 3034.327
eval/return_min : 1277.5983
eval/ep_len_std : 0.0
eval/ep_len_max : 1000
eval/ep_len_min : 1000
step : 325000
eval_return : 1987.4586
eval_ep_len : 1000.0
eval/return_std : 619.926
eval/return_max : 2869.2354
eval/return_min : 959.2124
eval/ep_len_std : 0.0
eval/ep_len_max : 1000
eval/ep_len_min : 1000
step : 330000
eval_return : 2690.286
eval_ep_len : 1000.0
eval/return_std : 368.32776
eval/return_max : 3090.5454
eval/return_min : 1802.0051
eval/ep_len_std : 0.0
eval/ep_len_max : 1000
eval/ep_len_min : 1000
step : 335000
eval_return : 2558.5776
eval_ep_len : 1000.0
eval/return_std : 567.37054
eval/return_max : 3178.0977
eval/return_min : 1566.2059
eval/ep_len_std : 0.0
eval/ep_len_max : 1000
eval/ep_len_min : 1000
step : 340000
eval_return : 2652.1582
eval_ep_len : 1000.0
eval/return_std : 554.7379
eval/return_max : 3130.4985
eval/return_min : 1422.7683
eval/ep_len_std : 0.0
eval/ep_len_max : 1000
eval/ep_len_min : 1000
step : 345000
eval_return : 2734.319
eval_ep_len : 1000.0
eval/return_std : 475.31708
eval/return_max : 3031.4834
eval/return_min : 1345.6696
eval/ep_len_std : 0.0
eval/ep_len_max : 1000
eval/ep_len_min : 1000
step : 350000
eval_return : 2904.755
eval_ep_len : 1000.0
eval/return_std : 71.74626
eval/return_max : 3000.6653
eval/return_min : 2771.4595
eval/ep_len_std : 0.0
eval/ep_len_max : 1000
eval/ep_len_min : 1000
step : 355000
eval_return : 2665.8022
eval_ep_len : 1000.0
eval/return_std : 557.6827
eval/return_max : 2973.2546
eval/return_min : 1179.7495
eval/ep_len_std : 0.0
eval/ep_len_max : 1000
eval/ep_len_min : 1000
step : 360000
eval_return : 2785.8025
eval_ep_len : 1000.0
eval/return_std : 628.1071
eval/return_max : 3218.6167
eval/return_min : 1277.2192
eval/ep_len_std : 0.0
eval/ep_len_max : 1000
eval/ep_len_min : 1000
step : 365000
 eval_return : 2474.4128
eval_ep_len : 1000.0
eval/return_std : 706.6596
eval/return_max : 3036.861
eval/return_min : 1079.5808
eval/ep_len_std : 0.0
eval/ep_len_max : 1000
eval/ep_len_min : 1000
step : 370000
eval_return : 2995.2515
eval_ep_len : 1000.0
eval/return_std : 58.213676
eval/return_max : 3059.696
eval/return_min : 2857.846
eval/ep_len_std : 0.0
eval/ep_len_max : 1000
eval/ep_len_min : 1000
step : 375000
eval_return : 2628.5044
eval_ep_len : 1000.0
eval/return_std : 539.49054
eval/return_max : 3210.6707
eval/return_min : 1768.8723
eval/ep_len_std : 0.0
eval/ep_len_max : 1000
eval/ep_len_min : 1000
step : 380000
eval_return : 3109.4602
eval_ep_len : 1000.0
eval/return_std : 79.48918
eval/return_max : 3257.0083
eval/return_min : 2969.964
eval/ep_len_std : 0.0
eval/ep_len_max : 1000
eval/ep_len_min : 1000
step : 385000
eval_return : 2812.368
eval_ep_len : 1000.0
eval/return_std : 740.035
eval/return_max : 3249.2832
eval/return_min : 1022.9924
eval/ep_len_std : 0.0
eval/ep_len_max : 1000
eval/ep_len_min : 1000
step : 390000
 eval_return : 3099.3403
eval_ep_len : 1000.0
eval/return_std : 72.27896
eval/return_max : 3195.4617
eval/return_min : 2946.0608
eval/ep_len_std : 0.0
eval/ep_len_max : 1000
eval/ep_len_min : 1000
step : 395000
eval_return : 3121.5874
eval_ep_len : 1000.0
eval/return_std : 71.87907
eval/return_max : 3219.2466
eval/return_min : 3003.0579
eval/ep_len_std : 0.0
eval/ep_len_max : 1000
eval/ep_len_min : 1000
step : 400000
eval_return : 3069.714
eval_ep_len : 1000.0
eval/return_std : 126.54144
eval/return_max : 3182.1143
eval/return_min : 2751.2883
eval/ep_len_std : 0.0
eval/ep_len_max : 1000
eval/ep_len_min : 1000
step : 405000
eval_return : 2912.7817
eval_ep_len : 1000.0
eval/return_std : 526.8457
eval/return_max : 3167.0679
eval/return_min : 1343.1133
eval/ep_len_std : 0.0
eval/ep_len_max : 1000
eval/ep_len_min : 1000
step : 410000
eval_return : 3152.4883
eval_ep_len : 1000.0
eval/return_std : 181.62862
eval/return_max : 3280.595
eval/return_min : 2623.0227
eval/ep_len_std : 0.0
eval/ep_len_max : 1000
eval/ep_len_min : 1000
step : 415000
eval_return : 3260.1199
eval_ep_len : 1000.0
eval/return_std : 30.079657
eval/return_max : 3332.943
eval/return_min : 3218.9998
eval/ep_len_std : 0.0
eval/ep_len_max : 1000
eval/ep_len_min : 1000
step : 420000
eval_return : 3234.5938
eval_ep_len : 1000.0
eval/return_std : 74.628174
eval/return_max : 3337.5647
eval/return_min : 3109.8494
eval/ep_len_std : 0.0
eval/ep_len_max : 1000
eval/ep_len_min : 1000
step : 425000
eval_return : 3235.7131
eval_ep_len : 1000.0
eval/return_std : 58.62085
eval/return_max : 3339.8638
eval/return_min : 3166.3237
eval/ep_len_std : 0.0
eval/ep_len_max : 1000
eval/ep_len_min : 1000
step : 430000
eval_return : 3216.7207
eval_ep_len : 1000.0
eval/return_std : 69.21618
eval/return_max : 3294.8677
eval/return_min : 3064.1724
eval/ep_len_std : 0.0
eval/ep_len_max : 1000
eval/ep_len_min : 1000
step : 435000
eval_return : 3046.4001
eval_ep_len : 1000.0
eval/return_std : 527.1514
eval/return_max : 3376.0647
eval/return_min : 1510.208
eval/ep_len_std : 0.0
eval/ep_len_max : 1000
eval/ep_len_min : 1000
step : 440000
eval_return : 3297.8862
eval_ep_len : 1000.0
eval/return_std : 46.846146
eval/return_max : 3359.2441
eval/return_min : 3185.7524
eval/ep_len_std : 0.0
eval/ep_len_max : 1000
eval/ep_len_min : 1000
step : 445000
eval_return : 3346.7095
eval_ep_len : 1000.0
eval/return_std : 59.206734
eval/return_max : 3428.8413
eval/return_min : 3240.0564
eval/ep_len_std : 0.0
eval/ep_len_max : 1000
eval/ep_len_min : 1000
step : 450000
 eval_return : 3127.1028
eval_ep_len : 1000.0
eval/return_std : 119.99501
eval/return_max : 3216.6707
eval/return_min : 2775.852
eval/ep_len_std : 0.0
eval/ep_len_max : 1000
eval/ep_len_min : 1000
step : 455000
eval_return : 3257.5298
eval_ep_len : 1000.0
eval/return_std : 56.00843
eval/return_max : 3348.629
eval/return_min : 3139.2827
eval/ep_len_std : 0.0
eval/ep_len_max : 1000
eval/ep_len_min : 1000
step : 460000
eval_return : 3363.0754
eval_ep_len : 1000.0
eval/return_std : 70.64307
eval/return_max : 3474.7441
eval/return_min : 3249.2788
eval/ep_len_std : 0.0
eval/ep_len_max : 1000
eval/ep_len_min : 1000
step : 465000
eval_return : 3203.9038
eval_ep_len : 1000.0
eval/return_std : 158.95316
eval/return_max : 3355.3584
eval/return_min : 2750.122
eval/ep_len_std : 0.0
eval/ep_len_max : 1000
eval/ep_len_min : 1000
step : 470000
eval_return : 3316.4993
eval_ep_len : 1000.0
eval/return_std : 38.103016
eval/return_max : 3384.6191
eval/return_min : 3255.883
eval/ep_len_std : 0.0
eval/ep_len_max : 1000
eval/ep_len_min : 1000
step : 475000
eval_return : 3389.6003
eval_ep_len : 1000.0
eval/return_std : 37.622673
eval/return_max : 3468.6333
eval/return_min : 3324.9343
eval/ep_len_std : 0.0
eval/ep_len_max : 1000
eval/ep_len_min : 1000
step : 480000
eval_return : 3410.6958
eval_ep_len : 1000.0
eval/return_std : 81.316414
eval/return_max : 3545.542
eval/return_min : 3234.5095
eval/ep_len_std : 0.0
eval/ep_len_max : 1000
eval/ep_len_min : 1000
step : 485000
eval_return : 3449.2495
eval_ep_len : 1000.0
eval/return_std : 58.823032
eval/return_max : 3512.3052
eval/return_min : 3325.9583
eval/ep_len_std : 0.0
eval/ep_len_max : 1000
eval/ep_len_min : 1000
step : 490000
eval_return : 3458.1106
eval_ep_len : 1000.0
eval/return_std : 44.81622
eval/return_max : 3531.709
eval/return_min : 3381.0479
eval/ep_len_std : 0.0
eval/ep_len_max : 1000
eval/ep_len_min : 1000
step : 495000
eval_return : 3435.2266
eval_ep_len : 1000.0
eval/return_std : 29.273523
eval/return_max : 3487.285
eval/return_min : 3390.7551
eval/ep_len_std : 0.0
eval/ep_len_max : 1000
eval/ep_len_min : 1000
step : 500000
eval_return : 3430.2864
eval_ep_len : 1000.0
eval/return_std : 58.49135
eval/return_max : 3520.0962
eval/return_min : 3314.0842
eval/ep_len_std : 0.0
eval/ep_len_max : 1000
eval/ep_len_min : 1000
step : 505000
eval_return : 3322.2449
eval_ep_len : 1000.0
eval/return_std : 31.545992
eval/return_max : 3387.8154
eval/return_min : 3280.08
eval/ep_len_std : 0.0
eval/ep_len_max : 1000
eval/ep_len_min : 1000
step : 510000
eval_return : 3326.605
eval_ep_len : 1000.0
eval/return_std : 453.80182
eval/return_max : 3614.5972
eval/return_min : 1974.8341
eval/ep_len_std : 0.0
eval/ep_len_max : 1000
eval/ep_len_min : 1000
step : 515000
eval_return : 3204.6294
eval_ep_len : 1000.0
eval/return_std : 578.4435
eval/return_max : 3453.4592
eval/return_min : 1471.4618
eval/ep_len_std : 0.0
eval/ep_len_max : 1000
eval/ep_len_min : 1000
step : 520000
eval_return : 3518.282
eval_ep_len : 1000.0
eval/return_std : 36.56149
eval/return_max : 3578.0217
eval/return_min : 3459.9412
eval/ep_len_std : 0.0
eval/ep_len_max : 1000
eval/ep_len_min : 1000
step : 525000
eval_return : 3512.2117
eval_ep_len : 1000.0
eval/return_std : 64.958855
eval/return_max : 3665.8599
eval/return_min : 3436.0405
eval/ep_len_std : 0.0
eval/ep_len_max : 1000
eval/ep_len_min : 1000
step : 530000
eval_return : 3569.9556
eval_ep_len : 1000.0
eval/return_std : 53.732433
eval/return_max : 3662.0073
eval/return_min : 3476.6838
eval/ep_len_std : 0.0
eval/ep_len_max : 1000
eval/ep_len_min : 1000
step : 535000
eval_return : 3522.3093
eval_ep_len : 1000.0
eval/return_std : 43.08257
eval/return_max : 3564.4526
eval/return_min : 3409.8945
eval/ep_len_std : 0.0
eval/ep_len_max : 1000
eval/ep_len_min : 1000
step : 540000
eval_return : 3517.252
eval_ep_len : 1000.0
eval/return_std : 68.61587
eval/return_max : 3626.6633
eval/return_min : 3396.9448
eval/ep_len_std : 0.0
eval/ep_len_max : 1000
eval/ep_len_min : 1000
step : 545000
eval_return : 3475.8794
eval_ep_len : 1000.0
eval/return_std : 74.560356
eval/return_max : 3570.3787
eval/return_min : 3321.7878
eval/ep_len_std : 0.0
eval/ep_len_max : 1000
eval/ep_len_min : 1000
step : 550000
eval_return : 3280.295
eval_ep_len : 1000.0
eval/return_std : 553.63776
eval/return_max : 3579.678
eval/return_min : 1644.0178
eval/ep_len_std : 0.0
eval/ep_len_max : 1000
eval/ep_len_min : 1000
step : 555000
eval_return : 3514.72
eval_ep_len : 1000.0
eval/return_std : 71.71083
eval/return_max : 3618.3176
eval/return_min : 3376.4678
eval/ep_len_std : 0.0
eval/ep_len_max : 1000
eval/ep_len_min : 1000
step : 560000
eval_return : 3421.1704
eval_ep_len : 1000.0
eval/return_std : 59.897133
eval/return_max : 3543.7957
eval/return_min : 3334.304
eval/ep_len_std : 0.0
eval/ep_len_max : 1000
eval/ep_len_min : 1000
step : 565000
eval_return : 2973.3225
eval_ep_len : 1000.0
eval/return_std : 744.3223
eval/return_max : 3549.8801
eval/return_min : 1270.8601
eval/ep_len_std : 0.0
eval/ep_len_max : 1000
eval/ep_len_min : 1000
step : 570000
eval_return : 3198.392
eval_ep_len : 1000.0
eval/return_std : 776.37
eval/return_max : 3627.2637
eval/return_min : 884.6671
eval/ep_len_std : 0.0
eval/ep_len_max : 1000
eval/ep_len_min : 1000
step : 575000
eval_return : 3201.0063
eval_ep_len : 1000.0
eval/return_std : 600.27106
eval/return_max : 3533.305
eval/return_min : 1430.6707
eval/ep_len_std : 0.0
eval/ep_len_max : 1000
eval/ep_len_min : 1000
step : 580000
eval_return : 3382.1418
eval_ep_len : 1000.0
eval/return_std : 92.47212
eval/return_max : 3543.6472
eval/return_min : 3199.7578
eval/ep_len_std : 0.0
eval/ep_len_max : 1000
eval/ep_len_min : 1000
step : 585000
eval_return : 3598.9128
eval_ep_len : 1000.0
eval/return_std : 52.472622
eval/return_max : 3703.5598
eval/return_min : 3514.6294
eval/ep_len_std : 0.0
eval/ep_len_max : 1000
eval/ep_len_min : 1000
step : 590000
eval_return : 3606.8003
eval_ep_len : 1000.0
eval/return_std : 64.99019
eval/return_max : 3696.5615
eval/return_min : 3490.3213
eval/ep_len_std : 0.0
eval/ep_len_max : 1000
eval/ep_len_min : 1000
step : 595000
eval_return : 3566.7368
eval_ep_len : 1000.0
eval/return_std : 95.59814
eval/return_max : 3681.8347
eval/return_min : 3305.3896
eval/ep_len_std : 0.0
eval/ep_len_max : 1000
eval/ep_len_min : 1000
step : 600000
eval_return : 3613.8352
eval_ep_len : 1000.0
eval/return_std : 65.04378
eval/return_max : 3696.8796
eval/return_min : 3475.382
eval/ep_len_std : 0.0
eval/ep_len_max : 1000
eval/ep_len_min : 1000
step : 605000
  eval_return : 3547.3179
eval_ep_len : 1000.0
eval/return_std : 63.642418
eval/return_max : 3630.12
eval/return_min : 3451.1462
eval/ep_len_std : 0.0
eval/ep_len_max : 1000
eval/ep_len_min : 1000
step : 610000
eval_return : 3369.7039
eval_ep_len : 1000.0
eval/return_std : 648.0663
eval/return_max : 3789.5122
eval/return_min : 1463.2423
eval/ep_len_std : 0.0
eval/ep_len_max : 1000
eval/ep_len_min : 1000
step : 615000
eval_return : 3374.979
eval_ep_len : 1000.0
eval/return_std : 425.8162
eval/return_max : 3579.838
eval/return_min : 2106.5767
eval/ep_len_std : 0.0
eval/ep_len_max : 1000
eval/ep_len_min : 1000
step : 620000
eval_return : 3089.7605
eval_ep_len : 1000.0
eval/return_std : 902.4697
eval/return_max : 3651.4067
eval/return_min : 1089.1517
eval/ep_len_std : 0.0
eval/ep_len_max : 1000
eval/ep_len_min : 1000
step : 625000
eval_return : 2673.5337
eval_ep_len : 1000.0
eval/return_std : 736.12524
eval/return_max : 3437.051
eval/return_min : 1081.4814
eval/ep_len_std : 0.0
eval/ep_len_max : 1000
eval/ep_len_min : 1000
step : 630000
eval_return : 3222.8442
eval_ep_len : 1000.0
eval/return_std : 564.99335
eval/return_max : 3696.4907
eval/return_min : 1980.8224
eval/ep_len_std : 0.0
eval/ep_len_max : 1000
eval/ep_len_min : 1000
step : 635000
eval_return : 3720.1372
eval_ep_len : 1000.0
eval/return_std : 84.94737
eval/return_max : 3815.469
eval/return_min : 3566.7112
eval/ep_len_std : 0.0
eval/ep_len_max : 1000
eval/ep_len_min : 1000
step : 640000
eval_return : 3547.0405
eval_ep_len : 1000.0
eval/return_std : 61.794987
eval/return_max : 3614.7498
eval/return_min : 3428.1848
eval/ep_len_std : 0.0
eval/ep_len_max : 1000
eval/ep_len_min : 1000
step : 645000
eval_return : 3541.4246
eval_ep_len : 1000.0
eval/return_std : 262.8813
eval/return_max : 3689.4312
eval/return_min : 2764.9292
eval/ep_len_std : 0.0
eval/ep_len_max : 1000
eval/ep_len_min : 1000
step : 650000
eval_return : 3714.1296
eval_ep_len : 1000.0
eval/return_std : 40.391216
eval/return_max : 3761.6587
eval/return_min : 3618.7478
eval/ep_len_std : 0.0
eval/ep_len_max : 1000
eval/ep_len_min : 1000
step : 655000
eval_return : 3712.7163
eval_ep_len : 1000.0
eval/return_std : 34.87909
eval/return_max : 3768.8906
eval/return_min : 3648.9785
eval/ep_len_std : 0.0
eval/ep_len_max : 1000
eval/ep_len_min : 1000
step : 660000
eval_return : 3497.4038
eval_ep_len : 1000.0
eval/return_std : 489.08865
eval/return_max : 3801.8787
eval/return_min : 2097.7878
eval/ep_len_std : 0.0
eval/ep_len_max : 1000
eval/ep_len_min : 1000
step : 665000
eval_return : 3121.8345
eval_ep_len : 1000.0
eval/return_std : 771.80853
eval/return_max : 3639.4023
eval/return_min : 1436.7599
eval/ep_len_std : 0.0
eval/ep_len_max : 1000
eval/ep_len_min : 1000
step : 670000
eval_return : 3580.6
eval_ep_len : 1000.0
eval/return_std : 417.38388
eval/return_max : 3824.302
eval/return_min : 2343.9019
eval/ep_len_std : 0.0
eval/ep_len_max : 1000
eval/ep_len_min : 1000
step : 675000
eval_return : 3741.0742
eval_ep_len : 1000.0
eval/return_std : 55.802788
eval/return_max : 3798.68
eval/return_min : 3589.4504
eval/ep_len_std : 0.0
eval/ep_len_max : 1000
eval/ep_len_min : 1000
step : 680000
eval_return : 3579.7942
eval_ep_len : 1000.0
eval/return_std : 308.88336
eval/return_max : 3780.7737
eval/return_min : 2674.9255
eval/ep_len_std : 0.0
eval/ep_len_max : 1000
eval/ep_len_min : 1000
step : 685000
eval_return : 3249.7944
eval_ep_len : 1000.0
eval/return_std : 524.6387
eval/return_max : 3612.014
eval/return_min : 1908.1533
eval/ep_len_std : 0.0
eval/ep_len_max : 1000
eval/ep_len_min : 1000
step : 690000
eval_return : 3495.6492
eval_ep_len : 1000.0
eval/return_std : 485.5373
eval/return_max : 3736.1182
eval/return_min : 2047.4109
eval/ep_len_std : 0.0
eval/ep_len_max : 1000
eval/ep_len_min : 1000
step : 695000
eval_return : 3689.3032
eval_ep_len : 1000.0
eval/return_std : 47.141144
eval/return_max : 3753.4277
eval/return_min : 3609.6199
eval/ep_len_std : 0.0
eval/ep_len_max : 1000
eval/ep_len_min : 1000
step : 700000
eval_return : 3750.4714
eval_ep_len : 1000.0
eval/return_std : 79.13926
eval/return_max : 3846.0676
eval/return_min : 3565.2837
eval/ep_len_std : 0.0
eval/ep_len_max : 1000
eval/ep_len_min : 1000
step : 705000
eval_return : 3767.0767
eval_ep_len : 1000.0
eval/return_std : 71.213585
eval/return_max : 3875.6301
eval/return_min : 3651.0684
eval/ep_len_std : 0.0
eval/ep_len_max : 1000
eval/ep_len_min : 1000
step : 710000
eval_return : 3730.5728
eval_ep_len : 1000.0
eval/return_std : 105.65735
eval/return_max : 3891.1372
eval/return_min : 3545.1653
eval/ep_len_std : 0.0
eval/ep_len_max : 1000
eval/ep_len_min : 1000
step : 715000
eval_return : 3818.407
eval_ep_len : 1000.0
eval/return_std : 35.056667
eval/return_max : 3876.1318
eval/return_min : 3753.971
eval/ep_len_std : 0.0
eval/ep_len_max : 1000
eval/ep_len_min : 1000
step : 720000
eval_return : 3766.4226
eval_ep_len : 1000.0
eval/return_std : 105.244
eval/return_max : 3873.3743
eval/return_min : 3524.9075
eval/ep_len_std : 0.0
eval/ep_len_max : 1000
eval/ep_len_min : 1000
step : 725000
eval_return : 3157.39
eval_ep_len : 1000.0
eval/return_std : 1079.0642
eval/return_max : 3916.047
eval/return_min : 922.1172
eval/ep_len_std : 0.0
eval/ep_len_max : 1000
eval/ep_len_min : 1000
step : 730000
eval_return : 3004.116
eval_ep_len : 1000.0
eval/return_std : 971.3541
eval/return_max : 3882.8816
eval/return_min : 981.75885
eval/ep_len_std : 0.0
eval/ep_len_max : 1000
eval/ep_len_min : 1000
step : 735000
eval_return : 3800.6184
eval_ep_len : 1000.0
eval/return_std : 113.52307
eval/return_max : 3925.832
eval/return_min : 3516.2498
eval/ep_len_std : 0.0
eval/ep_len_max : 1000
eval/ep_len_min : 1000
step : 740000
eval_return : 3765.8164
eval_ep_len : 1000.0
eval/return_std : 85.29727
eval/return_max : 3873.2078
eval/return_min : 3545.7722
eval/ep_len_std : 0.0
eval/ep_len_max : 1000
eval/ep_len_min : 1000
step : 745000
eval_return : 3325.8325
eval_ep_len : 1000.0
eval/return_std : 681.12616
eval/return_max : 3900.3638
eval/return_min : 2193.9417
eval/ep_len_std : 0.0
eval/ep_len_max : 1000
eval/ep_len_min : 1000
step : 750000
eval_return : 1725.9252
eval_ep_len : 1000.0
eval/return_std : 527.302
eval/return_max : 2630.0056
eval/return_min : 1156.9576
eval/ep_len_std : 0.0
eval/ep_len_max : 1000
eval/ep_len_min : 1000
step : 755000
eval_return : 3675.8938
eval_ep_len : 1000.0
eval/return_std : 77.14125
eval/return_max : 3761.5176
eval/return_min : 3509.3467
eval/ep_len_std : 0.0
eval/ep_len_max : 1000
eval/ep_len_min : 1000
step : 760000
eval_return : 3837.9062
eval_ep_len : 1000.0
eval/return_std : 59.244698
eval/return_max : 3973.7654
eval/return_min : 3759.6746
eval/ep_len_std : 0.0
eval/ep_len_max : 1000
eval/ep_len_min : 1000
step : 765000
eval_return : 3841.873
eval_ep_len : 1000.0
eval/return_std : 48.79839
eval/return_max : 3899.764
eval/return_min : 3748.2395
eval/ep_len_std : 0.0
eval/ep_len_max : 1000
eval/ep_len_min : 1000
step : 770000
eval_return : 3836.6484
eval_ep_len : 1000.0
eval/return_std : 49.219982
eval/return_max : 3884.515
eval/return_min : 3719.7546
eval/ep_len_std : 0.0
eval/ep_len_max : 1000
eval/ep_len_min : 1000
step : 775000
eval_return : 3728.071
eval_ep_len : 1000.0
eval/return_std : 142.24353
eval/return_max : 3873.7388
eval/return_min : 3364.2761
eval/ep_len_std : 0.0
eval/ep_len_max : 1000
eval/ep_len_min : 1000
step : 780000
eval_return : 3861.6118
eval_ep_len : 1000.0
eval/return_std : 54.81328
eval/return_max : 3956.2886
eval/return_min : 3765.628
eval/ep_len_std : 0.0
eval/ep_len_max : 1000
eval/ep_len_min : 1000
step : 785000
eval_return : 3689.6914
eval_ep_len : 1000.0
eval/return_std : 66.2166
eval/return_max : 3819.638
eval/return_min : 3571.313
eval/ep_len_std : 0.0
eval/ep_len_max : 1000
eval/ep_len_min : 1000
step : 790000
eval_return : 3599.7578
eval_ep_len : 1000.0
eval/return_std : 99.50016
eval/return_max : 3830.21
eval/return_min : 3480.4302
eval/ep_len_std : 0.0
eval/ep_len_max : 1000
eval/ep_len_min : 1000
step : 795000
eval_return : 3739.6921
eval_ep_len : 1000.0
eval/return_std : 135.52625
eval/return_max : 3881.5005
eval/return_min : 3487.5286
eval/ep_len_std : 0.0
eval/ep_len_max : 1000
eval/ep_len_min : 1000
step : 800000
eval_return : 3790.6765
eval_ep_len : 1000.0
eval/return_std : 91.59746
eval/return_max : 3922.5813
eval/return_min : 3646.7415
eval/ep_len_std : 0.0
eval/ep_len_max : 1000
eval/ep_len_min : 1000
step : 805000
eval_return : 3923.3855
eval_ep_len : 1000.0
eval/return_std : 46.566936
eval/return_max : 4007.9875
eval/return_min : 3813.0212
eval/ep_len_std : 0.0
eval/ep_len_max : 1000
eval/ep_len_min : 1000
step : 810000
eval_return : 3756.166
eval_ep_len : 1000.0
eval/return_std : 392.80984
eval/return_max : 4002.4407
eval/return_min : 2599.1838
eval/ep_len_std : 0.0
eval/ep_len_max : 1000
eval/ep_len_min : 1000
step : 815000
eval_return : 3865.136
eval_ep_len : 1000.0
eval/return_std : 71.109215
eval/return_max : 4054.0508
eval/return_min : 3789.1611
eval/ep_len_std : 0.0
eval/ep_len_max : 1000
eval/ep_len_min : 1000
step : 820000
eval_return : 2967.7173
eval_ep_len : 1000.0
eval/return_std : 1008.43835
eval/return_max : 3797.3528
eval/return_min : 975.87524
eval/ep_len_std : 0.0
eval/ep_len_max : 1000
eval/ep_len_min : 1000
step : 825000
eval_return : 3897.196
eval_ep_len : 1000.0
eval/return_std : 39.06684
eval/return_max : 3993.3308
eval/return_min : 3835.1807
eval/ep_len_std : 0.0
eval/ep_len_max : 1000
eval/ep_len_min : 1000
step : 830000
eval_return : 3679.798
eval_ep_len : 1000.0
eval/return_std : 136.25851
eval/return_max : 3830.3108
eval/return_min : 3317.3103
eval/ep_len_std : 0.0
eval/ep_len_max : 1000
eval/ep_len_min : 1000
step : 835000
eval_return : 2181.5232
eval_ep_len : 1000.0
eval/return_std : 926.50116
eval/return_max : 3705.186
eval/return_min : 786.6924
eval/ep_len_std : 0.0
eval/ep_len_max : 1000
eval/ep_len_min : 1000
step : 840000
eval_return : 3444.373
eval_ep_len : 1000.0
eval/return_std : 759.81525
eval/return_max : 3967.017
eval/return_min : 1443.5648
eval/ep_len_std : 0.0
eval/ep_len_max : 1000
eval/ep_len_min : 1000
step : 845000
eval_return : 3754.727
eval_ep_len : 1000.0
eval/return_std : 95.37698
eval/return_max : 3941.1736
eval/return_min : 3565.3447
eval/ep_len_std : 0.0
eval/ep_len_max : 1000
eval/ep_len_min : 1000
step : 850000
eval_return : 3908.0046
eval_ep_len : 1000.0
eval/return_std : 70.46597
eval/return_max : 3983.568
eval/return_min : 3776.9739
eval/ep_len_std : 0.0
eval/ep_len_max : 1000
eval/ep_len_min : 1000
step : 855000
eval_return : 2968.4868
eval_ep_len : 1000.0
eval/return_std : 1045.0496
eval/return_max : 3855.492
eval/return_min : 978.9734
eval/ep_len_std : 0.0
eval/ep_len_max : 1000
eval/ep_len_min : 1000
step : 860000
eval_return : 3939.855
eval_ep_len : 1000.0
eval/return_std : 94.05863
eval/return_max : 4072.7002
eval/return_min : 3813.0188
eval/ep_len_std : 0.0
eval/ep_len_max : 1000
eval/ep_len_min : 1000
step : 865000
eval_return : 3120.554
eval_ep_len : 1000.0
eval/return_std : 1018.6364
eval/return_max : 3978.9236
eval/return_min : 1072.9558
eval/ep_len_std : 0.0
eval/ep_len_max : 1000
eval/ep_len_min : 1000
step : 870000
eval_return : 3970.7754
eval_ep_len : 1000.0
eval/return_std : 43.221287
eval/return_max : 4050.9514
eval/return_min : 3882.6526
eval/ep_len_std : 0.0
eval/ep_len_max : 1000
eval/ep_len_min : 1000
step : 875000
eval_return : 3738.9617
eval_ep_len : 1000.0
eval/return_std : 391.90643
eval/return_max : 4008.546
eval/return_min : 2885.5322
eval/ep_len_std : 0.0
eval/ep_len_max : 1000
eval/ep_len_min : 1000
step : 880000
eval_return : 3935.4512
eval_ep_len : 1000.0
eval/return_std : 121.79864
eval/return_max : 4123.3477
eval/return_min : 3727.9778
eval/ep_len_std : 0.0
eval/ep_len_max : 1000
eval/ep_len_min : 1000
step : 885000
eval_return : 3919.767
eval_ep_len : 1000.0
eval/return_std : 62.8956
eval/return_max : 3990.5625
eval/return_min : 3776.7322
eval/ep_len_std : 0.0
eval/ep_len_max : 1000
eval/ep_len_min : 1000
step : 890000
eval_return : 3856.9097
eval_ep_len : 1000.0
eval/return_std : 78.906525
eval/return_max : 3982.3027
eval/return_min : 3703.2808
eval/ep_len_std : 0.0
eval/ep_len_max : 1000
eval/ep_len_min : 1000
step : 895000
eval_return : 3452.0688
eval_ep_len : 1000.0
eval/return_std : 495.29684
eval/return_max : 3907.721
eval/return_min : 2554.796
eval/ep_len_std : 0.0
eval/ep_len_max : 1000
eval/ep_len_min : 1000
step : 900000
eval_return : 3474.599
eval_ep_len : 1000.0
eval/return_std : 702.0254
eval/return_max : 3971.3875
eval/return_min : 2030.2264
eval/ep_len_std : 0.0
eval/ep_len_max : 1000
eval/ep_len_min : 1000
step : 905000
eval_return : 2826.396
eval_ep_len : 1000.0
eval/return_std : 924.799
eval/return_max : 3794.672
eval/return_min : 1102.592
eval/ep_len_std : 0.0
eval/ep_len_max : 1000
eval/ep_len_min : 1000
step : 910000
eval_return : 3822.2148
eval_ep_len : 1000.0
eval/return_std : 165.44077
eval/return_max : 3973.814
eval/return_min : 3368.3108
eval/ep_len_std : 0.0
eval/ep_len_max : 1000
eval/ep_len_min : 1000
step : 915000
eval_return : 3914.4526
eval_ep_len : 1000.0
eval/return_std : 84.939415
eval/return_max : 4004.0767
eval/return_min : 3726.7417
eval/ep_len_std : 0.0
eval/ep_len_max : 1000
eval/ep_len_min : 1000
step : 920000
eval_return : 3648.2292
eval_ep_len : 1000.0
eval/return_std : 417.3957
eval/return_max : 3889.5286
eval/return_min : 2416.5422
eval/ep_len_std : 0.0
eval/ep_len_max : 1000
eval/ep_len_min : 1000
step : 925000
eval_return : 3899.7
eval_ep_len : 1000.0
eval/return_std : 68.27676
eval/return_max : 4009.4172
eval/return_min : 3792.9023
eval/ep_len_std : 0.0
eval/ep_len_max : 1000
eval/ep_len_min : 1000
step : 930000
eval_return : 3876.349
eval_ep_len : 1000.0
eval/return_std : 62.348835
eval/return_max : 3970.335
eval/return_min : 3770.4463
eval/ep_len_std : 0.0
eval/ep_len_max : 1000
eval/ep_len_min : 1000
step : 935000
eval_return : 3519.9487
eval_ep_len : 1000.0
eval/return_std : 553.7575
eval/return_max : 3834.321
eval/return_min : 1899.7933
eval/ep_len_std : 0.0
eval/ep_len_max : 1000
eval/ep_len_min : 1000
step : 940000
eval_return : 3896.4778
eval_ep_len : 1000.0
eval/return_std : 53.4418
eval/return_max : 3989.7783
eval/return_min : 3803.0012
eval/ep_len_std : 0.0
eval/ep_len_max : 1000
eval/ep_len_min : 1000
step : 945000
eval_return : 3916.3665
eval_ep_len : 1000.0
eval/return_std : 77.74781
eval/return_max : 4024.457
eval/return_min : 3787.5818
eval/ep_len_std : 0.0
eval/ep_len_max : 1000
eval/ep_len_min : 1000
step : 950000
eval_return : 3250.1763
eval_ep_len : 1000.0
eval/return_std : 903.7955
eval/return_max : 3977.9163
eval/return_min : 1147.3582
eval/ep_len_std : 0.0
eval/ep_len_max : 1000
eval/ep_len_min : 1000
step : 955000
eval_return : 3427.5923
eval_ep_len : 1000.0
eval/return_std : 891.53973
eval/return_max : 3894.4563
eval/return_min : 998.4656
eval/ep_len_std : 0.0
eval/ep_len_max : 1000
eval/ep_len_min : 1000
step : 960000
eval_return : 3947.9094
eval_ep_len : 1000.0
eval/return_std : 57.035603
eval/return_max : 4025.6836
eval/return_min : 3858.6106
eval/ep_len_std : 0.0
eval/ep_len_max : 1000
eval/ep_len_min : 1000
step : 965000
eval_return : 3391.032
eval_ep_len : 1000.0
eval/return_std : 813.7786
eval/return_max : 3943.8928
eval/return_min : 1561.1097
eval/ep_len_std : 0.0
eval/ep_len_max : 1000
eval/ep_len_min : 1000
step : 970000
eval_return : 3349.7703
eval_ep_len : 1000.0
eval/return_std : 862.3642
eval/return_max : 4060.8682
eval/return_min : 1715.6293
eval/ep_len_std : 0.0
eval/ep_len_max : 1000
eval/ep_len_min : 1000
step : 975000
eval_return : 4004.864
eval_ep_len : 1000.0
eval/return_std : 67.319565
eval/return_max : 4120.149
eval/return_min : 3900.8376
eval/ep_len_std : 0.0
eval/ep_len_max : 1000
eval/ep_len_min : 1000
step : 980000
eval_return : 3694.1147
eval_ep_len : 1000.0
eval/return_std : 207.49985
eval/return_max : 3925.7937
eval/return_min : 3164.922
eval/ep_len_std : 0.0
eval/ep_len_max : 1000
eval/ep_len_min : 1000
step : 985000
eval_return : 3940.9382
eval_ep_len : 1000.0
eval/return_std : 79.35332
eval/return_max : 4055.9446
eval/return_min : 3841.9575
eval/ep_len_std : 0.0
eval/ep_len_max : 1000
eval/ep_len_min : 1000
step : 990000
eval_return : 3972.263
eval_ep_len : 1000.0
eval/return_std : 41.936512
eval/return_max : 4052.381
eval/return_min : 3921.0068
eval/ep_len_std : 0.0
eval/ep_len_max : 1000
eval/ep_len_min : 1000
step : 995000
eval_return : 3721.7075
eval_ep_len : 1000.0
eval/return_std : 510.26517
eval/return_max : 4024.4058
eval/return_min : 2242.0571
eval/ep_len_std : 0.0
eval/ep_len_max : 1000
eval/ep_len_min : 1000
