(CS285) root@n06:~/CS285_homework/hw5# remind bash 4.1.sh 
########################
logging outputs to  /root/CS285_homework/hw5/cs285/scripts/../../data/hw5_offline_PointmassEasy-v0_cql0.1_22-06-2024_21-12-48
########################
Using GPU id 0
/opt/conda/envs/CS285/lib/python3.10/site-packages/gym/spaces/box.py:128: UserWarning: WARN: Box bound precision lowered by casting to float64
  logger.warn(f"Box bound precision lowered by casting to {self.dtype}")
/opt/conda/envs/CS285/lib/python3.10/site-packages/gym/core.py:317: DeprecationWarning: WARN: Initializing wrapper in old step API which returns one bool instead of two. It is recommended to set `new_step_api=True` to use new step API. This will be the default behaviour in future.
  deprecation(
/opt/conda/envs/CS285/lib/python3.10/site-packages/gym/wrappers/step_api_compatibility.py:39: DeprecationWarning: WARN: Initializing environment in old step API which returns one bool instead of two. It is recommended to set `new_step_api=True` to use new step API. This will be the default behaviour in future.
  deprecation(
  0%|                                                                                                                                              | 0/100000 [00:00<?, ?it/s]/opt/conda/envs/CS285/lib/python3.10/site-packages/tensorboardX/summary.py:153: DeprecationWarning: Conversion of an array with ndim > 0 to a scalar is deprecated, and will error in future. Ensure you extract a single element from your array before performing this operation. (Deprecated NumPy 1.25.)
  scalar = float(scalar)
/opt/conda/envs/CS285/lib/python3.10/site-packages/gym/utils/passive_env_checker.py:190: UserWarning: WARN: Future gym versions will require that `Env.reset` can be passed `return_info` to return information from the environment resetting.
  logger.warn(
/opt/conda/envs/CS285/lib/python3.10/site-packages/gym/utils/passive_env_checker.py:195: UserWarning: WARN: Future gym versions will require that `Env.reset` can be passed `options` to allow the environment initialisation to be passed additional information.
  logger.warn(
/opt/conda/envs/CS285/lib/python3.10/site-packages/gym/utils/passive_env_checker.py:227: DeprecationWarning: WARN: Core environment is written in old step API which returns one bool instead of two. It is recommended to rewrite the environment with new step API. 
  logger.deprecation(
/opt/conda/envs/CS285/lib/python3.10/site-packages/gym/utils/passive_env_checker.py:233: DeprecationWarning: `np.bool8` is a deprecated alias for `np.bool_`.  (Deprecated NumPy 1.24)
  if not isinstance(done, (bool, np.bool8)):
/opt/conda/envs/CS285/lib/python3.10/site-packages/tensorboardX/summary.py:330: DeprecationWarning: ANTIALIAS is deprecated and will be removed in Pillow 10 (2023-07-01). Use LANCZOS or Resampling.LANCZOS instead.
  image = image.resize((scaled_width, scaled_height), Image.ANTIALIAS)
 53%|███████████████████████████████████████████████████▍                                              | 52531/100000 [03:17<02:53, 273.20it/s]100%|████████████████████████████████████████████████████████████████████████████████████████████████████████████████████████████████| 100000/100000 [06:13<00:00, 267.51it/s]
########################
logging outputs to  /root/CS285_homework/hw5/cs285/scripts/../../data/hw5_offline_pointmass_easy_dqn_PointmassEasy-v0_s64_l2_d0.95_doubleq_22-06-2024_21-19-05
########################
Using GPU id 0
/opt/conda/envs/CS285/lib/python3.10/site-packages/gym/spaces/box.py:128: UserWarning: WARN: Box bound precision lowered by casting to float64
  logger.warn(f"Box bound precision lowered by casting to {self.dtype}")
/opt/conda/envs/CS285/lib/python3.10/site-packages/gym/core.py:317: DeprecationWarning: WARN: Initializing wrapper in old step API which returns one bool instead of two. It is recommended to set `new_step_api=True` to use new step API. This will be the default behaviour in future.
  deprecation(
/opt/conda/envs/CS285/lib/python3.10/site-packages/gym/wrappers/step_api_compatibility.py:39: DeprecationWarning: WARN: Initializing environment in old step API which returns one bool instead of two. It is recommended to set `new_step_api=True` to use new step API. This will be the default behaviour in future.
  deprecation(
  0%|                                                                                                                                              | 0/100000 [00:00<?, ?it/s]/opt/conda/envs/CS285/lib/python3.10/site-packages/tensorboardX/summary.py:153: DeprecationWarning: Conversion of an array with ndim > 0 to a scalar is deprecated, and will error in future. Ensure you extract a single element from your array before performing this operation. (Deprecated NumPy 1.25.)
  scalar = float(scalar)
/opt/conda/envs/CS285/lib/python3.10/site-packages/gym/utils/passive_env_checker.py:190: UserWarning: WARN: Future gym versions will require that `Env.reset` can be passed `return_info` to return information from the environment resetting.
  logger.warn(
/opt/conda/envs/CS285/lib/python3.10/site-packages/gym/utils/passive_env_checker.py:195: UserWarning: WARN: Future gym versions will require that `Env.reset` can be passed `options` to allow the environment initialisation to be passed additional information.
  logger.warn(
/opt/conda/envs/CS285/lib/python3.10/site-packages/gym/utils/passive_env_checker.py:227: DeprecationWarning: WARN: Core environment is written in old step API which returns one bool instead of two. It is recommended to rewrite the environment with new step API. 
  logger.deprecation(
/opt/conda/envs/CS285/lib/python3.10/site-packages/gym/utils/passive_env_checker.py:233: DeprecationWarning: `np.bool8` is a deprecated alias for `np.bool_`.  (Deprecated NumPy 1.24)
  if not isinstance(done, (bool, np.bool8)):
/opt/conda/envs/CS285/lib/python3.10/site-packages/tensorboardX/summary.py:330: DeprecationWarning: ANTIALIAS is deprecated and will be removed in Pillow 10 (2023-07-01). Use LANCZOS or Resampling.LANCZOS instead.
  image = image.resize((scaled_width, scaled_height), Image.ANTIALIAS)
100%|████████████████████████████████████████████████████████████████████████████████████████████████████████████████████████████████| 100000/100000 [05:45<00:00, 289.64it/s]
########################
logging outputs to  /root/CS285_homework/hw5/cs285/scripts/../../data/hw5_offline_PointmassMedium-v0_cql0.1_22-06-2024_21-24-54
########################
Using GPU id 0
/opt/conda/envs/CS285/lib/python3.10/site-packages/gym/spaces/box.py:128: UserWarning: WARN: Box bound precision lowered by casting to float64
  logger.warn(f"Box bound precision lowered by casting to {self.dtype}")
/opt/conda/envs/CS285/lib/python3.10/site-packages/gym/core.py:317: DeprecationWarning: WARN: Initializing wrapper in old step API which returns one bool instead of two. It is recommended to set `new_step_api=True` to use new step API. This will be the default behaviour in future.
  deprecation(
/opt/conda/envs/CS285/lib/python3.10/site-packages/gym/wrappers/step_api_compatibility.py:39: DeprecationWarning: WARN: Initializing environment in old step API which returns one bool instead of two. It is recommended to set `new_step_api=True` to use new step API. This will be the default behaviour in future.
  deprecation(
  0%|                                                                                                                                              | 0/100000 [00:00<?, ?it/s]/opt/conda/envs/CS285/lib/python3.10/site-packages/tensorboardX/summary.py:153: DeprecationWarning: Conversion of an array with ndim > 0 to a scalar is deprecated, and will error in future. Ensure you extract a single element from your array before performing this operation. (Deprecated NumPy 1.25.)
  scalar = float(scalar)
/opt/conda/envs/CS285/lib/python3.10/site-packages/gym/utils/passive_env_checker.py:190: UserWarning: WARN: Future gym versions will require that `Env.reset` can be passed `return_info` to return information from the environment resetting.
  logger.warn(
/opt/conda/envs/CS285/lib/python3.10/site-packages/gym/utils/passive_env_checker.py:195: UserWarning: WARN: Future gym versions will require that `Env.reset` can be passed `options` to allow the environment initialisation to be passed additional information.
  logger.warn(
/opt/conda/envs/CS285/lib/python3.10/site-packages/gym/utils/passive_env_checker.py:227: DeprecationWarning: WARN: Core environment is written in old step API which returns one bool instead of two. It is recommended to rewrite the environment with new step API. 
  logger.deprecation(
/opt/conda/envs/CS285/lib/python3.10/site-packages/gym/utils/passive_env_checker.py:233: DeprecationWarning: `np.bool8` is a deprecated alias for `np.bool_`.  (Deprecated NumPy 1.24)
  if not isinstance(done, (bool, np.bool8)):
/opt/conda/envs/CS285/lib/python3.10/site-packages/tensorboardX/summary.py:330: DeprecationWarning: ANTIALIAS is deprecated and will be removed in Pillow 10 (2023-07-01). Use LANCZOS or Resampling.LANCZOS instead.
  image = image.resize((scaled_width, scaled_height), Image.ANTIALIAS)
100%|████████████████████████████████████████████████████████████████████████████████████████████████████████████████████████████████| 100000/100000 [06:22<00:00, 261.32it/s]
########################
logging outputs to  /root/CS285_homework/hw5/cs285/scripts/../../data/hw5_offline_pointmass_medium_dqn_PointmassMedium-v0_s64_l2_d0.95_doubleq_22-06-2024_21-31-20
########################
Using GPU id 0
/opt/conda/envs/CS285/lib/python3.10/site-packages/gym/spaces/box.py:128: UserWarning: WARN: Box bound precision lowered by casting to float64
  logger.warn(f"Box bound precision lowered by casting to {self.dtype}")
/opt/conda/envs/CS285/lib/python3.10/site-packages/gym/core.py:317: DeprecationWarning: WARN: Initializing wrapper in old step API which returns one bool instead of two. It is recommended to set `new_step_api=True` to use new step API. This will be the default behaviour in future.
  deprecation(
/opt/conda/envs/CS285/lib/python3.10/site-packages/gym/wrappers/step_api_compatibility.py:39: DeprecationWarning: WARN: Initializing environment in old step API which returns one bool instead of two. It is recommended to set `new_step_api=True` to use new step API. This will be the default behaviour in future.
  deprecation(
  0%|                                                                                                                                              | 0/100000 [00:00<?, ?it/s]/opt/conda/envs/CS285/lib/python3.10/site-packages/tensorboardX/summary.py:153: DeprecationWarning: Conversion of an array with ndim > 0 to a scalar is deprecated, and will error in future. Ensure you extract a single element from your array before performing this operation. (Deprecated NumPy 1.25.)
  scalar = float(scalar)
/opt/conda/envs/CS285/lib/python3.10/site-packages/gym/utils/passive_env_checker.py:190: UserWarning: WARN: Future gym versions will require that `Env.reset` can be passed `return_info` to return information from the environment resetting.
  logger.warn(
/opt/conda/envs/CS285/lib/python3.10/site-packages/gym/utils/passive_env_checker.py:195: UserWarning: WARN: Future gym versions will require that `Env.reset` can be passed `options` to allow the environment initialisation to be passed additional information.
  logger.warn(
/opt/conda/envs/CS285/lib/python3.10/site-packages/gym/utils/passive_env_checker.py:227: DeprecationWarning: WARN: Core environment is written in old step API which returns one bool instead of two. It is recommended to rewrite the environment with new step API. 
  logger.deprecation(
/opt/conda/envs/CS285/lib/python3.10/site-packages/gym/utils/passive_env_checker.py:233: DeprecationWarning: `np.bool8` is a deprecated alias for `np.bool_`.  (Deprecated NumPy 1.24)
  if not isinstance(done, (bool, np.bool8)):
/opt/conda/envs/CS285/lib/python3.10/site-packages/tensorboardX/summary.py:330: DeprecationWarning: ANTIALIAS is deprecated and will be removed in Pillow 10 (2023-07-01). Use LANCZOS or Resampling.LANCZOS instead.
  image = image.resize((scaled_width, scaled_height), Image.ANTIALIAS)
100%|████████████████████████████████████████████████████████████████████████████████████████████████████████████████████████████████| 100000/100000 [05:45<00:00, 289.06it/s]