Running 1 steps
########################
logging outputs to  /root/CS285_homework/hw5/cs285/scripts/../../data/hw5_explore_PointmassMedium-v0_rnd1.0_23-06-2024_12-44-24
########################

======================================================================
Exploration

Generating the dataset for the PointmassMedium-v0 environment using algorithm rnd.
The results will be stored in datasets_ablation.
======================================================================

Using GPU id 2
Saved dataset to datasets_ablation/pointmass_medium_rnd_step1000.pkl
Saved final heatmap to exploration_visualization/PointmassMedium-v0_rnd1.0.png
########################
logging outputs to  /root/CS285_homework/hw5/cs285/scripts/../../data/hw5_offline_PointmassMedium-v0_cql0.1_23-06-2024_12-44-36
########################
Using GPU id 2
Running 5 steps
########################
logging outputs to  /root/CS285_homework/hw5/cs285/scripts/../../data/hw5_explore_PointmassMedium-v0_rnd1.0_23-06-2024_12-51-25
########################

======================================================================
Exploration

Generating the dataset for the PointmassMedium-v0 environment using algorithm rnd.
The results will be stored in datasets_ablation.
======================================================================

Using GPU id 2
Saved dataset to datasets_ablation/pointmass_medium_rnd_step5000.pkl
Saved final heatmap to exploration_visualization/PointmassMedium-v0_rnd1.0.png
########################
logging outputs to  /root/CS285_homework/hw5/cs285/scripts/../../data/hw5_offline_PointmassMedium-v0_cql0.1_23-06-2024_12-52-05
########################
Using GPU id 2
Running 10 steps
########################
logging outputs to  /root/CS285_homework/hw5/cs285/scripts/../../data/hw5_explore_PointmassMedium-v0_rnd1.0_23-06-2024_12-58-57
########################

======================================================================
Exploration

Generating the dataset for the PointmassMedium-v0 environment using algorithm rnd.
The results will be stored in datasets_ablation.
======================================================================

Using GPU id 2
Saved dataset to datasets_ablation/pointmass_medium_rnd_step10000.pkl
Saved final heatmap to exploration_visualization/PointmassMedium-v0_rnd1.0.png
########################
logging outputs to  /root/CS285_homework/hw5/cs285/scripts/../../data/hw5_offline_PointmassMedium-v0_cql0.1_23-06-2024_13-00-11
########################
Using GPU id 2
Running 20 steps
########################
logging outputs to  /root/CS285_homework/hw5/cs285/scripts/../../data/hw5_explore_PointmassMedium-v0_rnd1.0_23-06-2024_13-06-50
########################

======================================================================
Exploration

Generating the dataset for the PointmassMedium-v0 environment using algorithm rnd.
The results will be stored in datasets_ablation.
======================================================================

Using GPU id 2
Saved dataset to datasets_ablation/pointmass_medium_rnd_step20000.pkl
Saved final heatmap to exploration_visualization/PointmassMedium-v0_rnd1.0.png
########################
logging outputs to  /root/CS285_homework/hw5/cs285/scripts/../../data/hw5_offline_PointmassMedium-v0_cql0.1_23-06-2024_13-09-14
########################
Using GPU id 2
